{"recorder_version":"11","session":"c3f56fbc129b","build":"191.8026.42.35.5791312","bucket":"43","time":1568663465207,"group":{"id":"performance","version":"11"},"event":{"count":1,"data":{"duration_ms":0,"created":1568663465207},"id":"ui.latency"}}
{"recorder_version":"11","session":"c3f56fbc129b","build":"191.8026.42.35.5791312","bucket":"43","time":1568663565279,"group":{"id":"performance","version":"11"},"event":{"count":1,"data":{"duration_ms":0,"created":1568663565279},"id":"ui.latency"}}
{"recorder_version":"11","session":"c3f56fbc129b","build":"191.8026.42.35.5791312","bucket":"43","time":1568663665336,"group":{"id":"performance","version":"11"},"event":{"count":1,"data":{"duration_ms":0,"created":1568663665336},"id":"ui.latency"}}
{"recorder_version":"11","session":"c3f56fbc129b","build":"191.8026.42.35.5791312","bucket":"43","time":1568663765405,"group":{"id":"performance","version":"11"},"event":{"count":1,"data":{"duration_ms":0,"created":1568663765405},"id":"ui.latency"}}
{"recorder_version":"11","session":"c3f56fbc129b","build":"191.8026.42.35.5791312","bucket":"43","time":1568663865475,"group":{"id":"performance","version":"11"},"event":{"count":1,"data":{"duration_ms":0,"created":1568663865475},"id":"ui.latency"}}
{"recorder_version":"11","session":"c3f56fbc129b","build":"191.8026.42.35.5791312","bucket":"43","time":1568663965543,"group":{"id":"performance","version":"11"},"event":{"count":1,"data":{"duration_ms":0,"created":1568663965543},"id":"ui.latency"}}
{"recorder_version":"11","session":"c3f56fbc129b","build":"191.8026.42.35.5791312","bucket":"43","time":1568664065613,"group":{"id":"performance","version":"11"},"event":{"count":1,"data":{"duration_ms":0,"created":1568664065613},"id":"ui.latency"}}
{"recorder_version":"11","session":"c3f56fbc129b","build":"191.8026.42.35.5791312","bucket":"43","time":1568664165725,"group":{"id":"performance","version":"11"},"event":{"count":1,"data":{"duration_ms":0,"created":1568664165725},"id":"ui.latency"}}
{"recorder_version":"11","session":"c3f56fbc129b","build":"191.8026.42.35.5791312","bucket":"43","time":1568664265805,"group":{"id":"performance","version":"11"},"event":{"count":1,"data":{"duration_ms":0,"created":1568664265805},"id":"ui.latency"}}
{"recorder_version":"11","session":"c3f56fbc129b","build":"191.8026.42.35.5791312","bucket":"43","time":1568664365896,"group":{"id":"performance","version":"11"},"event":{"count":1,"data":{"duration_ms":0,"created":1568664365896},"id":"ui.latency"}}
{"recorder_version":"11","session":"c3f56fbc129b","build":"191.8026.42.35.5791312","bucket":"43","time":1568664465987,"group":{"id":"performance","version":"11"},"event":{"count":1,"data":{"duration_ms":0,"created":1568664465987},"id":"ui.latency"}}
{"recorder_version":"11","session":"c3f56fbc129b","build":"191.8026.42.35.5791312","bucket":"43","time":1568664566072,"group":{"id":"performance","version":"11"},"event":{"count":1,"data":{"duration_ms":0,"created":1568664566072},"id":"ui.latency"}}
{"recorder_version":"11","session":"c3f56fbc129b","build":"191.8026.42.35.5791312","bucket":"43","time":1568664666133,"group":{"id":"performance","version":"11"},"event":{"count":1,"data":{"duration_ms":0,"created":1568664666133},"id":"ui.latency"}}
{"recorder_version":"11","session":"c3f56fbc129b","build":"191.8026.42.35.5791312","bucket":"43","time":1568664766217,"group":{"id":"performance","version":"11"},"event":{"count":1,"data":{"duration_ms":0,"created":1568664766217},"id":"ui.latency"}}
{"recorder_version":"11","session":"c3f56fbc129b","build":"191.8026.42.35.5791312","bucket":"43","time":1568664866281,"group":{"id":"performance","version":"11"},"event":{"count":1,"data":{"duration_ms":0,"created":1568664866281},"id":"ui.latency"}}
{"recorder_version":"11","session":"c3f56fbc129b","build":"191.8026.42.35.5791312","bucket":"43","time":1568664966344,"group":{"id":"performance","version":"11"},"event":{"count":1,"data":{"duration_ms":0,"created":1568664966344},"id":"ui.latency"}}
{"recorder_version":"11","session":"c3f56fbc129b","build":"191.8026.42.35.5791312","bucket":"43","time":1568665066423,"group":{"id":"performance","version":"11"},"event":{"count":1,"data":{"duration_ms":0,"created":1568665066423},"id":"ui.latency"}}
{"recorder_version":"11","session":"c3f56fbc129b","build":"191.8026.42.35.5791312","bucket":"43","time":1568665166548,"group":{"id":"performance","version":"11"},"event":{"count":1,"data":{"duration_ms":0,"created":1568665166548},"id":"ui.latency"}}
{"recorder_version":"11","session":"c3f56fbc129b","build":"191.8026.42.35.5791312","bucket":"43","time":1568665266627,"group":{"id":"performance","version":"11"},"event":{"count":1,"data":{"duration_ms":0,"created":1568665266627},"id":"ui.latency"}}
{"recorder_version":"11","session":"c3f56fbc129b","build":"191.8026.42.35.5791312","bucket":"43","time":1568665366697,"group":{"id":"performance","version":"11"},"event":{"count":1,"data":{"duration_ms":0,"created":1568665366697},"id":"ui.latency"}}
{"recorder_version":"11","session":"c3f56fbc129b","build":"191.8026.42.35.5791312","bucket":"43","time":1568665466755,"group":{"id":"performance","version":"11"},"event":{"count":1,"data":{"duration_ms":0,"created":1568665466755},"id":"ui.latency"}}
{"recorder_version":"11","session":"c3f56fbc129b","build":"191.8026.42.35.5791312","bucket":"43","time":1568665566813,"group":{"id":"performance","version":"11"},"event":{"count":1,"data":{"duration_ms":0,"created":1568665566813},"id":"ui.latency"}}
{"recorder_version":"11","session":"c3f56fbc129b","build":"191.8026.42.35.5791312","bucket":"43","time":1568665666878,"group":{"id":"performance","version":"11"},"event":{"count":1,"data":{"duration_ms":0,"created":1568665666878},"id":"ui.latency"}}
{"recorder_version":"11","session":"c3f56fbc129b","build":"191.8026.42.35.5791312","bucket":"43","time":1568665766942,"group":{"id":"performance","version":"11"},"event":{"count":1,"data":{"duration_ms":0,"created":1568665766942},"id":"ui.latency"}}
{"recorder_version":"11","session":"c3f56fbc129b","build":"191.8026.42.35.5791312","bucket":"43","time":1568665867012,"group":{"id":"performance","version":"11"},"event":{"count":1,"data":{"duration_ms":0,"created":1568665867012},"id":"ui.latency"}}
{"recorder_version":"11","session":"c3f56fbc129b","build":"191.8026.42.35.5791312","bucket":"43","time":1568665967081,"group":{"id":"performance","version":"11"},"event":{"count":1,"data":{"duration_ms":0,"created":1568665967081},"id":"ui.latency"}}
{"recorder_version":"11","session":"c3f56fbc129b","build":"191.8026.42.35.5791312","bucket":"43","time":1568666067168,"group":{"id":"performance","version":"11"},"event":{"count":1,"data":{"duration_ms":0,"created":1568666067168},"id":"ui.latency"}}
{"recorder_version":"11","session":"c3f56fbc129b","build":"191.8026.42.35.5791312","bucket":"43","time":1568666167234,"group":{"id":"performance","version":"11"},"event":{"count":1,"data":{"duration_ms":0,"created":1568666167234},"id":"ui.latency"}}
{"recorder_version":"11","session":"c3f56fbc129b","build":"191.8026.42.35.5791312","bucket":"43","time":1568666267297,"group":{"id":"performance","version":"11"},"event":{"count":1,"data":{"duration_ms":0,"created":1568666267297},"id":"ui.latency"}}
{"recorder_version":"11","session":"c3f56fbc129b","build":"191.8026.42.35.5791312","bucket":"43","time":1568666367351,"group":{"id":"performance","version":"11"},"event":{"count":1,"data":{"duration_ms":0,"created":1568666367351},"id":"ui.latency"}}
{"recorder_version":"11","session":"c3f56fbc129b","build":"191.8026.42.35.5791312","bucket":"43","time":1568666467428,"group":{"id":"performance","version":"11"},"event":{"count":1,"data":{"duration_ms":0,"created":1568666467428},"id":"ui.latency"}}
{"recorder_version":"11","session":"c3f56fbc129b","build":"191.8026.42.35.5791312","bucket":"43","time":1568666567492,"group":{"id":"performance","version":"11"},"event":{"count":1,"data":{"duration_ms":0,"created":1568666567492},"id":"ui.latency"}}
{"recorder_version":"11","session":"c3f56fbc129b","build":"191.8026.42.35.5791312","bucket":"43","time":1568666667546,"group":{"id":"performance","version":"11"},"event":{"count":1,"data":{"duration_ms":0,"created":1568666667546},"id":"ui.latency"}}
{"recorder_version":"11","session":"c3f56fbc129b","build":"191.8026.42.35.5791312","bucket":"43","time":1568666767606,"group":{"id":"performance","version":"11"},"event":{"count":1,"data":{"duration_ms":0,"created":1568666767606},"id":"ui.latency"}}
{"recorder_version":"11","session":"c3f56fbc129b","build":"191.8026.42.35.5791312","bucket":"43","time":1568666867666,"group":{"id":"performance","version":"11"},"event":{"count":1,"data":{"duration_ms":0,"created":1568666867666},"id":"ui.latency"}}
{"recorder_version":"11","session":"c3f56fbc129b","build":"191.8026.42.35.5791312","bucket":"43","time":1568666967732,"group":{"id":"performance","version":"11"},"event":{"count":1,"data":{"duration_ms":0,"created":1568666967732},"id":"ui.latency"}}
{"recorder_version":"11","session":"c3f56fbc129b","build":"191.8026.42.35.5791312","bucket":"43","time":1568667067793,"group":{"id":"performance","version":"11"},"event":{"count":1,"data":{"duration_ms":0,"created":1568667067793},"id":"ui.latency"}}
{"recorder_version":"11","session":"c3f56fbc129b","build":"191.8026.42.35.5791312","bucket":"43","time":1568667167851,"group":{"id":"performance","version":"11"},"event":{"count":1,"data":{"duration_ms":0,"created":1568667167851},"id":"ui.latency"}}
{"recorder_version":"11","session":"c3f56fbc129b","build":"191.8026.42.35.5791312","bucket":"43","time":1568667267923,"group":{"id":"performance","version":"11"},"event":{"count":1,"data":{"duration_ms":0,"created":1568667267923},"id":"ui.latency"}}
{"recorder_version":"11","session":"c3f56fbc129b","build":"191.8026.42.35.5791312","bucket":"43","time":1568667367977,"group":{"id":"performance","version":"11"},"event":{"count":1,"data":{"duration_ms":0,"created":1568667367977},"id":"ui.latency"}}
{"recorder_version":"11","session":"c3f56fbc129b","build":"191.8026.42.35.5791312","bucket":"43","time":1568667468038,"group":{"id":"performance","version":"11"},"event":{"count":1,"data":{"duration_ms":0,"created":1568667468038},"id":"ui.latency"}}
{"recorder_version":"11","session":"c3f56fbc129b","build":"191.8026.42.35.5791312","bucket":"43","time":1568667568114,"group":{"id":"performance","version":"11"},"event":{"count":1,"data":{"duration_ms":0,"created":1568667568114},"id":"ui.latency"}}
{"recorder_version":"11","session":"c3f56fbc129b","build":"191.8026.42.35.5791312","bucket":"43","time":1568667668183,"group":{"id":"performance","version":"11"},"event":{"count":1,"data":{"duration_ms":0,"created":1568667668183},"id":"ui.latency"}}
{"recorder_version":"11","session":"c3f56fbc129b","build":"191.8026.42.35.5791312","bucket":"43","time":1568667768248,"group":{"id":"performance","version":"11"},"event":{"count":1,"data":{"duration_ms":0,"created":1568667768248},"id":"ui.latency"}}
{"recorder_version":"11","session":"c3f56fbc129b","build":"191.8026.42.35.5791312","bucket":"43","time":1568667868311,"group":{"id":"performance","version":"11"},"event":{"count":1,"data":{"duration_ms":0,"created":1568667868311},"id":"ui.latency"}}
{"recorder_version":"11","session":"c3f56fbc129b","build":"191.8026.42.35.5791312","bucket":"43","time":1568667968374,"group":{"id":"performance","version":"11"},"event":{"count":1,"data":{"duration_ms":0,"created":1568667968374},"id":"ui.latency"}}
{"recorder_version":"11","session":"c3f56fbc129b","build":"191.8026.42.35.5791312","bucket":"43","time":1568668068437,"group":{"id":"performance","version":"11"},"event":{"count":1,"data":{"duration_ms":0,"created":1568668068437},"id":"ui.latency"}}
{"recorder_version":"11","session":"c3f56fbc129b","build":"191.8026.42.35.5791312","bucket":"43","time":1568668168492,"group":{"id":"performance","version":"11"},"event":{"count":1,"data":{"duration_ms":0,"created":1568668168492},"id":"ui.latency"}}
{"recorder_version":"11","session":"c3f56fbc129b","build":"191.8026.42.35.5791312","bucket":"43","time":1568668268554,"group":{"id":"performance","version":"11"},"event":{"count":1,"data":{"duration_ms":0,"created":1568668268554},"id":"ui.latency"}}
{"recorder_version":"11","session":"c3f56fbc129b","build":"191.8026.42.35.5791312","bucket":"43","time":1568668368619,"group":{"id":"performance","version":"11"},"event":{"count":1,"data":{"duration_ms":0,"created":1568668368619},"id":"ui.latency"}}
{"recorder_version":"11","session":"c3f56fbc129b","build":"191.8026.42.35.5791312","bucket":"43","time":1568668468686,"group":{"id":"performance","version":"11"},"event":{"count":1,"data":{"duration_ms":0,"created":1568668468686},"id":"ui.latency"}}
{"recorder_version":"11","session":"c3f56fbc129b","build":"191.8026.42.35.5791312","bucket":"43","time":1568668568749,"group":{"id":"performance","version":"11"},"event":{"count":1,"data":{"duration_ms":0,"created":1568668568749},"id":"ui.latency"}}
{"recorder_version":"11","session":"c3f56fbc129b","build":"191.8026.42.35.5791312","bucket":"43","time":1568668668812,"group":{"id":"performance","version":"11"},"event":{"count":1,"data":{"duration_ms":0,"created":1568668668812},"id":"ui.latency"}}
{"recorder_version":"11","session":"c3f56fbc129b","build":"191.8026.42.35.5791312","bucket":"43","time":1568668768875,"group":{"id":"performance","version":"11"},"event":{"count":1,"data":{"duration_ms":0,"created":1568668768875},"id":"ui.latency"}}
{"recorder_version":"11","session":"c3f56fbc129b","build":"191.8026.42.35.5791312","bucket":"43","time":1568668868936,"group":{"id":"performance","version":"11"},"event":{"count":1,"data":{"duration_ms":0,"created":1568668868936},"id":"ui.latency"}}
{"recorder_version":"11","session":"c3f56fbc129b","build":"191.8026.42.35.5791312","bucket":"43","time":1568668968998,"group":{"id":"performance","version":"11"},"event":{"count":1,"data":{"duration_ms":0,"created":1568668968998},"id":"ui.latency"}}
{"recorder_version":"11","session":"c3f56fbc129b","build":"191.8026.42.35.5791312","bucket":"43","time":1568669069056,"group":{"id":"performance","version":"11"},"event":{"count":1,"data":{"duration_ms":0,"created":1568669069056},"id":"ui.latency"}}
{"recorder_version":"11","session":"c3f56fbc129b","build":"191.8026.42.35.5791312","bucket":"43","time":1568669169119,"group":{"id":"performance","version":"11"},"event":{"count":1,"data":{"duration_ms":0,"created":1568669169119},"id":"ui.latency"}}
{"recorder_version":"11","session":"c3f56fbc129b","build":"191.8026.42.35.5791312","bucket":"43","time":1568669269186,"group":{"id":"performance","version":"11"},"event":{"count":1,"data":{"duration_ms":0,"created":1568669269186},"id":"ui.latency"}}
{"recorder_version":"11","session":"c3f56fbc129b","build":"191.8026.42.35.5791312","bucket":"43","time":1568669369260,"group":{"id":"performance","version":"11"},"event":{"count":1,"data":{"duration_ms":0,"created":1568669369260},"id":"ui.latency"}}
{"recorder_version":"11","session":"c3f56fbc129b","build":"191.8026.42.35.5791312","bucket":"43","time":1568669469315,"group":{"id":"performance","version":"11"},"event":{"count":1,"data":{"duration_ms":0,"created":1568669469315},"id":"ui.latency"}}
{"recorder_version":"11","session":"c3f56fbc129b","build":"191.8026.42.35.5791312","bucket":"43","time":1568669569372,"group":{"id":"performance","version":"11"},"event":{"count":1,"data":{"duration_ms":0,"created":1568669569372},"id":"ui.latency"}}
{"recorder_version":"11","session":"c3f56fbc129b","build":"191.8026.42.35.5791312","bucket":"43","time":1568669669441,"group":{"id":"performance","version":"11"},"event":{"count":1,"data":{"duration_ms":0,"created":1568669669441},"id":"ui.latency"}}
{"recorder_version":"11","session":"c3f56fbc129b","build":"191.8026.42.35.5791312","bucket":"43","time":1568669769503,"group":{"id":"performance","version":"11"},"event":{"count":1,"data":{"duration_ms":0,"created":1568669769503},"id":"ui.latency"}}
{"recorder_version":"11","session":"c3f56fbc129b","build":"191.8026.42.35.5791312","bucket":"43","time":1568669869558,"group":{"id":"performance","version":"11"},"event":{"count":1,"data":{"duration_ms":1,"created":1568669869558},"id":"ui.latency"}}
{"recorder_version":"11","session":"c3f56fbc129b","build":"191.8026.42.35.5791312","bucket":"43","time":1568669969615,"group":{"id":"performance","version":"11"},"event":{"count":1,"data":{"duration_ms":0,"created":1568669969615},"id":"ui.latency"}}
{"recorder_version":"11","session":"c3f56fbc129b","build":"191.8026.42.35.5791312","bucket":"43","time":1568670069672,"group":{"id":"performance","version":"11"},"event":{"count":1,"data":{"duration_ms":0,"created":1568670069672},"id":"ui.latency"}}
{"recorder_version":"11","session":"c3f56fbc129b","build":"191.8026.42.35.5791312","bucket":"43","time":1568670169733,"group":{"id":"performance","version":"11"},"event":{"count":1,"data":{"duration_ms":0,"created":1568670169733},"id":"ui.latency"}}
{"recorder_version":"11","session":"c3f56fbc129b","build":"191.8026.42.35.5791312","bucket":"43","time":1568670269792,"group":{"id":"performance","version":"11"},"event":{"count":1,"data":{"duration_ms":0,"created":1568670269792},"id":"ui.latency"}}
{"recorder_version":"11","session":"c3f56fbc129b","build":"191.8026.42.35.5791312","bucket":"43","time":1568670369846,"group":{"id":"performance","version":"11"},"event":{"count":1,"data":{"duration_ms":0,"created":1568670369846},"id":"ui.latency"}}
{"recorder_version":"11","session":"c3f56fbc129b","build":"191.8026.42.35.5791312","bucket":"43","time":1568670469916,"group":{"id":"performance","version":"11"},"event":{"count":1,"data":{"duration_ms":0,"created":1568670469916},"id":"ui.latency"}}
{"recorder_version":"11","session":"c3f56fbc129b","build":"191.8026.42.35.5791312","bucket":"43","time":1568670569983,"group":{"id":"performance","version":"11"},"event":{"count":1,"data":{"duration_ms":0,"created":1568670569983},"id":"ui.latency"}}
{"recorder_version":"11","session":"c3f56fbc129b","build":"191.8026.42.35.5791312","bucket":"43","time":1568670670051,"group":{"id":"performance","version":"11"},"event":{"count":1,"data":{"duration_ms":0,"created":1568670670051},"id":"ui.latency"}}
{"recorder_version":"11","session":"c3f56fbc129b","build":"191.8026.42.35.5791312","bucket":"43","time":1568670770117,"group":{"id":"performance","version":"11"},"event":{"count":1,"data":{"duration_ms":0,"created":1568670770117},"id":"ui.latency"}}
{"recorder_version":"11","session":"c3f56fbc129b","build":"191.8026.42.35.5791312","bucket":"43","time":1568670870194,"group":{"id":"performance","version":"11"},"event":{"count":1,"data":{"duration_ms":0,"created":1568670870194},"id":"ui.latency"}}
{"recorder_version":"11","session":"c3f56fbc129b","build":"191.8026.42.35.5791312","bucket":"43","time":1568670970267,"group":{"id":"performance","version":"11"},"event":{"count":1,"data":{"duration_ms":0,"created":1568670970267},"id":"ui.latency"}}
{"recorder_version":"11","session":"c3f56fbc129b","build":"191.8026.42.35.5791312","bucket":"43","time":1568671070338,"group":{"id":"performance","version":"11"},"event":{"count":1,"data":{"duration_ms":0,"created":1568671070338},"id":"ui.latency"}}
{"recorder_version":"11","session":"c3f56fbc129b","build":"191.8026.42.35.5791312","bucket":"43","time":1568671170400,"group":{"id":"performance","version":"11"},"event":{"count":1,"data":{"duration_ms":0,"created":1568671170400},"id":"ui.latency"}}
{"recorder_version":"11","session":"c3f56fbc129b","build":"191.8026.42.35.5791312","bucket":"43","time":1568671270465,"group":{"id":"performance","version":"11"},"event":{"count":1,"data":{"duration_ms":0,"created":1568671270465},"id":"ui.latency"}}
{"recorder_version":"11","session":"c3f56fbc129b","build":"191.8026.42.35.5791312","bucket":"43","time":1568671370526,"group":{"id":"performance","version":"11"},"event":{"count":1,"data":{"duration_ms":0,"created":1568671370526},"id":"ui.latency"}}
{"recorder_version":"11","session":"c3f56fbc129b","build":"191.8026.42.35.5791312","bucket":"43","time":1568671470593,"group":{"id":"performance","version":"11"},"event":{"count":1,"data":{"duration_ms":0,"created":1568671470593},"id":"ui.latency"}}
{"recorder_version":"11","session":"c3f56fbc129b","build":"191.8026.42.35.5791312","bucket":"43","time":1568671570642,"group":{"id":"performance","version":"11"},"event":{"count":1,"data":{"duration_ms":0,"created":1568671570642},"id":"ui.latency"}}
{"recorder_version":"11","session":"c3f56fbc129b","build":"191.8026.42.35.5791312","bucket":"43","time":1568671670704,"group":{"id":"performance","version":"11"},"event":{"count":1,"data":{"duration_ms":0,"created":1568671670704},"id":"ui.latency"}}
{"recorder_version":"11","session":"c3f56fbc129b","build":"191.8026.42.35.5791312","bucket":"43","time":1568671770772,"group":{"id":"performance","version":"11"},"event":{"count":1,"data":{"duration_ms":0,"created":1568671770772},"id":"ui.latency"}}
{"recorder_version":"11","session":"c3f56fbc129b","build":"191.8026.42.35.5791312","bucket":"43","time":1568671870834,"group":{"id":"performance","version":"11"},"event":{"count":1,"data":{"duration_ms":0,"created":1568671870834},"id":"ui.latency"}}
{"recorder_version":"11","session":"c3f56fbc129b","build":"191.8026.42.35.5791312","bucket":"43","time":1568671970900,"group":{"id":"performance","version":"11"},"event":{"count":1,"data":{"duration_ms":0,"created":1568671970900},"id":"ui.latency"}}
{"recorder_version":"11","session":"c3f56fbc129b","build":"191.8026.42.35.5791312","bucket":"43","time":1568672070973,"group":{"id":"performance","version":"11"},"event":{"count":1,"data":{"duration_ms":0,"created":1568672070973},"id":"ui.latency"}}
{"recorder_version":"11","session":"c3f56fbc129b","build":"191.8026.42.35.5791312","bucket":"43","time":1568672171048,"group":{"id":"performance","version":"11"},"event":{"count":1,"data":{"duration_ms":0,"created":1568672171048},"id":"ui.latency"}}
{"recorder_version":"11","session":"c3f56fbc129b","build":"191.8026.42.35.5791312","bucket":"43","time":1568672271111,"group":{"id":"performance","version":"11"},"event":{"count":1,"data":{"duration_ms":0,"created":1568672271111},"id":"ui.latency"}}
{"recorder_version":"11","session":"c3f56fbc129b","build":"191.8026.42.35.5791312","bucket":"43","time":1568672371165,"group":{"id":"performance","version":"11"},"event":{"count":1,"data":{"duration_ms":0,"created":1568672371165},"id":"ui.latency"}}
{"recorder_version":"11","session":"c3f56fbc129b","build":"191.8026.42.35.5791312","bucket":"43","time":1568672471251,"group":{"id":"performance","version":"11"},"event":{"count":1,"data":{"duration_ms":0,"created":1568672471251},"id":"ui.latency"}}
{"recorder_version":"11","session":"c3f56fbc129b","build":"191.8026.42.35.5791312","bucket":"43","time":1568672571321,"group":{"id":"performance","version":"11"},"event":{"count":1,"data":{"duration_ms":0,"created":1568672571321},"id":"ui.latency"}}
{"recorder_version":"11","session":"c3f56fbc129b","build":"191.8026.42.35.5791312","bucket":"43","time":1568672671379,"group":{"id":"performance","version":"11"},"event":{"count":1,"data":{"duration_ms":0,"created":1568672671379},"id":"ui.latency"}}
{"recorder_version":"11","session":"c3f56fbc129b","build":"191.8026.42.35.5791312","bucket":"43","time":1568672771439,"group":{"id":"performance","version":"11"},"event":{"count":1,"data":{"duration_ms":0,"created":1568672771439},"id":"ui.latency"}}
{"recorder_version":"11","session":"c3f56fbc129b","build":"191.8026.42.35.5791312","bucket":"43","time":1568672871506,"group":{"id":"performance","version":"11"},"event":{"count":1,"data":{"duration_ms":0,"created":1568672871506},"id":"ui.latency"}}
{"recorder_version":"11","session":"c3f56fbc129b","build":"191.8026.42.35.5791312","bucket":"43","time":1568672971556,"group":{"id":"performance","version":"11"},"event":{"count":1,"data":{"duration_ms":0,"created":1568672971556},"id":"ui.latency"}}
{"recorder_version":"11","session":"c3f56fbc129b","build":"191.8026.42.35.5791312","bucket":"43","time":1568673071613,"group":{"id":"performance","version":"11"},"event":{"count":1,"data":{"duration_ms":0,"created":1568673071613},"id":"ui.latency"}}
{"recorder_version":"11","session":"c3f56fbc129b","build":"191.8026.42.35.5791312","bucket":"43","time":1568673171673,"group":{"id":"performance","version":"11"},"event":{"count":1,"data":{"duration_ms":0,"created":1568673171673},"id":"ui.latency"}}
{"recorder_version":"11","session":"c3f56fbc129b","build":"191.8026.42.35.5791312","bucket":"43","time":1568673271728,"group":{"id":"performance","version":"11"},"event":{"count":1,"data":{"duration_ms":0,"created":1568673271728},"id":"ui.latency"}}
{"recorder_version":"11","session":"c3f56fbc129b","build":"191.8026.42.35.5791312","bucket":"43","time":1568673371791,"group":{"id":"performance","version":"11"},"event":{"count":1,"data":{"duration_ms":0,"created":1568673371791},"id":"ui.latency"}}
{"recorder_version":"11","session":"c3f56fbc129b","build":"191.8026.42.35.5791312","bucket":"43","time":1568673471855,"group":{"id":"performance","version":"11"},"event":{"count":1,"data":{"duration_ms":0,"created":1568673471855},"id":"ui.latency"}}
{"recorder_version":"11","session":"c3f56fbc129b","build":"191.8026.42.35.5791312","bucket":"43","time":1568673571919,"group":{"id":"performance","version":"11"},"event":{"count":1,"data":{"duration_ms":0,"created":1568673571919},"id":"ui.latency"}}
{"recorder_version":"11","session":"c3f56fbc129b","build":"191.8026.42.35.5791312","bucket":"43","time":1568673671979,"group":{"id":"performance","version":"11"},"event":{"count":1,"data":{"duration_ms":0,"created":1568673671979},"id":"ui.latency"}}
{"recorder_version":"11","session":"c3f56fbc129b","build":"191.8026.42.35.5791312","bucket":"43","time":1568673772040,"group":{"id":"performance","version":"11"},"event":{"count":1,"data":{"duration_ms":0,"created":1568673772040},"id":"ui.latency"}}
{"recorder_version":"11","session":"c3f56fbc129b","build":"191.8026.42.35.5791312","bucket":"43","time":1568673872105,"group":{"id":"performance","version":"11"},"event":{"count":1,"data":{"duration_ms":0,"created":1568673872105},"id":"ui.latency"}}
{"recorder_version":"11","session":"c3f56fbc129b","build":"191.8026.42.35.5791312","bucket":"43","time":1568673972166,"group":{"id":"performance","version":"11"},"event":{"count":1,"data":{"duration_ms":0,"created":1568673972166},"id":"ui.latency"}}
{"recorder_version":"11","session":"c3f56fbc129b","build":"191.8026.42.35.5791312","bucket":"43","time":1568674072235,"group":{"id":"performance","version":"11"},"event":{"count":1,"data":{"duration_ms":0,"created":1568674072235},"id":"ui.latency"}}
{"recorder_version":"11","session":"c3f56fbc129b","build":"191.8026.42.35.5791312","bucket":"43","time":1568674172291,"group":{"id":"performance","version":"11"},"event":{"count":1,"data":{"duration_ms":0,"created":1568674172291},"id":"ui.latency"}}
{"recorder_version":"11","session":"c3f56fbc129b","build":"191.8026.42.35.5791312","bucket":"43","time":1568674272347,"group":{"id":"performance","version":"11"},"event":{"count":1,"data":{"duration_ms":0,"created":1568674272347},"id":"ui.latency"}}
{"recorder_version":"11","session":"c3f56fbc129b","build":"191.8026.42.35.5791312","bucket":"43","time":1568674372409,"group":{"id":"performance","version":"11"},"event":{"count":1,"data":{"duration_ms":0,"created":1568674372409},"id":"ui.latency"}}
{"recorder_version":"11","session":"c3f56fbc129b","build":"191.8026.42.35.5791312","bucket":"43","time":1568674472469,"group":{"id":"performance","version":"11"},"event":{"count":1,"data":{"duration_ms":0,"created":1568674472469},"id":"ui.latency"}}
{"recorder_version":"11","session":"c3f56fbc129b","build":"191.8026.42.35.5791312","bucket":"43","time":1568674572529,"group":{"id":"performance","version":"11"},"event":{"count":1,"data":{"duration_ms":0,"created":1568674572529},"id":"ui.latency"}}
{"recorder_version":"11","session":"c3f56fbc129b","build":"191.8026.42.35.5791312","bucket":"43","time":1568674672586,"group":{"id":"performance","version":"11"},"event":{"count":1,"data":{"duration_ms":0,"created":1568674672586},"id":"ui.latency"}}
{"recorder_version":"11","session":"c3f56fbc129b","build":"191.8026.42.35.5791312","bucket":"43","time":1568674772645,"group":{"id":"performance","version":"11"},"event":{"count":1,"data":{"duration_ms":0,"created":1568674772645},"id":"ui.latency"}}
{"recorder_version":"11","session":"c3f56fbc129b","build":"191.8026.42.35.5791312","bucket":"43","time":1568674872709,"group":{"id":"performance","version":"11"},"event":{"count":1,"data":{"duration_ms":0,"created":1568674872709},"id":"ui.latency"}}
{"recorder_version":"11","session":"c3f56fbc129b","build":"191.8026.42.35.5791312","bucket":"43","time":1568674972766,"group":{"id":"performance","version":"11"},"event":{"count":1,"data":{"duration_ms":0,"created":1568674972766},"id":"ui.latency"}}
{"recorder_version":"11","session":"c3f56fbc129b","build":"191.8026.42.35.5791312","bucket":"43","time":1568675072820,"group":{"id":"performance","version":"11"},"event":{"count":1,"data":{"duration_ms":0,"created":1568675072820},"id":"ui.latency"}}
{"recorder_version":"11","session":"c3f56fbc129b","build":"191.8026.42.35.5791312","bucket":"43","time":1568675172885,"group":{"id":"performance","version":"11"},"event":{"count":1,"data":{"duration_ms":0,"created":1568675172885},"id":"ui.latency"}}
{"recorder_version":"11","session":"c3f56fbc129b","build":"191.8026.42.35.5791312","bucket":"43","time":1568675272957,"group":{"id":"performance","version":"11"},"event":{"count":1,"data":{"duration_ms":0,"created":1568675272957},"id":"ui.latency"}}
{"recorder_version":"11","session":"c3f56fbc129b","build":"191.8026.42.35.5791312","bucket":"43","time":1568675373021,"group":{"id":"performance","version":"11"},"event":{"count":1,"data":{"duration_ms":0,"created":1568675373021},"id":"ui.latency"}}
{"recorder_version":"11","session":"c3f56fbc129b","build":"191.8026.42.35.5791312","bucket":"43","time":1568675473083,"group":{"id":"performance","version":"11"},"event":{"count":1,"data":{"duration_ms":0,"created":1568675473083},"id":"ui.latency"}}
{"recorder_version":"11","session":"c3f56fbc129b","build":"191.8026.42.35.5791312","bucket":"43","time":1568675573143,"group":{"id":"performance","version":"11"},"event":{"count":1,"data":{"duration_ms":0,"created":1568675573143},"id":"ui.latency"}}
{"recorder_version":"11","session":"c3f56fbc129b","build":"191.8026.42.35.5791312","bucket":"43","time":1568675673207,"group":{"id":"performance","version":"11"},"event":{"count":1,"data":{"duration_ms":0,"created":1568675673207},"id":"ui.latency"}}
{"recorder_version":"11","session":"c3f56fbc129b","build":"191.8026.42.35.5791312","bucket":"43","time":1568675773282,"group":{"id":"performance","version":"11"},"event":{"count":1,"data":{"duration_ms":0,"created":1568675773282},"id":"ui.latency"}}
{"recorder_version":"11","session":"c3f56fbc129b","build":"191.8026.42.35.5791312","bucket":"43","time":1568675873367,"group":{"id":"performance","version":"11"},"event":{"count":1,"data":{"duration_ms":0,"created":1568675873367},"id":"ui.latency"}}
{"recorder_version":"11","session":"c3f56fbc129b","build":"191.8026.42.35.5791312","bucket":"43","time":1568675973434,"group":{"id":"performance","version":"11"},"event":{"count":1,"data":{"duration_ms":0,"created":1568675973434},"id":"ui.latency"}}
{"recorder_version":"11","session":"c3f56fbc129b","build":"191.8026.42.35.5791312","bucket":"43","time":1568676073487,"group":{"id":"performance","version":"11"},"event":{"count":1,"data":{"duration_ms":0,"created":1568676073487},"id":"ui.latency"}}
{"recorder_version":"11","session":"c3f56fbc129b","build":"191.8026.42.35.5791312","bucket":"43","time":1568676173554,"group":{"id":"performance","version":"11"},"event":{"count":1,"data":{"duration_ms":0,"created":1568676173554},"id":"ui.latency"}}
{"recorder_version":"11","session":"c3f56fbc129b","build":"191.8026.42.35.5791312","bucket":"43","time":1568676273616,"group":{"id":"performance","version":"11"},"event":{"count":1,"data":{"duration_ms":0,"created":1568676273616},"id":"ui.latency"}}
{"recorder_version":"11","session":"c3f56fbc129b","build":"191.8026.42.35.5791312","bucket":"43","time":1568676373671,"group":{"id":"performance","version":"11"},"event":{"count":1,"data":{"duration_ms":0,"created":1568676373671},"id":"ui.latency"}}
{"recorder_version":"11","session":"c3f56fbc129b","build":"191.8026.42.35.5791312","bucket":"43","time":1568676473730,"group":{"id":"performance","version":"11"},"event":{"count":1,"data":{"duration_ms":0,"created":1568676473730},"id":"ui.latency"}}
{"recorder_version":"11","session":"c3f56fbc129b","build":"191.8026.42.35.5791312","bucket":"43","time":1568676573795,"group":{"id":"performance","version":"11"},"event":{"count":1,"data":{"duration_ms":0,"created":1568676573795},"id":"ui.latency"}}
{"recorder_version":"11","session":"c3f56fbc129b","build":"191.8026.42.35.5791312","bucket":"43","time":1568676673848,"group":{"id":"performance","version":"11"},"event":{"count":1,"data":{"duration_ms":0,"created":1568676673848},"id":"ui.latency"}}
{"recorder_version":"11","session":"c3f56fbc129b","build":"191.8026.42.35.5791312","bucket":"43","time":1568676773910,"group":{"id":"performance","version":"11"},"event":{"count":1,"data":{"duration_ms":0,"created":1568676773910},"id":"ui.latency"}}
{"recorder_version":"11","session":"c3f56fbc129b","build":"191.8026.42.35.5791312","bucket":"43","time":1568676873970,"group":{"id":"performance","version":"11"},"event":{"count":1,"data":{"duration_ms":0,"created":1568676873970},"id":"ui.latency"}}
{"recorder_version":"11","session":"c3f56fbc129b","build":"191.8026.42.35.5791312","bucket":"43","time":1568676974029,"group":{"id":"performance","version":"11"},"event":{"count":1,"data":{"duration_ms":0,"created":1568676974029},"id":"ui.latency"}}
{"recorder_version":"11","session":"c3f56fbc129b","build":"191.8026.42.35.5791312","bucket":"43","time":1568677074094,"group":{"id":"performance","version":"11"},"event":{"count":1,"data":{"duration_ms":0,"created":1568677074094},"id":"ui.latency"}}
{"recorder_version":"11","session":"c3f56fbc129b","build":"191.8026.42.35.5791312","bucket":"43","time":1568677174148,"group":{"id":"performance","version":"11"},"event":{"count":1,"data":{"duration_ms":0,"created":1568677174148},"id":"ui.latency"}}
{"recorder_version":"11","session":"c3f56fbc129b","build":"191.8026.42.35.5791312","bucket":"43","time":1568677274215,"group":{"id":"performance","version":"11"},"event":{"count":1,"data":{"duration_ms":0,"created":1568677274215},"id":"ui.latency"}}
{"recorder_version":"11","session":"c3f56fbc129b","build":"191.8026.42.35.5791312","bucket":"43","time":1568677374278,"group":{"id":"performance","version":"11"},"event":{"count":1,"data":{"duration_ms":0,"created":1568677374278},"id":"ui.latency"}}
{"recorder_version":"11","session":"c3f56fbc129b","build":"191.8026.42.35.5791312","bucket":"43","time":1568677474342,"group":{"id":"performance","version":"11"},"event":{"count":1,"data":{"duration_ms":0,"created":1568677474342},"id":"ui.latency"}}
{"recorder_version":"11","session":"c3f56fbc129b","build":"191.8026.42.35.5791312","bucket":"43","time":1568677574409,"group":{"id":"performance","version":"11"},"event":{"count":1,"data":{"duration_ms":0,"created":1568677574409},"id":"ui.latency"}}
{"recorder_version":"11","session":"c3f56fbc129b","build":"191.8026.42.35.5791312","bucket":"43","time":1568677650381,"group":{"id":"system.os","version":"1"},"event":{"state":true,"data":{"created":1568677650381,"version":"10.0"},"id":"Windows"}}
{"recorder_version":"11","session":"c3f56fbc129b","build":"191.8026.42.35.5791312","bucket":"43","time":1568677650383,"group":{"id":"system.os","version":"1"},"event":{"state":true,"data":{"created":1568677650384},"id":"invoked"}}
{"recorder_version":"11","session":"c3f56fbc129b","build":"191.8026.42.35.5791312","bucket":"43","time":1568677650384,"group":{"id":"system.java","version":"1"},"event":{"state":true,"data":{"created":1568677650387,"version":"1.8"},"id":"JetBrains"}}
{"recorder_version":"11","session":"c3f56fbc129b","build":"191.8026.42.35.5791312","bucket":"43","time":1568677650384,"group":{"id":"system.java","version":"1"},"event":{"state":true,"data":{"created":1568677650387},"id":"invoked"}}
{"recorder_version":"11","session":"c3f56fbc129b","build":"191.8026.42.35.5791312","bucket":"43","time":1568677650454,"group":{"id":"settings","version":"2"},"event":{"state":true,"data":{"default":false,"created":1568677650454,"name":"overrideLafFonts","value":true},"id":"UISettings"}}
{"recorder_version":"11","session":"c3f56fbc129b","build":"191.8026.42.35.5791312","bucket":"43","time":1568677650457,"group":{"id":"settings","version":"2"},"event":{"state":true,"data":{"created":1568677650457,"invoked":true},"id":"UISettings"}}
{"recorder_version":"11","session":"c3f56fbc129b","build":"191.8026.42.35.5791312","bucket":"43","time":1568677650478,"group":{"id":"settings","version":"2"},"event":{"state":true,"data":{"default":false,"created":1568677650478,"name":"confirmExit","value":false},"id":"GeneralSettings"}}
{"recorder_version":"11","session":"c3f56fbc129b","build":"191.8026.42.35.5791312","bucket":"43","time":1568677650478,"group":{"id":"settings","version":"2"},"event":{"state":true,"data":{"created":1568677650479,"invoked":true},"id":"GeneralSettings"}}
{"recorder_version":"11","session":"c3f56fbc129b","build":"191.8026.42.35.5791312","bucket":"43","time":1568677650480,"group":{"id":"settings","version":"2"},"event":{"state":true,"data":{"created":1568677650480,"invoked":true},"id":"NotRoamableUiSettings"}}
{"recorder_version":"11","session":"c3f56fbc129b","build":"191.8026.42.35.5791312","bucket":"43","time":1568677674474,"group":{"id":"performance","version":"11"},"event":{"count":1,"data":{"duration_ms":0,"created":1568677674474},"id":"ui.latency"}}
{"recorder_version":"11","session":"c3f56fbc129b","build":"191.8026.42.35.5791312","bucket":"43","time":1568677774534,"group":{"id":"performance","version":"11"},"event":{"count":1,"data":{"duration_ms":0,"created":1568677774534},"id":"ui.latency"}}
{"recorder_version":"11","session":"c3f56fbc129b","build":"191.8026.42.35.5791312","bucket":"43","time":1568677874598,"group":{"id":"performance","version":"11"},"event":{"count":1,"data":{"duration_ms":0,"created":1568677874598},"id":"ui.latency"}}
{"recorder_version":"11","session":"c3f56fbc129b","build":"191.8026.42.35.5791312","bucket":"43","time":1568677955464,"group":{"id":"build.tools.actions","version":"1"},"event":{"count":1,"data":{"created":1568677955464},"id":"registered"}}
{"recorder_version":"11","session":"c3f56fbc129b","build":"191.8026.42.35.5791312","bucket":"43","time":1568677955464,"group":{"id":"file.types.usage","version":"11"},"event":{"count":1,"data":{"created":1568677955464},"id":"registered"}}
{"recorder_version":"11","session":"c3f56fbc129b","build":"191.8026.42.35.5791312","bucket":"43","time":1568677955464,"group":{"id":"actions.runAnything","version":"1"},"event":{"count":1,"data":{"created":1568677955464},"id":"registered"}}
{"recorder_version":"11","session":"c3f56fbc129b","build":"191.8026.42.35.5791312","bucket":"43","time":1568677955464,"group":{"id":"toolwindow","version":"11"},"event":{"count":1,"data":{"created":1568677955464},"id":"registered"}}
{"recorder_version":"11","session":"c3f56fbc129b","build":"191.8026.42.35.5791312","bucket":"43","time":1568677955464,"group":{"id":"live.templates","version":"11"},"event":{"count":1,"data":{"created":1568677955464},"id":"registered"}}
{"recorder_version":"11","session":"c3f56fbc129b","build":"191.8026.42.35.5791312","bucket":"43","time":1568677955464,"group":{"id":"ide.self.update","version":"1"},"event":{"count":1,"data":{"created":1568677955464},"id":"registered"}}
{"recorder_version":"11","session":"c3f56fbc129b","build":"191.8026.42.35.5791312","bucket":"43","time":1568677955464,"group":{"id":"cidr.testingFrameworks.usages","version":"1"},"event":{"count":1,"data":{"created":1568677955465},"id":"registered"}}
{"recorder_version":"11","session":"c3f56fbc129b","build":"191.8026.42.35.5791312","bucket":"43","time":1568677955464,"group":{"id":"lifecycle","version":"11"},"event":{"count":1,"data":{"created":1568677955465},"id":"registered"}}
{"recorder_version":"11","session":"c3f56fbc129b","build":"191.8026.42.35.5791312","bucket":"43","time":1568677955464,"group":{"id":"vcs.diff.trigger","version":"1"},"event":{"count":1,"data":{"created":1568677955465},"id":"registered"}}
{"recorder_version":"11","session":"c3f56fbc129b","build":"191.8026.42.35.5791312","bucket":"43","time":1568677955464,"group":{"id":"vcs.log.trigger","version":"1"},"event":{"count":1,"data":{"created":1568677955466},"id":"registered"}}
{"recorder_version":"11","session":"c3f56fbc129b","build":"191.8026.42.35.5791312","bucket":"43","time":1568677955464,"group":{"id":"productivity","version":"11"},"event":{"count":1,"data":{"created":1568677955466},"id":"registered"}}
{"recorder_version":"11","session":"c3f56fbc129b","build":"191.8026.42.35.5791312","bucket":"43","time":1568677955464,"group":{"id":"debugger.breakpoints.usage","version":"1"},"event":{"count":1,"data":{"created":1568677955466},"id":"registered"}}
{"recorder_version":"11","session":"c3f56fbc129b","build":"191.8026.42.35.5791312","bucket":"43","time":1568677955464,"group":{"id":"oc","version":"1"},"event":{"count":1,"data":{"created":1568677955466},"id":"registered"}}
{"recorder_version":"11","session":"c3f56fbc129b","build":"191.8026.42.35.5791312","bucket":"43","time":1568677955464,"group":{"id":"intentions","version":"11"},"event":{"count":1,"data":{"created":1568677955466},"id":"registered"}}
{"recorder_version":"11","session":"c3f56fbc129b","build":"191.8026.42.35.5791312","bucket":"43","time":1568677955464,"group":{"id":"ui.dialogs","version":"11"},"event":{"count":1,"data":{"created":1568677955466},"id":"registered"}}
{"recorder_version":"11","session":"c3f56fbc129b","build":"191.8026.42.35.5791312","bucket":"43","time":1568677955464,"group":{"id":"vcs.back.forward.trigger","version":"1"},"event":{"count":1,"data":{"created":1568677955466},"id":"registered"}}
{"recorder_version":"11","session":"c3f56fbc129b","build":"191.8026.42.35.5791312","bucket":"43","time":1568677955464,"group":{"id":"toolbar","version":"11"},"event":{"count":1,"data":{"created":1568677955466},"id":"registered"}}
{"recorder_version":"11","session":"c3f56fbc129b","build":"191.8026.42.35.5791312","bucket":"43","time":1568677955464,"group":{"id":"build.gradle.actions","version":"1"},"event":{"count":1,"data":{"created":1568677955466},"id":"registered"}}
{"recorder_version":"11","session":"c3f56fbc129b","build":"191.8026.42.35.5791312","bucket":"43","time":1568677955464,"group":{"id":"performance","version":"11"},"event":{"count":1,"data":{"created":1568677955467},"id":"registered"}}
{"recorder_version":"11","session":"c3f56fbc129b","build":"191.8026.42.35.5791312","bucket":"43","time":1568677955464,"group":{"id":"searchEverywhere","version":"1"},"event":{"count":1,"data":{"created":1568677955467},"id":"registered"}}
{"recorder_version":"11","session":"c3f56fbc129b","build":"191.8026.42.35.5791312","bucket":"43","time":1568677955464,"group":{"id":"ui.tips","version":"1"},"event":{"count":1,"data":{"created":1568677955467},"id":"registered"}}
{"recorder_version":"11","session":"c3f56fbc129b","build":"191.8026.42.35.5791312","bucket":"43","time":1568677955464,"group":{"id":"import.old.config","version":"1"},"event":{"count":1,"data":{"created":1568677955468},"id":"registered"}}
{"recorder_version":"11","session":"c3f56fbc129b","build":"191.8026.42.35.5791312","bucket":"43","time":1568677955464,"group":{"id":"json.schema","version":"1"},"event":{"count":1,"data":{"created":1568677955468},"id":"registered"}}
{"recorder_version":"11","session":"c3f56fbc129b","build":"191.8026.42.35.5791312","bucket":"43","time":1568677955464,"group":{"id":"terminalShell","version":"1"},"event":{"count":1,"data":{"created":1568677955468},"id":"registered"}}
{"recorder_version":"11","session":"c3f56fbc129b","build":"191.8026.42.35.5791312","bucket":"43","time":1568677955464,"group":{"id":"completion.postfix","version":"11"},"event":{"count":1,"data":{"created":1568677955468},"id":"registered"}}
{"recorder_version":"11","session":"c3f56fbc129b","build":"191.8026.42.35.5791312","bucket":"43","time":1568677955464,"group":{"id":"actions","version":"11"},"event":{"count":1,"data":{"created":1568677955468},"id":"registered"}}
{"recorder_version":"11","session":"c3f56fbc129b","build":"191.8026.42.35.5791312","bucket":"43","time":1568677955464,"group":{"id":"run.configuration.exec","version":"11"},"event":{"count":1,"data":{"created":1568677955468},"id":"registered"}}
{"recorder_version":"11","session":"c3f56fbc129b","build":"191.8026.42.35.5791312","bucket":"43","time":1568677974666,"group":{"id":"performance","version":"11"},"event":{"count":1,"data":{"duration_ms":0,"created":1568677974666},"id":"ui.latency"}}
{"recorder_version":"11","session":"c3f56fbc129b","build":"191.8026.42.35.5791312","bucket":"43","time":1568678074724,"group":{"id":"performance","version":"11"},"event":{"count":1,"data":{"duration_ms":0,"created":1568678074724},"id":"ui.latency"}}
{"recorder_version":"11","session":"c3f56fbc129b","build":"191.8026.42.35.5791312","bucket":"43","time":1568678174799,"group":{"id":"performance","version":"11"},"event":{"count":1,"data":{"duration_ms":0,"created":1568678174799},"id":"ui.latency"}}
{"recorder_version":"11","session":"c3f56fbc129b","build":"191.8026.42.35.5791312","bucket":"43","time":1568678274867,"group":{"id":"performance","version":"11"},"event":{"count":1,"data":{"duration_ms":0,"created":1568678274867},"id":"ui.latency"}}
{"recorder_version":"11","session":"c3f56fbc129b","build":"191.8026.42.35.5791312","bucket":"43","time":1568678375026,"group":{"id":"performance","version":"11"},"event":{"count":1,"data":{"duration_ms":0,"created":1568678375026},"id":"ui.latency"}}
{"recorder_version":"11","session":"c3f56fbc129b","build":"191.8026.42.35.5791312","bucket":"43","time":1568678475094,"group":{"id":"performance","version":"11"},"event":{"count":1,"data":{"duration_ms":0,"created":1568678475094},"id":"ui.latency"}}
{"recorder_version":"11","session":"c3f56fbc129b","build":"191.8026.42.35.5791312","bucket":"43","time":1568678575156,"group":{"id":"performance","version":"11"},"event":{"count":1,"data":{"duration_ms":0,"created":1568678575156},"id":"ui.latency"}}
{"recorder_version":"11","session":"c3f56fbc129b","build":"191.8026.42.35.5791312","bucket":"43","time":1568678675227,"group":{"id":"performance","version":"11"},"event":{"count":1,"data":{"duration_ms":0,"created":1568678675227},"id":"ui.latency"}}
{"recorder_version":"11","session":"c3f56fbc129b","build":"191.8026.42.35.5791312","bucket":"43","time":1568678775315,"group":{"id":"performance","version":"11"},"event":{"count":1,"data":{"duration_ms":0,"created":1568678775315},"id":"ui.latency"}}
{"recorder_version":"11","session":"c3f56fbc129b","build":"191.8026.42.35.5791312","bucket":"43","time":1568678875384,"group":{"id":"performance","version":"11"},"event":{"count":1,"data":{"duration_ms":0,"created":1568678875384},"id":"ui.latency"}}
{"recorder_version":"11","session":"c3f56fbc129b","build":"191.8026.42.35.5791312","bucket":"43","time":1568678975451,"group":{"id":"performance","version":"11"},"event":{"count":1,"data":{"duration_ms":0,"created":1568678975451},"id":"ui.latency"}}
{"recorder_version":"11","session":"c3f56fbc129b","build":"191.8026.42.35.5791312","bucket":"43","time":1568679075512,"group":{"id":"performance","version":"11"},"event":{"count":1,"data":{"duration_ms":0,"created":1568679075512},"id":"ui.latency"}}
{"recorder_version":"11","session":"c3f56fbc129b","build":"191.8026.42.35.5791312","bucket":"43","time":1568679175571,"group":{"id":"performance","version":"11"},"event":{"count":1,"data":{"duration_ms":0,"created":1568679175571},"id":"ui.latency"}}
{"recorder_version":"11","session":"c3f56fbc129b","build":"191.8026.42.35.5791312","bucket":"43","time":1568679275622,"group":{"id":"performance","version":"11"},"event":{"count":1,"data":{"duration_ms":0,"created":1568679275622},"id":"ui.latency"}}
{"recorder_version":"11","session":"c3f56fbc129b","build":"191.8026.42.35.5791312","bucket":"43","time":1568679375680,"group":{"id":"performance","version":"11"},"event":{"count":1,"data":{"duration_ms":0,"created":1568679375680},"id":"ui.latency"}}
{"recorder_version":"11","session":"c3f56fbc129b","build":"191.8026.42.35.5791312","bucket":"43","time":1568679475741,"group":{"id":"performance","version":"11"},"event":{"count":1,"data":{"duration_ms":0,"created":1568679475741},"id":"ui.latency"}}
{"recorder_version":"11","session":"c3f56fbc129b","build":"191.8026.42.35.5791312","bucket":"43","time":1568679575809,"group":{"id":"performance","version":"11"},"event":{"count":1,"data":{"duration_ms":0,"created":1568679575809},"id":"ui.latency"}}
{"recorder_version":"11","session":"c3f56fbc129b","build":"191.8026.42.35.5791312","bucket":"43","time":1568679675874,"group":{"id":"performance","version":"11"},"event":{"count":1,"data":{"duration_ms":0,"created":1568679675874},"id":"ui.latency"}}
{"recorder_version":"11","session":"c3f56fbc129b","build":"191.8026.42.35.5791312","bucket":"43","time":1568679775941,"group":{"id":"performance","version":"11"},"event":{"count":1,"data":{"duration_ms":0,"created":1568679775941},"id":"ui.latency"}}
{"recorder_version":"11","session":"c3f56fbc129b","build":"191.8026.42.35.5791312","bucket":"43","time":1568679875999,"group":{"id":"performance","version":"11"},"event":{"count":1,"data":{"duration_ms":0,"created":1568679875999},"id":"ui.latency"}}
{"recorder_version":"11","session":"c3f56fbc129b","build":"191.8026.42.35.5791312","bucket":"43","time":1568679976065,"group":{"id":"performance","version":"11"},"event":{"count":1,"data":{"duration_ms":0,"created":1568679976065},"id":"ui.latency"}}
{"recorder_version":"11","session":"c3f56fbc129b","build":"191.8026.42.35.5791312","bucket":"43","time":1568680076130,"group":{"id":"performance","version":"11"},"event":{"count":1,"data":{"duration_ms":0,"created":1568680076130},"id":"ui.latency"}}
{"recorder_version":"11","session":"c3f56fbc129b","build":"191.8026.42.35.5791312","bucket":"43","time":1568680176186,"group":{"id":"performance","version":"11"},"event":{"count":1,"data":{"duration_ms":0,"created":1568680176186},"id":"ui.latency"}}
{"recorder_version":"11","session":"c3f56fbc129b","build":"191.8026.42.35.5791312","bucket":"43","time":1568680276250,"group":{"id":"performance","version":"11"},"event":{"count":1,"data":{"duration_ms":0,"created":1568680276250},"id":"ui.latency"}}
{"recorder_version":"11","session":"c3f56fbc129b","build":"191.8026.42.35.5791312","bucket":"43","time":1568680376326,"group":{"id":"performance","version":"11"},"event":{"count":1,"data":{"duration_ms":0,"created":1568680376326},"id":"ui.latency"}}
{"recorder_version":"11","session":"c3f56fbc129b","build":"191.8026.42.35.5791312","bucket":"43","time":1568680476392,"group":{"id":"performance","version":"11"},"event":{"count":1,"data":{"duration_ms":0,"created":1568680476392},"id":"ui.latency"}}
{"recorder_version":"11","session":"c3f56fbc129b","build":"191.8026.42.35.5791312","bucket":"43","time":1568680576452,"group":{"id":"performance","version":"11"},"event":{"count":1,"data":{"duration_ms":0,"created":1568680576452},"id":"ui.latency"}}
{"recorder_version":"11","session":"c3f56fbc129b","build":"191.8026.42.35.5791312","bucket":"43","time":1568680676514,"group":{"id":"performance","version":"11"},"event":{"count":1,"data":{"duration_ms":0,"created":1568680676514},"id":"ui.latency"}}
{"recorder_version":"11","session":"c3f56fbc129b","build":"191.8026.42.35.5791312","bucket":"43","time":1568680776563,"group":{"id":"performance","version":"11"},"event":{"count":1,"data":{"duration_ms":0,"created":1568680776563},"id":"ui.latency"}}
{"recorder_version":"11","session":"c3f56fbc129b","build":"191.8026.42.35.5791312","bucket":"43","time":1568680876617,"group":{"id":"performance","version":"11"},"event":{"count":1,"data":{"duration_ms":0,"created":1568680876617},"id":"ui.latency"}}
{"recorder_version":"11","session":"c3f56fbc129b","build":"191.8026.42.35.5791312","bucket":"43","time":1568680976706,"group":{"id":"performance","version":"11"},"event":{"count":1,"data":{"duration_ms":0,"created":1568680976706},"id":"ui.latency"}}
{"recorder_version":"11","session":"c3f56fbc129b","build":"191.8026.42.35.5791312","bucket":"43","time":1568681076788,"group":{"id":"performance","version":"11"},"event":{"count":1,"data":{"duration_ms":0,"created":1568681076788},"id":"ui.latency"}}
{"recorder_version":"11","session":"c3f56fbc129b","build":"191.8026.42.35.5791312","bucket":"43","time":1568681176870,"group":{"id":"performance","version":"11"},"event":{"count":1,"data":{"duration_ms":0,"created":1568681176870},"id":"ui.latency"}}
{"recorder_version":"11","session":"c3f56fbc129b","build":"191.8026.42.35.5791312","bucket":"43","time":1568681276974,"group":{"id":"performance","version":"11"},"event":{"count":1,"data":{"duration_ms":0,"created":1568681276974},"id":"ui.latency"}}
{"recorder_version":"11","session":"c3f56fbc129b","build":"191.8026.42.35.5791312","bucket":"43","time":1568681377065,"group":{"id":"performance","version":"11"},"event":{"count":1,"data":{"duration_ms":0,"created":1568681377066},"id":"ui.latency"}}
{"recorder_version":"11","session":"c3f56fbc129b","build":"191.8026.42.35.5791312","bucket":"43","time":1568681477150,"group":{"id":"performance","version":"11"},"event":{"count":1,"data":{"duration_ms":0,"created":1568681477150},"id":"ui.latency"}}
{"recorder_version":"11","session":"c3f56fbc129b","build":"191.8026.42.35.5791312","bucket":"43","time":1568681577251,"group":{"id":"performance","version":"11"},"event":{"count":1,"data":{"duration_ms":0,"created":1568681577251},"id":"ui.latency"}}
{"recorder_version":"11","session":"c3f56fbc129b","build":"191.8026.42.35.5791312","bucket":"43","time":1568681677351,"group":{"id":"performance","version":"11"},"event":{"count":1,"data":{"duration_ms":0,"created":1568681677351},"id":"ui.latency"}}
{"recorder_version":"11","session":"c3f56fbc129b","build":"191.8026.42.35.5791312","bucket":"43","time":1568681777479,"group":{"id":"performance","version":"11"},"event":{"count":1,"data":{"duration_ms":0,"created":1568681777479},"id":"ui.latency"}}
{"recorder_version":"11","session":"c3f56fbc129b","build":"191.8026.42.35.5791312","bucket":"43","time":1568681877580,"group":{"id":"performance","version":"11"},"event":{"count":1,"data":{"duration_ms":0,"created":1568681877580},"id":"ui.latency"}}
{"recorder_version":"11","session":"c3f56fbc129b","build":"191.8026.42.35.5791312","bucket":"43","time":1568681977669,"group":{"id":"performance","version":"11"},"event":{"count":1,"data":{"duration_ms":0,"created":1568681977669},"id":"ui.latency"}}
{"recorder_version":"11","session":"c3f56fbc129b","build":"191.8026.42.35.5791312","bucket":"43","time":1568682077751,"group":{"id":"performance","version":"11"},"event":{"count":1,"data":{"duration_ms":0,"created":1568682077751},"id":"ui.latency"}}
{"recorder_version":"11","session":"c3f56fbc129b","build":"191.8026.42.35.5791312","bucket":"43","time":1568682177812,"group":{"id":"performance","version":"11"},"event":{"count":1,"data":{"duration_ms":0,"created":1568682177812},"id":"ui.latency"}}
{"recorder_version":"11","session":"c3f56fbc129b","build":"191.8026.42.35.5791312","bucket":"43","time":1568682277878,"group":{"id":"performance","version":"11"},"event":{"count":1,"data":{"duration_ms":0,"created":1568682277878},"id":"ui.latency"}}
{"recorder_version":"11","session":"c3f56fbc129b","build":"191.8026.42.35.5791312","bucket":"43","time":1568682377956,"group":{"id":"performance","version":"11"},"event":{"count":1,"data":{"duration_ms":0,"created":1568682377956},"id":"ui.latency"}}
{"recorder_version":"11","session":"c3f56fbc129b","build":"191.8026.42.35.5791312","bucket":"43","time":1568682478011,"group":{"id":"performance","version":"11"},"event":{"count":1,"data":{"duration_ms":0,"created":1568682478011},"id":"ui.latency"}}
{"recorder_version":"11","session":"c3f56fbc129b","build":"191.8026.42.35.5791312","bucket":"43","time":1568682578070,"group":{"id":"performance","version":"11"},"event":{"count":1,"data":{"duration_ms":0,"created":1568682578070},"id":"ui.latency"}}
{"recorder_version":"11","session":"c3f56fbc129b","build":"191.8026.42.35.5791312","bucket":"43","time":1568682678134,"group":{"id":"performance","version":"11"},"event":{"count":1,"data":{"duration_ms":0,"created":1568682678134},"id":"ui.latency"}}
{"recorder_version":"11","session":"c3f56fbc129b","build":"191.8026.42.35.5791312","bucket":"43","time":1568682778198,"group":{"id":"performance","version":"11"},"event":{"count":1,"data":{"duration_ms":0,"created":1568682778198},"id":"ui.latency"}}
{"recorder_version":"11","session":"c3f56fbc129b","build":"191.8026.42.35.5791312","bucket":"43","time":1568682878264,"group":{"id":"performance","version":"11"},"event":{"count":1,"data":{"duration_ms":0,"created":1568682878264},"id":"ui.latency"}}
{"recorder_version":"11","session":"c3f56fbc129b","build":"191.8026.42.35.5791312","bucket":"43","time":1568682978358,"group":{"id":"performance","version":"11"},"event":{"count":1,"data":{"duration_ms":0,"created":1568682978358},"id":"ui.latency"}}
{"recorder_version":"11","session":"c3f56fbc129b","build":"191.8026.42.35.5791312","bucket":"43","time":1568683078444,"group":{"id":"performance","version":"11"},"event":{"count":1,"data":{"duration_ms":0,"created":1568683078444},"id":"ui.latency"}}
{"recorder_version":"11","session":"c3f56fbc129b","build":"191.8026.42.35.5791312","bucket":"43","time":1568683178502,"group":{"id":"performance","version":"11"},"event":{"count":1,"data":{"duration_ms":0,"created":1568683178502},"id":"ui.latency"}}
{"recorder_version":"11","session":"c3f56fbc129b","build":"191.8026.42.35.5791312","bucket":"43","time":1568683278565,"group":{"id":"performance","version":"11"},"event":{"count":1,"data":{"duration_ms":0,"created":1568683278565},"id":"ui.latency"}}
{"recorder_version":"11","session":"c3f56fbc129b","build":"191.8026.42.35.5791312","bucket":"43","time":1568683378625,"group":{"id":"performance","version":"11"},"event":{"count":1,"data":{"duration_ms":0,"created":1568683378625},"id":"ui.latency"}}
{"recorder_version":"11","session":"c3f56fbc129b","build":"191.8026.42.35.5791312","bucket":"43","time":1568683478684,"group":{"id":"performance","version":"11"},"event":{"count":1,"data":{"duration_ms":0,"created":1568683478684},"id":"ui.latency"}}
{"recorder_version":"11","session":"c3f56fbc129b","build":"191.8026.42.35.5791312","bucket":"43","time":1568683578742,"group":{"id":"performance","version":"11"},"event":{"count":1,"data":{"duration_ms":0,"created":1568683578742},"id":"ui.latency"}}
{"recorder_version":"11","session":"c3f56fbc129b","build":"191.8026.42.35.5791312","bucket":"43","time":1568683678803,"group":{"id":"performance","version":"11"},"event":{"count":1,"data":{"duration_ms":0,"created":1568683678803},"id":"ui.latency"}}
{"recorder_version":"11","session":"c3f56fbc129b","build":"191.8026.42.35.5791312","bucket":"43","time":1568683778854,"group":{"id":"performance","version":"11"},"event":{"count":1,"data":{"duration_ms":0,"created":1568683778854},"id":"ui.latency"}}
{"recorder_version":"11","session":"c3f56fbc129b","build":"191.8026.42.35.5791312","bucket":"43","time":1568683878918,"group":{"id":"performance","version":"11"},"event":{"count":1,"data":{"duration_ms":0,"created":1568683878918},"id":"ui.latency"}}
{"recorder_version":"11","session":"c3f56fbc129b","build":"191.8026.42.35.5791312","bucket":"43","time":1568683978984,"group":{"id":"performance","version":"11"},"event":{"count":1,"data":{"duration_ms":0,"created":1568683978984},"id":"ui.latency"}}
{"recorder_version":"11","session":"c3f56fbc129b","build":"191.8026.42.35.5791312","bucket":"43","time":1568684079040,"group":{"id":"performance","version":"11"},"event":{"count":1,"data":{"duration_ms":0,"created":1568684079040},"id":"ui.latency"}}
{"recorder_version":"11","session":"c3f56fbc129b","build":"191.8026.42.35.5791312","bucket":"43","time":1568684179100,"group":{"id":"performance","version":"11"},"event":{"count":1,"data":{"duration_ms":0,"created":1568684179100},"id":"ui.latency"}}
{"recorder_version":"11","session":"c3f56fbc129b","build":"191.8026.42.35.5791312","bucket":"43","time":1568684279162,"group":{"id":"performance","version":"11"},"event":{"count":1,"data":{"duration_ms":0,"created":1568684279162},"id":"ui.latency"}}
{"recorder_version":"11","session":"c3f56fbc129b","build":"191.8026.42.35.5791312","bucket":"43","time":1568684379220,"group":{"id":"performance","version":"11"},"event":{"count":1,"data":{"duration_ms":0,"created":1568684379220},"id":"ui.latency"}}
{"recorder_version":"11","session":"c3f56fbc129b","build":"191.8026.42.35.5791312","bucket":"43","time":1568684479286,"group":{"id":"performance","version":"11"},"event":{"count":1,"data":{"duration_ms":0,"created":1568684479286},"id":"ui.latency"}}
{"recorder_version":"11","session":"c3f56fbc129b","build":"191.8026.42.35.5791312","bucket":"43","time":1568684579338,"group":{"id":"performance","version":"11"},"event":{"count":1,"data":{"duration_ms":0,"created":1568684579338},"id":"ui.latency"}}
{"recorder_version":"11","session":"c3f56fbc129b","build":"191.8026.42.35.5791312","bucket":"43","time":1568684679415,"group":{"id":"performance","version":"11"},"event":{"count":1,"data":{"duration_ms":0,"created":1568684679415},"id":"ui.latency"}}
{"recorder_version":"11","session":"c3f56fbc129b","build":"191.8026.42.35.5791312","bucket":"43","time":1568684779484,"group":{"id":"performance","version":"11"},"event":{"count":1,"data":{"duration_ms":0,"created":1568684779484},"id":"ui.latency"}}
{"recorder_version":"11","session":"c3f56fbc129b","build":"191.8026.42.35.5791312","bucket":"43","time":1568684879544,"group":{"id":"performance","version":"11"},"event":{"count":1,"data":{"duration_ms":0,"created":1568684879544},"id":"ui.latency"}}
{"recorder_version":"11","session":"c3f56fbc129b","build":"191.8026.42.35.5791312","bucket":"43","time":1568684979607,"group":{"id":"performance","version":"11"},"event":{"count":1,"data":{"duration_ms":0,"created":1568684979607},"id":"ui.latency"}}
{"recorder_version":"11","session":"c3f56fbc129b","build":"191.8026.42.35.5791312","bucket":"43","time":1568685079670,"group":{"id":"performance","version":"11"},"event":{"count":1,"data":{"duration_ms":0,"created":1568685079670},"id":"ui.latency"}}
{"recorder_version":"11","session":"c3f56fbc129b","build":"191.8026.42.35.5791312","bucket":"43","time":1568685179729,"group":{"id":"performance","version":"11"},"event":{"count":1,"data":{"duration_ms":0,"created":1568685179729},"id":"ui.latency"}}
{"recorder_version":"11","session":"c3f56fbc129b","build":"191.8026.42.35.5791312","bucket":"43","time":1568685279783,"group":{"id":"performance","version":"11"},"event":{"count":1,"data":{"duration_ms":0,"created":1568685279783},"id":"ui.latency"}}
{"recorder_version":"11","session":"c3f56fbc129b","build":"191.8026.42.35.5791312","bucket":"43","time":1568685379844,"group":{"id":"performance","version":"11"},"event":{"count":1,"data":{"duration_ms":0,"created":1568685379844},"id":"ui.latency"}}
{"recorder_version":"11","session":"c3f56fbc129b","build":"191.8026.42.35.5791312","bucket":"43","time":1568685479907,"group":{"id":"performance","version":"11"},"event":{"count":1,"data":{"duration_ms":0,"created":1568685479907},"id":"ui.latency"}}
{"recorder_version":"11","session":"c3f56fbc129b","build":"191.8026.42.35.5791312","bucket":"43","time":1568685579964,"group":{"id":"performance","version":"11"},"event":{"count":1,"data":{"duration_ms":0,"created":1568685579964},"id":"ui.latency"}}
{"recorder_version":"11","session":"c3f56fbc129b","build":"191.8026.42.35.5791312","bucket":"43","time":1568685680027,"group":{"id":"performance","version":"11"},"event":{"count":1,"data":{"duration_ms":0,"created":1568685680027},"id":"ui.latency"}}
{"recorder_version":"11","session":"c3f56fbc129b","build":"191.8026.42.35.5791312","bucket":"43","time":1568685780089,"group":{"id":"performance","version":"11"},"event":{"count":1,"data":{"duration_ms":0,"created":1568685780089},"id":"ui.latency"}}
{"recorder_version":"11","session":"c3f56fbc129b","build":"191.8026.42.35.5791312","bucket":"43","time":1568685880152,"group":{"id":"performance","version":"11"},"event":{"count":1,"data":{"duration_ms":0,"created":1568685880152},"id":"ui.latency"}}
{"recorder_version":"11","session":"c3f56fbc129b","build":"191.8026.42.35.5791312","bucket":"43","time":1568685980220,"group":{"id":"performance","version":"11"},"event":{"count":1,"data":{"duration_ms":0,"created":1568685980220},"id":"ui.latency"}}
{"recorder_version":"11","session":"c3f56fbc129b","build":"191.8026.42.35.5791312","bucket":"43","time":1568686080277,"group":{"id":"performance","version":"11"},"event":{"count":1,"data":{"duration_ms":0,"created":1568686080277},"id":"ui.latency"}}
{"recorder_version":"11","session":"c3f56fbc129b","build":"191.8026.42.35.5791312","bucket":"43","time":1568686180341,"group":{"id":"performance","version":"11"},"event":{"count":1,"data":{"duration_ms":0,"created":1568686180341},"id":"ui.latency"}}
{"recorder_version":"11","session":"c3f56fbc129b","build":"191.8026.42.35.5791312","bucket":"43","time":1568686280429,"group":{"id":"performance","version":"11"},"event":{"count":1,"data":{"duration_ms":0,"created":1568686280429},"id":"ui.latency"}}
{"recorder_version":"11","session":"c3f56fbc129b","build":"191.8026.42.35.5791312","bucket":"43","time":1568686380493,"group":{"id":"performance","version":"11"},"event":{"count":1,"data":{"duration_ms":0,"created":1568686380493},"id":"ui.latency"}}
{"recorder_version":"11","session":"c3f56fbc129b","build":"191.8026.42.35.5791312","bucket":"43","time":1568686480558,"group":{"id":"performance","version":"11"},"event":{"count":1,"data":{"duration_ms":0,"created":1568686480558},"id":"ui.latency"}}
{"recorder_version":"11","session":"c3f56fbc129b","build":"191.8026.42.35.5791312","bucket":"43","time":1568686580618,"group":{"id":"performance","version":"11"},"event":{"count":1,"data":{"duration_ms":0,"created":1568686580618},"id":"ui.latency"}}
{"recorder_version":"11","session":"c3f56fbc129b","build":"191.8026.42.35.5791312","bucket":"43","time":1568686680674,"group":{"id":"performance","version":"11"},"event":{"count":1,"data":{"duration_ms":0,"created":1568686680674},"id":"ui.latency"}}
{"recorder_version":"11","session":"c3f56fbc129b","build":"191.8026.42.35.5791312","bucket":"43","time":1568686780734,"group":{"id":"performance","version":"11"},"event":{"count":1,"data":{"duration_ms":0,"created":1568686780734},"id":"ui.latency"}}
{"recorder_version":"11","session":"c3f56fbc129b","build":"191.8026.42.35.5791312","bucket":"43","time":1568686880787,"group":{"id":"performance","version":"11"},"event":{"count":1,"data":{"duration_ms":0,"created":1568686880787},"id":"ui.latency"}}
{"recorder_version":"11","session":"c3f56fbc129b","build":"191.8026.42.35.5791312","bucket":"43","time":1568686980847,"group":{"id":"performance","version":"11"},"event":{"count":1,"data":{"duration_ms":0,"created":1568686980847},"id":"ui.latency"}}
{"recorder_version":"11","session":"c3f56fbc129b","build":"191.8026.42.35.5791312","bucket":"43","time":1568687080911,"group":{"id":"performance","version":"11"},"event":{"count":1,"data":{"duration_ms":0,"created":1568687080911},"id":"ui.latency"}}
{"recorder_version":"11","session":"c3f56fbc129b","build":"191.8026.42.35.5791312","bucket":"43","time":1568687180976,"group":{"id":"performance","version":"11"},"event":{"count":1,"data":{"duration_ms":0,"created":1568687180976},"id":"ui.latency"}}
{"recorder_version":"11","session":"c3f56fbc129b","build":"191.8026.42.35.5791312","bucket":"43","time":1568687281041,"group":{"id":"performance","version":"11"},"event":{"count":1,"data":{"duration_ms":0,"created":1568687281041},"id":"ui.latency"}}
{"recorder_version":"11","session":"c3f56fbc129b","build":"191.8026.42.35.5791312","bucket":"43","time":1568687381095,"group":{"id":"performance","version":"11"},"event":{"count":1,"data":{"duration_ms":0,"created":1568687381095},"id":"ui.latency"}}
{"recorder_version":"11","session":"c3f56fbc129b","build":"191.8026.42.35.5791312","bucket":"43","time":1568687481147,"group":{"id":"performance","version":"11"},"event":{"count":1,"data":{"duration_ms":0,"created":1568687481147},"id":"ui.latency"}}
{"recorder_version":"11","session":"c3f56fbc129b","build":"191.8026.42.35.5791312","bucket":"43","time":1568687581202,"group":{"id":"performance","version":"11"},"event":{"count":1,"data":{"duration_ms":0,"created":1568687581202},"id":"ui.latency"}}
{"recorder_version":"11","session":"c3f56fbc129b","build":"191.8026.42.35.5791312","bucket":"43","time":1568687681252,"group":{"id":"performance","version":"11"},"event":{"count":1,"data":{"duration_ms":0,"created":1568687681252},"id":"ui.latency"}}
{"recorder_version":"11","session":"c3f56fbc129b","build":"191.8026.42.35.5791312","bucket":"43","time":1568687781302,"group":{"id":"performance","version":"11"},"event":{"count":1,"data":{"duration_ms":0,"created":1568687781302},"id":"ui.latency"}}
{"recorder_version":"11","session":"c3f56fbc129b","build":"191.8026.42.35.5791312","bucket":"43","time":1568687881366,"group":{"id":"performance","version":"11"},"event":{"count":1,"data":{"duration_ms":0,"created":1568687881366},"id":"ui.latency"}}
{"recorder_version":"11","session":"c3f56fbc129b","build":"191.8026.42.35.5791312","bucket":"43","time":1568687981457,"group":{"id":"performance","version":"11"},"event":{"count":1,"data":{"duration_ms":0,"created":1568687981457},"id":"ui.latency"}}
{"recorder_version":"11","session":"c3f56fbc129b","build":"191.8026.42.35.5791312","bucket":"43","time":1568688081599,"group":{"id":"performance","version":"11"},"event":{"count":1,"data":{"duration_ms":0,"created":1568688081599},"id":"ui.latency"}}
{"recorder_version":"11","session":"c3f56fbc129b","build":"191.8026.42.35.5791312","bucket":"43","time":1568688181682,"group":{"id":"performance","version":"11"},"event":{"count":1,"data":{"duration_ms":0,"created":1568688181682},"id":"ui.latency"}}
{"recorder_version":"11","session":"c3f56fbc129b","build":"191.8026.42.35.5791312","bucket":"43","time":1568688281768,"group":{"id":"performance","version":"11"},"event":{"count":1,"data":{"duration_ms":0,"created":1568688281768},"id":"ui.latency"}}
{"recorder_version":"11","session":"c3f56fbc129b","build":"191.8026.42.35.5791312","bucket":"43","time":1568688381863,"group":{"id":"performance","version":"11"},"event":{"count":1,"data":{"duration_ms":0,"created":1568688381863},"id":"ui.latency"}}
{"recorder_version":"11","session":"c3f56fbc129b","build":"191.8026.42.35.5791312","bucket":"43","time":1568688481942,"group":{"id":"performance","version":"11"},"event":{"count":1,"data":{"duration_ms":0,"created":1568688481942},"id":"ui.latency"}}
{"recorder_version":"11","session":"c3f56fbc129b","build":"191.8026.42.35.5791312","bucket":"43","time":1568688582015,"group":{"id":"performance","version":"11"},"event":{"count":1,"data":{"duration_ms":0,"created":1568688582015},"id":"ui.latency"}}
{"recorder_version":"11","session":"c3f56fbc129b","build":"191.8026.42.35.5791312","bucket":"43","time":1568688682106,"group":{"id":"performance","version":"11"},"event":{"count":1,"data":{"duration_ms":0,"created":1568688682106},"id":"ui.latency"}}
{"recorder_version":"11","session":"c3f56fbc129b","build":"191.8026.42.35.5791312","bucket":"43","time":1568688782224,"group":{"id":"performance","version":"11"},"event":{"count":1,"data":{"duration_ms":0,"created":1568688782224},"id":"ui.latency"}}
{"recorder_version":"11","session":"c3f56fbc129b","build":"191.8026.42.35.5791312","bucket":"43","time":1568688882323,"group":{"id":"performance","version":"11"},"event":{"count":1,"data":{"duration_ms":0,"created":1568688882323},"id":"ui.latency"}}
{"recorder_version":"11","session":"c3f56fbc129b","build":"191.8026.42.35.5791312","bucket":"43","time":1568688982450,"group":{"id":"performance","version":"11"},"event":{"count":1,"data":{"duration_ms":0,"created":1568688982450},"id":"ui.latency"}}
{"recorder_version":"11","session":"c3f56fbc129b","build":"191.8026.42.35.5791312","bucket":"43","time":1568689082548,"group":{"id":"performance","version":"11"},"event":{"count":1,"data":{"duration_ms":0,"created":1568689082548},"id":"ui.latency"}}
{"recorder_version":"11","session":"c3f56fbc129b","build":"191.8026.42.35.5791312","bucket":"43","time":1568689182663,"group":{"id":"performance","version":"11"},"event":{"count":1,"data":{"duration_ms":0,"created":1568689182663},"id":"ui.latency"}}
{"recorder_version":"11","session":"c3f56fbc129b","build":"191.8026.42.35.5791312","bucket":"43","time":1568689239650,"group":{"id":"actions","version":"11"},"event":{"count":1,"data":{"context_menu":false,"os":"Windows","created":1568689239650,"plugin_type":"PLATFORM","project":"1500428125507012a40420279e4e9e8b2f925dba0d5c9c885e74acbec1a27d83","place":"ToolwindowTitle","input_event":"MouseLeft"},"id":"com.intellij.openapi.wm.impl.ToolWindowHeader$HideAction"}}
{"recorder_version":"11","session":"c3f56fbc129b","build":"191.8026.42.35.5791312","bucket":"43","time":1568689239702,"group":{"id":"toolbar","version":"11"},"event":{"count":1,"data":{"os":"Windows","created":1568689239702,"plugin_type":"PLATFORM","place":"ToolwindowTitle"},"id":"com.intellij.openapi.wm.impl.ToolWindowHeader$HideAction"}}
{"recorder_version":"11","session":"c3f56fbc129b","build":"191.8026.42.35.5791312","bucket":"43","time":1568689241711,"group":{"id":"lifecycle","version":"11"},"event":{"count":1,"data":{"restart":false,"created":1568689241711},"id":"ide.close"}}
{"recorder_version":"11","session":"c3f56fbc129b","build":"191.8026.42.35.5791312","bucket":"43","time":1568689241788,"group":{"id":"lifecycle","version":"11"},"event":{"count":1,"data":{"created":1568689241788,"project":"1500428125507012a40420279e4e9e8b2f925dba0d5c9c885e74acbec1a27d83"},"id":"project.closed"}}
