{"recorder_version":"11","session":"dc0f3d4444a2","build":"191.8026.42.35.5791312","bucket":"43","time":1568560307655,"group":{"id":"settings","version":"2"},"event":{"state":true,"data":{"created":1568560307656,"invoked":true},"id":"NotRoamableUiSettings"}}
{"recorder_version":"11","session":"dc0f3d4444a2","build":"191.8026.42.35.5791312","bucket":"43","time":1568560307668,"group":{"id":"system.os","version":"1"},"event":{"state":true,"data":{"created":1568560307670,"version":"10.0"},"id":"Windows"}}
{"recorder_version":"11","session":"dc0f3d4444a2","build":"191.8026.42.35.5791312","bucket":"43","time":1568560307668,"group":{"id":"system.os","version":"1"},"event":{"state":true,"data":{"created":1568560307681},"id":"invoked"}}
{"recorder_version":"11","session":"dc0f3d4444a2","build":"191.8026.42.35.5791312","bucket":"43","time":1568560307668,"group":{"id":"system.java","version":"1"},"event":{"state":true,"data":{"created":1568560307681,"version":"1.8"},"id":"JetBrains"}}
{"recorder_version":"11","session":"dc0f3d4444a2","build":"191.8026.42.35.5791312","bucket":"43","time":1568560307668,"group":{"id":"system.java","version":"1"},"event":{"state":true,"data":{"created":1568560307683},"id":"invoked"}}
{"recorder_version":"11","session":"dc0f3d4444a2","build":"191.8026.42.35.5791312","bucket":"43","time":1568560307672,"group":{"id":"settings","version":"2"},"event":{"state":true,"data":{"default":false,"created":1568560307684,"name":"overrideLafFonts","value":true},"id":"UISettings"}}
{"recorder_version":"11","session":"dc0f3d4444a2","build":"191.8026.42.35.5791312","bucket":"43","time":1568560307673,"group":{"id":"settings","version":"2"},"event":{"state":true,"data":{"created":1568560307685,"invoked":true},"id":"UISettings"}}
{"recorder_version":"11","session":"dc0f3d4444a2","build":"191.8026.42.35.5791312","bucket":"43","time":1568560308873,"group":{"id":"settings","version":"2"},"event":{"state":true,"data":{"default":false,"created":1568560308874,"name":"confirmExit","value":false},"id":"GeneralSettings"}}
{"recorder_version":"11","session":"dc0f3d4444a2","build":"191.8026.42.35.5791312","bucket":"43","time":1568560308874,"group":{"id":"settings","version":"2"},"event":{"state":true,"data":{"created":1568560308874,"invoked":true},"id":"GeneralSettings"}}
{"recorder_version":"11","session":"dc0f3d4444a2","build":"191.8026.42.35.5791312","bucket":"43","time":1568560312211,"group":{"id":"performance","version":"11"},"event":{"count":1,"data":{"duration_ms":2587,"created":1568560312211},"id":"ui.latency"}}
{"recorder_version":"11","session":"dc0f3d4444a2","build":"191.8026.42.35.5791312","bucket":"43","time":1568560312211,"group":{"id":"performance","version":"11"},"event":{"count":1,"data":{"duration_ms":2587,"created":1568560312212},"id":"ui.lagging"}}
{"recorder_version":"11","session":"dc0f3d4444a2","build":"191.8026.42.35.5791312","bucket":"43","time":1568560312211,"group":{"id":"performance","version":"11"},"event":{"count":1,"data":{"duration_ms":1587,"created":1568560312212},"id":"ui.lagging"}}
{"recorder_version":"11","session":"dc0f3d4444a2","build":"191.8026.42.35.5791312","bucket":"43","time":1568560312214,"group":{"id":"performance","version":"11"},"event":{"count":1,"data":{"duration_ms":589,"created":1568560312214},"id":"ui.lagging"}}
{"recorder_version":"11","session":"dc0f3d4444a2","build":"191.8026.42.35.5791312","bucket":"43","time":1568560312554,"group":{"id":"ui.dialogs","version":"11"},"event":{"count":1,"data":{"created":1568560312554,"plugin_type":"PLATFORM","type":"show"},"id":"com.intellij.openapi.progress.util.ProgressDialog$MyDialogWrapper"}}
{"recorder_version":"11","session":"dc0f3d4444a2","build":"191.8026.42.35.5791312","bucket":"43","time":1568560314673,"group":{"id":"ui.dialogs","version":"11"},"event":{"count":1,"data":{"code":1,"created":1568560314673,"plugin_type":"PLATFORM","type":"close"},"id":"com.intellij.openapi.progress.util.ProgressDialog$MyDialogWrapper"}}
{"recorder_version":"11","session":"dc0f3d4444a2","build":"191.8026.42.35.5791312","bucket":"43","time":1568560314684,"group":{"id":"lifecycle","version":"11"},"event":{"count":1,"data":{"created":1568560314684,"project":"1500428125507012a40420279e4e9e8b2f925dba0d5c9c885e74acbec1a27d83"},"id":"project.opened"}}
{"recorder_version":"11","session":"dc0f3d4444a2","build":"191.8026.42.35.5791312","bucket":"43","time":1568560317346,"group":{"id":"toolwindow","version":"11"},"event":{"count":1,"data":{"os":"Windows","created":1568560317346,"plugin_type":"NOT_LISTED"},"id":"unknown"}}
{"recorder_version":"11","session":"dc0f3d4444a2","build":"191.8026.42.35.5791312","bucket":"43","time":1568560322517,"group":{"id":"performance","version":"11"},"event":{"count":1,"data":{"duration_ms":6863,"created":1568560322517},"id":"ui.lagging"}}
{"recorder_version":"11","session":"dc0f3d4444a2","build":"191.8026.42.35.5791312","bucket":"43","time":1568560322518,"group":{"id":"performance","version":"11"},"event":{"count":1,"data":{"duration_ms":5861,"created":1568560322518},"id":"ui.lagging"}}
{"recorder_version":"11","session":"dc0f3d4444a2","build":"191.8026.42.35.5791312","bucket":"43","time":1568560322518,"group":{"id":"performance","version":"11"},"event":{"count":1,"data":{"duration_ms":4857,"created":1568560322518},"id":"ui.lagging"}}
{"recorder_version":"11","session":"dc0f3d4444a2","build":"191.8026.42.35.5791312","bucket":"43","time":1568560322518,"group":{"id":"performance","version":"11"},"event":{"count":1,"data":{"duration_ms":3855,"created":1568560322518},"id":"ui.lagging"}}
{"recorder_version":"11","session":"dc0f3d4444a2","build":"191.8026.42.35.5791312","bucket":"43","time":1568560322518,"group":{"id":"performance","version":"11"},"event":{"count":1,"data":{"duration_ms":2854,"created":1568560322518},"id":"ui.lagging"}}
{"recorder_version":"11","session":"dc0f3d4444a2","build":"191.8026.42.35.5791312","bucket":"43","time":1568560322518,"group":{"id":"performance","version":"11"},"event":{"count":1,"data":{"duration_ms":1853,"created":1568560322519},"id":"ui.lagging"}}
{"recorder_version":"11","session":"dc0f3d4444a2","build":"191.8026.42.35.5791312","bucket":"43","time":1568560322518,"group":{"id":"performance","version":"11"},"event":{"count":1,"data":{"duration_ms":814,"created":1568560322519},"id":"ui.lagging"}}
{"recorder_version":"11","session":"dc0f3d4444a2","build":"191.8026.42.35.5791312","bucket":"43","time":1568560322538,"group":{"id":"ui.dialogs","version":"11"},"event":{"count":1,"data":{"created":1568560322538,"plugin_type":"PLATFORM","type":"show"},"id":"com.intellij.openapi.progress.util.ProgressDialog$MyDialogWrapper"}}
{"recorder_version":"11","session":"dc0f3d4444a2","build":"191.8026.42.35.5791312","bucket":"43","time":1568560322708,"group":{"id":"lifecycle","version":"11"},"event":{"count":1,"data":{"created":1568560322708,"duration_grouped":"8","duration_s":8},"id":"ide.freeze"}}
{"recorder_version":"11","session":"dc0f3d4444a2","build":"191.8026.42.35.5791312","bucket":"43","time":1568560322878,"group":{"id":"performance","version":"11"},"event":{"count":1,"data":{"duration_ms":173,"created":1568560322878},"id":"ui.lagging"}}
{"recorder_version":"11","session":"dc0f3d4444a2","build":"191.8026.42.35.5791312","bucket":"43","time":1568560325684,"group":{"id":"performance","version":"11"},"event":{"count":1,"data":{"duration_ms":802,"created":1568560325684},"id":"ui.lagging"}}
{"recorder_version":"11","session":"dc0f3d4444a2","build":"191.8026.42.35.5791312","bucket":"43","time":1568560326295,"group":{"id":"file.types.usage","version":"11"},"event":{"count":1,"data":{"created":1568560326295,"plugin_type":"PLATFORM","project":"1500428125507012a40420279e4e9e8b2f925dba0d5c9c885e74acbec1a27d83","type":"open"},"id":"JAVA"}}
{"recorder_version":"11","session":"dc0f3d4444a2","build":"191.8026.42.35.5791312","bucket":"43","time":1568560326316,"group":{"id":"performance","version":"11"},"event":{"count":1,"data":{"duration_ms":434,"created":1568560326316},"id":"ui.lagging"}}
{"recorder_version":"11","session":"dc0f3d4444a2","build":"191.8026.42.35.5791312","bucket":"43","time":1568560326557,"group":{"id":"file.types.usage","version":"11"},"event":{"count":2,"data":{"last":1568560326788,"created":1568560326558,"plugin_type":"PLATFORM","project":"1500428125507012a40420279e4e9e8b2f925dba0d5c9c885e74acbec1a27d83","type":"open"},"id":"JAVA"}}
{"recorder_version":"11","session":"dc0f3d4444a2","build":"191.8026.42.35.5791312","bucket":"43","time":1568560327134,"group":{"id":"file.types.usage","version":"11"},"event":{"count":1,"data":{"created":1568560327134,"plugin_type":"PLATFORM","project":"1500428125507012a40420279e4e9e8b2f925dba0d5c9c885e74acbec1a27d83","type":"open"},"id":"XML"}}
{"recorder_version":"11","session":"dc0f3d4444a2","build":"191.8026.42.35.5791312","bucket":"43","time":1568560327191,"group":{"id":"file.types.usage","version":"11"},"event":{"count":1,"data":{"created":1568560327191,"plugin_type":"PLATFORM","project":"1500428125507012a40420279e4e9e8b2f925dba0d5c9c885e74acbec1a27d83","type":"open"},"id":"JAVA"}}
{"recorder_version":"11","session":"dc0f3d4444a2","build":"191.8026.42.35.5791312","bucket":"43","time":1568560327403,"group":{"id":"file.types.usage","version":"11"},"event":{"count":3,"data":{"last":1568560327499,"created":1568560327403,"plugin_type":"PLATFORM","project":"1500428125507012a40420279e4e9e8b2f925dba0d5c9c885e74acbec1a27d83","type":"open"},"id":"XML"}}
{"recorder_version":"11","session":"dc0f3d4444a2","build":"191.8026.42.35.5791312","bucket":"43","time":1568560327539,"group":{"id":"file.types.usage","version":"11"},"event":{"count":1,"data":{"created":1568560327539,"plugin_type":"PLATFORM","project":"1500428125507012a40420279e4e9e8b2f925dba0d5c9c885e74acbec1a27d83","type":"open"},"id":"JAVA"}}
{"recorder_version":"11","session":"dc0f3d4444a2","build":"191.8026.42.35.5791312","bucket":"43","time":1568560327641,"group":{"id":"file.types.usage","version":"11"},"event":{"count":1,"data":{"schema":"Gradle","plugin":"org.intellij.groovy","created":1568560327641,"plugin_type":"JB_BUNDLED","project":"1500428125507012a40420279e4e9e8b2f925dba0d5c9c885e74acbec1a27d83","type":"open"},"id":"Groovy"}}
{"recorder_version":"11","session":"dc0f3d4444a2","build":"191.8026.42.35.5791312","bucket":"43","time":1568560327969,"group":{"id":"lifecycle","version":"11"},"event":{"count":1,"data":{"eap":false,"created":1568560327969},"id":"ide.start"}}
{"recorder_version":"11","session":"dc0f3d4444a2","build":"191.8026.42.35.5791312","bucket":"43","time":1568560328091,"group":{"id":"performance","version":"11"},"event":{"count":1,"data":{"duration_ms":200,"created":1568560328091},"id":"ui.lagging"}}
{"recorder_version":"11","session":"dc0f3d4444a2","build":"191.8026.42.35.5791312","bucket":"43","time":1568560328197,"group":{"id":"ui.tips","version":"1"},"event":{"count":1,"data":{"created":1568560328197},"id":"shown.automatically"}}
{"recorder_version":"11","session":"dc0f3d4444a2","build":"191.8026.42.35.5791312","bucket":"43","time":1568560328241,"group":{"id":"ui.dialogs","version":"11"},"event":{"count":1,"data":{"created":1568560328241,"plugin_type":"PLATFORM","type":"show"},"id":"com.intellij.ide.util.TipDialog"}}
{"recorder_version":"11","session":"dc0f3d4444a2","build":"191.8026.42.35.5791312","bucket":"43","time":1568560328288,"group":{"id":"project.fs","version":"1"},"event":{"state":true,"data":{"os":"Windows","cs-project":false,"created":1568560328288,"project":"1500428125507012a40420279e4e9e8b2f925dba0d5c9c885e74acbec1a27d83","cs-implicit":true,"cs-system":false},"id":"case-sensitivity"}}
{"recorder_version":"11","session":"dc0f3d4444a2","build":"191.8026.42.35.5791312","bucket":"43","time":1568560328288,"group":{"id":"project.fs","version":"1"},"event":{"state":true,"data":{"created":1568560328288},"id":"invoked"}}
{"recorder_version":"11","session":"dc0f3d4444a2","build":"191.8026.42.35.5791312","bucket":"43","time":1568560328291,"group":{"id":"project.fs","version":"1"},"event":{"state":true,"data":{"pct-non-watched":0,"created":1568560328291,"project":"1500428125507012a40420279e4e9e8b2f925dba0d5c9c885e74acbec1a27d83"},"id":"roots-watched"}}
{"recorder_version":"11","session":"dc0f3d4444a2","build":"191.8026.42.35.5791312","bucket":"43","time":1568560328292,"group":{"id":"project.fs","version":"1"},"event":{"state":true,"data":{"created":1568560328292},"id":"invoked"}}
{"recorder_version":"11","session":"dc0f3d4444a2","build":"191.8026.42.35.5791312","bucket":"43","time":1568560328437,"group":{"id":"ui.dialogs","version":"11"},"event":{"count":1,"data":{"code":1,"created":1568560328437,"plugin_type":"PLATFORM","type":"close"},"id":"com.intellij.openapi.progress.util.ProgressDialog$MyDialogWrapper"}}
{"recorder_version":"11","session":"dc0f3d4444a2","build":"191.8026.42.35.5791312","bucket":"43","time":1568560328462,"group":{"id":"lifecycle","version":"11"},"event":{"count":1,"data":{"created":1568560328462,"time_ms":16385,"project":"1500428125507012a40420279e4e9e8b2f925dba0d5c9c885e74acbec1a27d83"},"id":"project.opening.finished"}}
{"recorder_version":"11","session":"dc0f3d4444a2","build":"191.8026.42.35.5791312","bucket":"43","time":1568560336241,"group":{"id":"ui.dialogs","version":"11"},"event":{"count":1,"data":{"code":1,"created":1568560336241,"plugin_type":"PLATFORM","type":"close"},"id":"com.intellij.ide.util.TipDialog"}}
{"recorder_version":"11","session":"dc0f3d4444a2","build":"191.8026.42.35.5791312","bucket":"43","time":1568560347561,"group":{"id":"performance","version":"11"},"event":{"count":1,"data":{"duration_ms":260,"created":1568560347561},"id":"ui.lagging"}}
{"recorder_version":"11","session":"dc0f3d4444a2","build":"191.8026.42.35.5791312","bucket":"43","time":1568560376315,"group":{"id":"performance","version":"11"},"event":{"count":1,"data":{"duration_ms":313,"created":1568560376315},"id":"ui.lagging"}}
{"recorder_version":"11","session":"dc0f3d4444a2","build":"191.8026.42.35.5791312","bucket":"43","time":1568560413055,"group":{"id":"performance","version":"11"},"event":{"count":1,"data":{"duration_ms":0,"created":1568560413055},"id":"ui.latency"}}
{"recorder_version":"11","session":"dc0f3d4444a2","build":"191.8026.42.35.5791312","bucket":"43","time":1568560513141,"group":{"id":"performance","version":"11"},"event":{"count":1,"data":{"duration_ms":0,"created":1568560513141},"id":"ui.latency"}}
{"recorder_version":"11","session":"dc0f3d4444a2","build":"191.8026.42.35.5791312","bucket":"43","time":1568560612213,"group":{"id":"build.tools.actions","version":"1"},"event":{"count":1,"data":{"created":1568560612213},"id":"registered"}}
{"recorder_version":"11","session":"dc0f3d4444a2","build":"191.8026.42.35.5791312","bucket":"43","time":1568560612213,"group":{"id":"file.types.usage","version":"11"},"event":{"count":1,"data":{"created":1568560612213},"id":"registered"}}
{"recorder_version":"11","session":"dc0f3d4444a2","build":"191.8026.42.35.5791312","bucket":"43","time":1568560612213,"group":{"id":"actions.runAnything","version":"1"},"event":{"count":1,"data":{"created":1568560612213},"id":"registered"}}
{"recorder_version":"11","session":"dc0f3d4444a2","build":"191.8026.42.35.5791312","bucket":"43","time":1568560612213,"group":{"id":"toolwindow","version":"11"},"event":{"count":1,"data":{"created":1568560612213},"id":"registered"}}
{"recorder_version":"11","session":"dc0f3d4444a2","build":"191.8026.42.35.5791312","bucket":"43","time":1568560612213,"group":{"id":"live.templates","version":"11"},"event":{"count":1,"data":{"created":1568560612213},"id":"registered"}}
{"recorder_version":"11","session":"dc0f3d4444a2","build":"191.8026.42.35.5791312","bucket":"43","time":1568560612213,"group":{"id":"ide.self.update","version":"1"},"event":{"count":1,"data":{"created":1568560612213},"id":"registered"}}
{"recorder_version":"11","session":"dc0f3d4444a2","build":"191.8026.42.35.5791312","bucket":"43","time":1568560612213,"group":{"id":"cidr.testingFrameworks.usages","version":"1"},"event":{"count":1,"data":{"created":1568560612213},"id":"registered"}}
{"recorder_version":"11","session":"dc0f3d4444a2","build":"191.8026.42.35.5791312","bucket":"43","time":1568560612213,"group":{"id":"lifecycle","version":"11"},"event":{"count":1,"data":{"created":1568560612213},"id":"registered"}}
{"recorder_version":"11","session":"dc0f3d4444a2","build":"191.8026.42.35.5791312","bucket":"43","time":1568560612213,"group":{"id":"vcs.diff.trigger","version":"1"},"event":{"count":1,"data":{"created":1568560612214},"id":"registered"}}
{"recorder_version":"11","session":"dc0f3d4444a2","build":"191.8026.42.35.5791312","bucket":"43","time":1568560612213,"group":{"id":"vcs.log.trigger","version":"1"},"event":{"count":1,"data":{"created":1568560612214},"id":"registered"}}
{"recorder_version":"11","session":"dc0f3d4444a2","build":"191.8026.42.35.5791312","bucket":"43","time":1568560612213,"group":{"id":"productivity","version":"11"},"event":{"count":1,"data":{"created":1568560612214},"id":"registered"}}
{"recorder_version":"11","session":"dc0f3d4444a2","build":"191.8026.42.35.5791312","bucket":"43","time":1568560612213,"group":{"id":"debugger.breakpoints.usage","version":"1"},"event":{"count":1,"data":{"created":1568560612214},"id":"registered"}}
{"recorder_version":"11","session":"dc0f3d4444a2","build":"191.8026.42.35.5791312","bucket":"43","time":1568560612213,"group":{"id":"oc","version":"1"},"event":{"count":1,"data":{"created":1568560612214},"id":"registered"}}
{"recorder_version":"11","session":"dc0f3d4444a2","build":"191.8026.42.35.5791312","bucket":"43","time":1568560612213,"group":{"id":"intentions","version":"11"},"event":{"count":1,"data":{"created":1568560612214},"id":"registered"}}
{"recorder_version":"11","session":"dc0f3d4444a2","build":"191.8026.42.35.5791312","bucket":"43","time":1568560612213,"group":{"id":"ui.dialogs","version":"11"},"event":{"count":1,"data":{"created":1568560612214},"id":"registered"}}
{"recorder_version":"11","session":"dc0f3d4444a2","build":"191.8026.42.35.5791312","bucket":"43","time":1568560612213,"group":{"id":"vcs.back.forward.trigger","version":"1"},"event":{"count":1,"data":{"created":1568560612214},"id":"registered"}}
{"recorder_version":"11","session":"dc0f3d4444a2","build":"191.8026.42.35.5791312","bucket":"43","time":1568560612213,"group":{"id":"toolbar","version":"11"},"event":{"count":1,"data":{"created":1568560612214},"id":"registered"}}
{"recorder_version":"11","session":"dc0f3d4444a2","build":"191.8026.42.35.5791312","bucket":"43","time":1568560612213,"group":{"id":"build.gradle.actions","version":"1"},"event":{"count":1,"data":{"created":1568560612214},"id":"registered"}}
{"recorder_version":"11","session":"dc0f3d4444a2","build":"191.8026.42.35.5791312","bucket":"43","time":1568560612213,"group":{"id":"performance","version":"11"},"event":{"count":1,"data":{"created":1568560612214},"id":"registered"}}
{"recorder_version":"11","session":"dc0f3d4444a2","build":"191.8026.42.35.5791312","bucket":"43","time":1568560612213,"group":{"id":"searchEverywhere","version":"1"},"event":{"count":1,"data":{"created":1568560612215},"id":"registered"}}
{"recorder_version":"11","session":"dc0f3d4444a2","build":"191.8026.42.35.5791312","bucket":"43","time":1568560612213,"group":{"id":"ui.tips","version":"1"},"event":{"count":1,"data":{"created":1568560612215},"id":"registered"}}
{"recorder_version":"11","session":"dc0f3d4444a2","build":"191.8026.42.35.5791312","bucket":"43","time":1568560612213,"group":{"id":"import.old.config","version":"1"},"event":{"count":1,"data":{"created":1568560612215},"id":"registered"}}
{"recorder_version":"11","session":"dc0f3d4444a2","build":"191.8026.42.35.5791312","bucket":"43","time":1568560612213,"group":{"id":"json.schema","version":"1"},"event":{"count":1,"data":{"created":1568560612215},"id":"registered"}}
{"recorder_version":"11","session":"dc0f3d4444a2","build":"191.8026.42.35.5791312","bucket":"43","time":1568560612213,"group":{"id":"terminalShell","version":"1"},"event":{"count":1,"data":{"created":1568560612215},"id":"registered"}}
{"recorder_version":"11","session":"dc0f3d4444a2","build":"191.8026.42.35.5791312","bucket":"43","time":1568560612213,"group":{"id":"completion.postfix","version":"11"},"event":{"count":1,"data":{"created":1568560612215},"id":"registered"}}
{"recorder_version":"11","session":"dc0f3d4444a2","build":"191.8026.42.35.5791312","bucket":"43","time":1568560612213,"group":{"id":"actions","version":"11"},"event":{"count":1,"data":{"created":1568560612215},"id":"registered"}}
{"recorder_version":"11","session":"dc0f3d4444a2","build":"191.8026.42.35.5791312","bucket":"43","time":1568560612213,"group":{"id":"run.configuration.exec","version":"11"},"event":{"count":1,"data":{"created":1568560612216},"id":"registered"}}
{"recorder_version":"11","session":"dc0f3d4444a2","build":"191.8026.42.35.5791312","bucket":"43","time":1568560613237,"group":{"id":"performance","version":"11"},"event":{"count":1,"data":{"duration_ms":0,"created":1568560613237},"id":"ui.latency"}}
{"recorder_version":"11","session":"dc0f3d4444a2","build":"191.8026.42.35.5791312","bucket":"43","time":1568560713349,"group":{"id":"performance","version":"11"},"event":{"count":1,"data":{"duration_ms":0,"created":1568560713349},"id":"ui.latency"}}
{"recorder_version":"11","session":"dc0f3d4444a2","build":"191.8026.42.35.5791312","bucket":"43","time":1568560813448,"group":{"id":"performance","version":"11"},"event":{"count":1,"data":{"duration_ms":0,"created":1568560813448},"id":"ui.latency"}}
{"recorder_version":"11","session":"dc0f3d4444a2","build":"191.8026.42.35.5791312","bucket":"43","time":1568560913548,"group":{"id":"performance","version":"11"},"event":{"count":1,"data":{"duration_ms":0,"created":1568560913548},"id":"ui.latency"}}
{"recorder_version":"11","session":"dc0f3d4444a2","build":"191.8026.42.35.5791312","bucket":"43","time":1568561013639,"group":{"id":"performance","version":"11"},"event":{"count":1,"data":{"duration_ms":0,"created":1568561013639},"id":"ui.latency"}}
{"recorder_version":"11","session":"dc0f3d4444a2","build":"191.8026.42.35.5791312","bucket":"43","time":1568561113724,"group":{"id":"performance","version":"11"},"event":{"count":1,"data":{"duration_ms":0,"created":1568561113724},"id":"ui.latency"}}
{"recorder_version":"11","session":"dc0f3d4444a2","build":"191.8026.42.35.5791312","bucket":"43","time":1568561213842,"group":{"id":"performance","version":"11"},"event":{"count":1,"data":{"duration_ms":0,"created":1568561213842},"id":"ui.latency"}}
{"recorder_version":"11","session":"dc0f3d4444a2","build":"191.8026.42.35.5791312","bucket":"43","time":1568561313959,"group":{"id":"performance","version":"11"},"event":{"count":1,"data":{"duration_ms":0,"created":1568561313959},"id":"ui.latency"}}
{"recorder_version":"11","session":"dc0f3d4444a2","build":"191.8026.42.35.5791312","bucket":"43","time":1568561414084,"group":{"id":"performance","version":"11"},"event":{"count":1,"data":{"duration_ms":0,"created":1568561414084},"id":"ui.latency"}}
{"recorder_version":"11","session":"dc0f3d4444a2","build":"191.8026.42.35.5791312","bucket":"43","time":1568561514188,"group":{"id":"performance","version":"11"},"event":{"count":1,"data":{"duration_ms":0,"created":1568561514188},"id":"ui.latency"}}
{"recorder_version":"11","session":"dc0f3d4444a2","build":"191.8026.42.35.5791312","bucket":"43","time":1568561614302,"group":{"id":"performance","version":"11"},"event":{"count":1,"data":{"duration_ms":0,"created":1568561614302},"id":"ui.latency"}}
{"recorder_version":"11","session":"dc0f3d4444a2","build":"191.8026.42.35.5791312","bucket":"43","time":1568561714430,"group":{"id":"performance","version":"11"},"event":{"count":1,"data":{"duration_ms":0,"created":1568561714430},"id":"ui.latency"}}
{"recorder_version":"11","session":"dc0f3d4444a2","build":"191.8026.42.35.5791312","bucket":"43","time":1568561814540,"group":{"id":"performance","version":"11"},"event":{"count":1,"data":{"duration_ms":0,"created":1568561814540},"id":"ui.latency"}}
{"recorder_version":"11","session":"dc0f3d4444a2","build":"191.8026.42.35.5791312","bucket":"43","time":1568561914621,"group":{"id":"performance","version":"11"},"event":{"count":1,"data":{"duration_ms":0,"created":1568561914621},"id":"ui.latency"}}
{"recorder_version":"11","session":"dc0f3d4444a2","build":"191.8026.42.35.5791312","bucket":"43","time":1568562014713,"group":{"id":"performance","version":"11"},"event":{"count":1,"data":{"duration_ms":0,"created":1568562014713},"id":"ui.latency"}}
{"recorder_version":"11","session":"dc0f3d4444a2","build":"191.8026.42.35.5791312","bucket":"43","time":1568562114835,"group":{"id":"performance","version":"11"},"event":{"count":1,"data":{"duration_ms":0,"created":1568562114835},"id":"ui.latency"}}
{"recorder_version":"11","session":"dc0f3d4444a2","build":"191.8026.42.35.5791312","bucket":"43","time":1568562214954,"group":{"id":"performance","version":"11"},"event":{"count":1,"data":{"duration_ms":0,"created":1568562214954},"id":"ui.latency"}}
{"recorder_version":"11","session":"dc0f3d4444a2","build":"191.8026.42.35.5791312","bucket":"43","time":1568562315071,"group":{"id":"performance","version":"11"},"event":{"count":1,"data":{"duration_ms":0,"created":1568562315071},"id":"ui.latency"}}
{"recorder_version":"11","session":"dc0f3d4444a2","build":"191.8026.42.35.5791312","bucket":"43","time":1568562415185,"group":{"id":"performance","version":"11"},"event":{"count":1,"data":{"duration_ms":0,"created":1568562415185},"id":"ui.latency"}}
{"recorder_version":"11","session":"dc0f3d4444a2","build":"191.8026.42.35.5791312","bucket":"43","time":1568562515317,"group":{"id":"performance","version":"11"},"event":{"count":1,"data":{"duration_ms":0,"created":1568562515317},"id":"ui.latency"}}
{"recorder_version":"11","session":"dc0f3d4444a2","build":"191.8026.42.35.5791312","bucket":"43","time":1568562615428,"group":{"id":"performance","version":"11"},"event":{"count":1,"data":{"duration_ms":0,"created":1568562615428},"id":"ui.latency"}}
{"recorder_version":"11","session":"dc0f3d4444a2","build":"191.8026.42.35.5791312","bucket":"43","time":1568562715524,"group":{"id":"performance","version":"11"},"event":{"count":1,"data":{"duration_ms":0,"created":1568562715524},"id":"ui.latency"}}
{"recorder_version":"11","session":"dc0f3d4444a2","build":"191.8026.42.35.5791312","bucket":"43","time":1568562815626,"group":{"id":"performance","version":"11"},"event":{"count":1,"data":{"duration_ms":0,"created":1568562815626},"id":"ui.latency"}}
{"recorder_version":"11","session":"dc0f3d4444a2","build":"191.8026.42.35.5791312","bucket":"43","time":1568562915701,"group":{"id":"performance","version":"11"},"event":{"count":1,"data":{"duration_ms":0,"created":1568562915701},"id":"ui.latency"}}
{"recorder_version":"11","session":"dc0f3d4444a2","build":"191.8026.42.35.5791312","bucket":"43","time":1568563015790,"group":{"id":"performance","version":"11"},"event":{"count":1,"data":{"duration_ms":0,"created":1568563015790},"id":"ui.latency"}}
{"recorder_version":"11","session":"dc0f3d4444a2","build":"191.8026.42.35.5791312","bucket":"43","time":1568563030344,"group":{"id":"lifecycle","version":"11"},"event":{"count":1,"data":{"restart":false,"created":1568563030344},"id":"ide.close"}}
{"recorder_version":"11","session":"dc0f3d4444a2","build":"191.8026.42.35.5791312","bucket":"43","time":1568563030517,"group":{"id":"lifecycle","version":"11"},"event":{"count":1,"data":{"created":1568563030517,"project":"1500428125507012a40420279e4e9e8b2f925dba0d5c9c885e74acbec1a27d83"},"id":"project.closed"}}
