{"recorder_version":"11","session":"1d989fc90edf","build":"191.8026.42.35.5791312","bucket":"43","time":1568814544951,"group":{"id":"settings","version":"2"},"event":{"state":true,"data":{"created":1568814544952,"invoked":true},"id":"NotRoamableUiSettings"}}
{"recorder_version":"11","session":"1d989fc90edf","build":"191.8026.42.35.5791312","bucket":"43","time":1568814544957,"group":{"id":"system.os","version":"1"},"event":{"state":true,"data":{"created":1568814544966,"version":"10.0"},"id":"Windows"}}
{"recorder_version":"11","session":"1d989fc90edf","build":"191.8026.42.35.5791312","bucket":"43","time":1568814544957,"group":{"id":"system.os","version":"1"},"event":{"state":true,"data":{"created":1568814544978},"id":"invoked"}}
{"recorder_version":"11","session":"1d989fc90edf","build":"191.8026.42.35.5791312","bucket":"43","time":1568814544957,"group":{"id":"system.java","version":"1"},"event":{"state":true,"data":{"created":1568814544978,"version":"1.8"},"id":"JetBrains"}}
{"recorder_version":"11","session":"1d989fc90edf","build":"191.8026.42.35.5791312","bucket":"43","time":1568814544957,"group":{"id":"system.java","version":"1"},"event":{"state":true,"data":{"created":1568814544979},"id":"invoked"}}
{"recorder_version":"11","session":"1d989fc90edf","build":"191.8026.42.35.5791312","bucket":"43","time":1568814544970,"group":{"id":"settings","version":"2"},"event":{"state":true,"data":{"default":false,"created":1568814544980,"name":"overrideLafFonts","value":true},"id":"UISettings"}}
{"recorder_version":"11","session":"1d989fc90edf","build":"191.8026.42.35.5791312","bucket":"43","time":1568814544971,"group":{"id":"settings","version":"2"},"event":{"state":true,"data":{"created":1568814544981,"invoked":true},"id":"UISettings"}}
{"recorder_version":"11","session":"1d989fc90edf","build":"191.8026.42.35.5791312","bucket":"43","time":1568814546248,"group":{"id":"settings","version":"2"},"event":{"state":true,"data":{"default":false,"created":1568814546248,"name":"confirmExit","value":false},"id":"GeneralSettings"}}
{"recorder_version":"11","session":"1d989fc90edf","build":"191.8026.42.35.5791312","bucket":"43","time":1568814546248,"group":{"id":"settings","version":"2"},"event":{"state":true,"data":{"created":1568814546249,"invoked":true},"id":"GeneralSettings"}}
{"recorder_version":"11","session":"1d989fc90edf","build":"191.8026.42.35.5791312","bucket":"43","time":1568814550275,"group":{"id":"performance","version":"11"},"event":{"count":1,"data":{"duration_ms":3281,"created":1568814550275},"id":"ui.latency"}}
{"recorder_version":"11","session":"1d989fc90edf","build":"191.8026.42.35.5791312","bucket":"43","time":1568814550275,"group":{"id":"performance","version":"11"},"event":{"count":1,"data":{"duration_ms":3281,"created":1568814550276},"id":"ui.lagging"}}
{"recorder_version":"11","session":"1d989fc90edf","build":"191.8026.42.35.5791312","bucket":"43","time":1568814550275,"group":{"id":"performance","version":"11"},"event":{"count":1,"data":{"duration_ms":2281,"created":1568814550276},"id":"ui.lagging"}}
{"recorder_version":"11","session":"1d989fc90edf","build":"191.8026.42.35.5791312","bucket":"43","time":1568814550275,"group":{"id":"performance","version":"11"},"event":{"count":1,"data":{"duration_ms":1281,"created":1568814550277},"id":"ui.lagging"}}
{"recorder_version":"11","session":"1d989fc90edf","build":"191.8026.42.35.5791312","bucket":"43","time":1568814550294,"group":{"id":"performance","version":"11"},"event":{"count":1,"data":{"duration_ms":297,"created":1568814550294},"id":"ui.lagging"}}
{"recorder_version":"11","session":"1d989fc90edf","build":"191.8026.42.35.5791312","bucket":"43","time":1568814550618,"group":{"id":"ui.dialogs","version":"11"},"event":{"count":1,"data":{"created":1568814550618,"plugin_type":"PLATFORM","type":"show"},"id":"com.intellij.openapi.progress.util.ProgressDialog$MyDialogWrapper"}}
{"recorder_version":"11","session":"1d989fc90edf","build":"191.8026.42.35.5791312","bucket":"43","time":1568814553171,"group":{"id":"ui.dialogs","version":"11"},"event":{"count":1,"data":{"code":1,"created":1568814553171,"plugin_type":"PLATFORM","type":"close"},"id":"com.intellij.openapi.progress.util.ProgressDialog$MyDialogWrapper"}}
{"recorder_version":"11","session":"1d989fc90edf","build":"191.8026.42.35.5791312","bucket":"43","time":1568814553183,"group":{"id":"lifecycle","version":"11"},"event":{"count":1,"data":{"created":1568814553183,"project":"1500428125507012a40420279e4e9e8b2f925dba0d5c9c885e74acbec1a27d83"},"id":"project.opened"}}
{"recorder_version":"11","session":"1d989fc90edf","build":"191.8026.42.35.5791312","bucket":"43","time":1568814557258,"group":{"id":"performance","version":"11"},"event":{"count":1,"data":{"duration_ms":3251,"created":1568814557259},"id":"ui.lagging"}}
{"recorder_version":"11","session":"1d989fc90edf","build":"191.8026.42.35.5791312","bucket":"43","time":1568814557258,"group":{"id":"performance","version":"11"},"event":{"count":1,"data":{"duration_ms":2245,"created":1568814557259},"id":"ui.lagging"}}
{"recorder_version":"11","session":"1d989fc90edf","build":"191.8026.42.35.5791312","bucket":"43","time":1568814557258,"group":{"id":"performance","version":"11"},"event":{"count":1,"data":{"duration_ms":1237,"created":1568814557259},"id":"ui.lagging"}}
{"recorder_version":"11","session":"1d989fc90edf","build":"191.8026.42.35.5791312","bucket":"43","time":1568814557259,"group":{"id":"performance","version":"11"},"event":{"count":1,"data":{"duration_ms":203,"created":1568814557260},"id":"ui.lagging"}}
{"recorder_version":"11","session":"1d989fc90edf","build":"191.8026.42.35.5791312","bucket":"43","time":1568814557276,"group":{"id":"ui.dialogs","version":"11"},"event":{"count":1,"data":{"created":1568814557281,"plugin_type":"PLATFORM","type":"show"},"id":"com.intellij.openapi.progress.util.ProgressDialog$MyDialogWrapper"}}
{"recorder_version":"11","session":"1d989fc90edf","build":"191.8026.42.35.5791312","bucket":"43","time":1568814562175,"group":{"id":"file.types.usage","version":"11"},"event":{"count":1,"data":{"created":1568814562175,"plugin_type":"PLATFORM","project":"1500428125507012a40420279e4e9e8b2f925dba0d5c9c885e74acbec1a27d83","type":"open"},"id":"JAVA"}}
{"recorder_version":"11","session":"1d989fc90edf","build":"191.8026.42.35.5791312","bucket":"43","time":1568814562184,"group":{"id":"performance","version":"11"},"event":{"count":1,"data":{"duration_ms":122,"created":1568814562184},"id":"ui.lagging"}}
{"recorder_version":"11","session":"1d989fc90edf","build":"191.8026.42.35.5791312","bucket":"43","time":1568814562591,"group":{"id":"file.types.usage","version":"11"},"event":{"count":2,"data":{"last":1568814562876,"created":1568814562591,"plugin_type":"PLATFORM","project":"1500428125507012a40420279e4e9e8b2f925dba0d5c9c885e74acbec1a27d83","type":"open"},"id":"XML"}}
{"recorder_version":"11","session":"1d989fc90edf","build":"191.8026.42.35.5791312","bucket":"43","time":1568814562985,"group":{"id":"file.types.usage","version":"11"},"event":{"count":2,"data":{"last":1568814563086,"created":1568814562985,"plugin_type":"PLATFORM","project":"1500428125507012a40420279e4e9e8b2f925dba0d5c9c885e74acbec1a27d83","type":"open"},"id":"JAVA"}}
{"recorder_version":"11","session":"1d989fc90edf","build":"191.8026.42.35.5791312","bucket":"43","time":1568814563164,"group":{"id":"file.types.usage","version":"11"},"event":{"count":2,"data":{"last":1568814563233,"created":1568814563164,"plugin_type":"PLATFORM","project":"1500428125507012a40420279e4e9e8b2f925dba0d5c9c885e74acbec1a27d83","type":"open"},"id":"XML"}}
{"recorder_version":"11","session":"1d989fc90edf","build":"191.8026.42.35.5791312","bucket":"43","time":1568814563287,"group":{"id":"file.types.usage","version":"11"},"event":{"count":1,"data":{"created":1568814563287,"plugin_type":"PLATFORM","project":"1500428125507012a40420279e4e9e8b2f925dba0d5c9c885e74acbec1a27d83","type":"open"},"id":"JAVA"}}
{"recorder_version":"11","session":"1d989fc90edf","build":"191.8026.42.35.5791312","bucket":"43","time":1568814563369,"group":{"id":"file.types.usage","version":"11"},"event":{"count":1,"data":{"created":1568814563369,"plugin_type":"PLATFORM","project":"1500428125507012a40420279e4e9e8b2f925dba0d5c9c885e74acbec1a27d83","type":"open"},"id":"XML"}}
{"recorder_version":"11","session":"1d989fc90edf","build":"191.8026.42.35.5791312","bucket":"43","time":1568814563422,"group":{"id":"file.types.usage","version":"11"},"event":{"count":1,"data":{"created":1568814563422,"plugin_type":"PLATFORM","project":"1500428125507012a40420279e4e9e8b2f925dba0d5c9c885e74acbec1a27d83","type":"open"},"id":"JAVA"}}
{"recorder_version":"11","session":"1d989fc90edf","build":"191.8026.42.35.5791312","bucket":"43","time":1568814563455,"group":{"id":"lifecycle","version":"11"},"event":{"count":1,"data":{"eap":false,"created":1568814563455},"id":"ide.start"}}
{"recorder_version":"11","session":"1d989fc90edf","build":"191.8026.42.35.5791312","bucket":"43","time":1568814563976,"group":{"id":"toolwindow","version":"11"},"event":{"count":1,"data":{"os":"Windows","created":1568814563976,"plugin_type":"PLATFORM"},"id":"Project"}}
{"recorder_version":"11","session":"1d989fc90edf","build":"191.8026.42.35.5791312","bucket":"43","time":1568814564594,"group":{"id":"performance","version":"11"},"event":{"count":1,"data":{"duration_ms":531,"created":1568814564594},"id":"ui.lagging"}}
{"recorder_version":"11","session":"1d989fc90edf","build":"191.8026.42.35.5791312","bucket":"43","time":1568814564912,"group":{"id":"ui.tips","version":"1"},"event":{"count":1,"data":{"created":1568814564912},"id":"shown.automatically"}}
{"recorder_version":"11","session":"1d989fc90edf","build":"191.8026.42.35.5791312","bucket":"43","time":1568814564995,"group":{"id":"ui.dialogs","version":"11"},"event":{"count":1,"data":{"created":1568814564995,"plugin_type":"PLATFORM","type":"show"},"id":"com.intellij.ide.util.TipDialog"}}
{"recorder_version":"11","session":"1d989fc90edf","build":"191.8026.42.35.5791312","bucket":"43","time":1568814565177,"group":{"id":"performance","version":"11"},"event":{"count":1,"data":{"duration_ms":114,"created":1568814565177},"id":"ui.lagging"}}
{"recorder_version":"11","session":"1d989fc90edf","build":"191.8026.42.35.5791312","bucket":"43","time":1568814565268,"group":{"id":"project.fs","version":"1"},"event":{"state":true,"data":{"os":"Windows","cs-project":false,"created":1568814565268,"project":"1500428125507012a40420279e4e9e8b2f925dba0d5c9c885e74acbec1a27d83","cs-implicit":true,"cs-system":false},"id":"case-sensitivity"}}
{"recorder_version":"11","session":"1d989fc90edf","build":"191.8026.42.35.5791312","bucket":"43","time":1568814565268,"group":{"id":"project.fs","version":"1"},"event":{"state":true,"data":{"created":1568814565269},"id":"invoked"}}
{"recorder_version":"11","session":"1d989fc90edf","build":"191.8026.42.35.5791312","bucket":"43","time":1568814565269,"group":{"id":"project.fs","version":"1"},"event":{"state":true,"data":{"pct-non-watched":0,"created":1568814565269,"project":"1500428125507012a40420279e4e9e8b2f925dba0d5c9c885e74acbec1a27d83"},"id":"roots-watched"}}
{"recorder_version":"11","session":"1d989fc90edf","build":"191.8026.42.35.5791312","bucket":"43","time":1568814565269,"group":{"id":"project.fs","version":"1"},"event":{"state":true,"data":{"created":1568814565269},"id":"invoked"}}
{"recorder_version":"11","session":"1d989fc90edf","build":"191.8026.42.35.5791312","bucket":"43","time":1568814565493,"group":{"id":"ui.dialogs","version":"11"},"event":{"count":1,"data":{"code":1,"created":1568814565493,"plugin_type":"PLATFORM","type":"close"},"id":"com.intellij.openapi.progress.util.ProgressDialog$MyDialogWrapper"}}
{"recorder_version":"11","session":"1d989fc90edf","build":"191.8026.42.35.5791312","bucket":"43","time":1568814565602,"group":{"id":"lifecycle","version":"11"},"event":{"count":1,"data":{"created":1568814565602,"time_ms":15458,"project":"1500428125507012a40420279e4e9e8b2f925dba0d5c9c885e74acbec1a27d83"},"id":"project.opening.finished"}}
{"recorder_version":"11","session":"1d989fc90edf","build":"191.8026.42.35.5791312","bucket":"43","time":1568814635895,"group":{"id":"performance","version":"11"},"event":{"count":1,"data":{"duration_ms":511,"created":1568814635895},"id":"ui.lagging"}}
{"recorder_version":"11","session":"1d989fc90edf","build":"191.8026.42.35.5791312","bucket":"43","time":1568814641226,"group":{"id":"performance","version":"11"},"event":{"count":1,"data":{"duration_ms":817,"created":1568814641226},"id":"ui.lagging"}}
{"recorder_version":"11","session":"1d989fc90edf","build":"191.8026.42.35.5791312","bucket":"43","time":1568814650676,"group":{"id":"performance","version":"11"},"event":{"count":1,"data":{"duration_ms":0,"created":1568814650676},"id":"ui.latency"}}
{"recorder_version":"11","session":"1d989fc90edf","build":"191.8026.42.35.5791312","bucket":"43","time":1568814666916,"group":{"id":"performance","version":"11"},"event":{"count":1,"data":{"duration_ms":455,"created":1568814666916},"id":"ui.lagging"}}
{"recorder_version":"11","session":"1d989fc90edf","build":"191.8026.42.35.5791312","bucket":"43","time":1568814750749,"group":{"id":"performance","version":"11"},"event":{"count":1,"data":{"duration_ms":0,"created":1568814750749},"id":"ui.latency"}}
{"recorder_version":"11","session":"1d989fc90edf","build":"191.8026.42.35.5791312","bucket":"43","time":1568814850275,"group":{"id":"build.tools.actions","version":"1"},"event":{"count":1,"data":{"created":1568814850275},"id":"registered"}}
{"recorder_version":"11","session":"1d989fc90edf","build":"191.8026.42.35.5791312","bucket":"43","time":1568814850275,"group":{"id":"file.types.usage","version":"11"},"event":{"count":1,"data":{"created":1568814850276},"id":"registered"}}
{"recorder_version":"11","session":"1d989fc90edf","build":"191.8026.42.35.5791312","bucket":"43","time":1568814850275,"group":{"id":"actions.runAnything","version":"1"},"event":{"count":1,"data":{"created":1568814850276},"id":"registered"}}
{"recorder_version":"11","session":"1d989fc90edf","build":"191.8026.42.35.5791312","bucket":"43","time":1568814850275,"group":{"id":"toolwindow","version":"11"},"event":{"count":1,"data":{"created":1568814850277},"id":"registered"}}
{"recorder_version":"11","session":"1d989fc90edf","build":"191.8026.42.35.5791312","bucket":"43","time":1568814850275,"group":{"id":"live.templates","version":"11"},"event":{"count":1,"data":{"created":1568814850277},"id":"registered"}}
{"recorder_version":"11","session":"1d989fc90edf","build":"191.8026.42.35.5791312","bucket":"43","time":1568814850275,"group":{"id":"ide.self.update","version":"1"},"event":{"count":1,"data":{"created":1568814850277},"id":"registered"}}
{"recorder_version":"11","session":"1d989fc90edf","build":"191.8026.42.35.5791312","bucket":"43","time":1568814850275,"group":{"id":"cidr.testingFrameworks.usages","version":"1"},"event":{"count":1,"data":{"created":1568814850278},"id":"registered"}}
{"recorder_version":"11","session":"1d989fc90edf","build":"191.8026.42.35.5791312","bucket":"43","time":1568814850275,"group":{"id":"lifecycle","version":"11"},"event":{"count":1,"data":{"created":1568814850279},"id":"registered"}}
{"recorder_version":"11","session":"1d989fc90edf","build":"191.8026.42.35.5791312","bucket":"43","time":1568814850275,"group":{"id":"vcs.diff.trigger","version":"1"},"event":{"count":1,"data":{"created":1568814850279},"id":"registered"}}
{"recorder_version":"11","session":"1d989fc90edf","build":"191.8026.42.35.5791312","bucket":"43","time":1568814850275,"group":{"id":"vcs.log.trigger","version":"1"},"event":{"count":1,"data":{"created":1568814850279},"id":"registered"}}
{"recorder_version":"11","session":"1d989fc90edf","build":"191.8026.42.35.5791312","bucket":"43","time":1568814850275,"group":{"id":"productivity","version":"11"},"event":{"count":1,"data":{"created":1568814850280},"id":"registered"}}
{"recorder_version":"11","session":"1d989fc90edf","build":"191.8026.42.35.5791312","bucket":"43","time":1568814850275,"group":{"id":"debugger.breakpoints.usage","version":"1"},"event":{"count":1,"data":{"created":1568814850280},"id":"registered"}}
{"recorder_version":"11","session":"1d989fc90edf","build":"191.8026.42.35.5791312","bucket":"43","time":1568814850275,"group":{"id":"oc","version":"1"},"event":{"count":1,"data":{"created":1568814850281},"id":"registered"}}
{"recorder_version":"11","session":"1d989fc90edf","build":"191.8026.42.35.5791312","bucket":"43","time":1568814850275,"group":{"id":"intentions","version":"11"},"event":{"count":1,"data":{"created":1568814850281},"id":"registered"}}
{"recorder_version":"11","session":"1d989fc90edf","build":"191.8026.42.35.5791312","bucket":"43","time":1568814850275,"group":{"id":"ui.dialogs","version":"11"},"event":{"count":1,"data":{"created":1568814850282},"id":"registered"}}
{"recorder_version":"11","session":"1d989fc90edf","build":"191.8026.42.35.5791312","bucket":"43","time":1568814850275,"group":{"id":"vcs.back.forward.trigger","version":"1"},"event":{"count":1,"data":{"created":1568814850282},"id":"registered"}}
{"recorder_version":"11","session":"1d989fc90edf","build":"191.8026.42.35.5791312","bucket":"43","time":1568814850275,"group":{"id":"toolbar","version":"11"},"event":{"count":1,"data":{"created":1568814850283},"id":"registered"}}
{"recorder_version":"11","session":"1d989fc90edf","build":"191.8026.42.35.5791312","bucket":"43","time":1568814850275,"group":{"id":"build.gradle.actions","version":"1"},"event":{"count":1,"data":{"created":1568814850283},"id":"registered"}}
{"recorder_version":"11","session":"1d989fc90edf","build":"191.8026.42.35.5791312","bucket":"43","time":1568814850275,"group":{"id":"performance","version":"11"},"event":{"count":1,"data":{"created":1568814850283},"id":"registered"}}
{"recorder_version":"11","session":"1d989fc90edf","build":"191.8026.42.35.5791312","bucket":"43","time":1568814850275,"group":{"id":"searchEverywhere","version":"1"},"event":{"count":1,"data":{"created":1568814850284},"id":"registered"}}
{"recorder_version":"11","session":"1d989fc90edf","build":"191.8026.42.35.5791312","bucket":"43","time":1568814850275,"group":{"id":"ui.tips","version":"1"},"event":{"count":1,"data":{"created":1568814850284},"id":"registered"}}
{"recorder_version":"11","session":"1d989fc90edf","build":"191.8026.42.35.5791312","bucket":"43","time":1568814850275,"group":{"id":"import.old.config","version":"1"},"event":{"count":1,"data":{"created":1568814850284},"id":"registered"}}
{"recorder_version":"11","session":"1d989fc90edf","build":"191.8026.42.35.5791312","bucket":"43","time":1568814850275,"group":{"id":"json.schema","version":"1"},"event":{"count":1,"data":{"created":1568814850285},"id":"registered"}}
{"recorder_version":"11","session":"1d989fc90edf","build":"191.8026.42.35.5791312","bucket":"43","time":1568814850275,"group":{"id":"terminalShell","version":"1"},"event":{"count":1,"data":{"created":1568814850285},"id":"registered"}}
{"recorder_version":"11","session":"1d989fc90edf","build":"191.8026.42.35.5791312","bucket":"43","time":1568814850275,"group":{"id":"completion.postfix","version":"11"},"event":{"count":1,"data":{"created":1568814850286},"id":"registered"}}
{"recorder_version":"11","session":"1d989fc90edf","build":"191.8026.42.35.5791312","bucket":"43","time":1568814850275,"group":{"id":"actions","version":"11"},"event":{"count":1,"data":{"created":1568814850286},"id":"registered"}}
{"recorder_version":"11","session":"1d989fc90edf","build":"191.8026.42.35.5791312","bucket":"43","time":1568814850275,"group":{"id":"run.configuration.exec","version":"11"},"event":{"count":1,"data":{"created":1568814850286},"id":"registered"}}
{"recorder_version":"11","session":"1d989fc90edf","build":"191.8026.42.35.5791312","bucket":"43","time":1568814850837,"group":{"id":"performance","version":"11"},"event":{"count":1,"data":{"duration_ms":0,"created":1568814850837},"id":"ui.latency"}}
{"recorder_version":"11","session":"1d989fc90edf","build":"191.8026.42.35.5791312","bucket":"43","time":1568814950951,"group":{"id":"performance","version":"11"},"event":{"count":1,"data":{"duration_ms":0,"created":1568814950952},"id":"ui.latency"}}
{"recorder_version":"11","session":"1d989fc90edf","build":"191.8026.42.35.5791312","bucket":"43","time":1568815051084,"group":{"id":"performance","version":"11"},"event":{"count":1,"data":{"duration_ms":0,"created":1568815051084},"id":"ui.latency"}}
{"recorder_version":"11","session":"1d989fc90edf","build":"191.8026.42.35.5791312","bucket":"43","time":1568815151276,"group":{"id":"performance","version":"11"},"event":{"count":1,"data":{"duration_ms":0,"created":1568815151276},"id":"ui.latency"}}
{"recorder_version":"11","session":"1d989fc90edf","build":"191.8026.42.35.5791312","bucket":"43","time":1568815251410,"group":{"id":"performance","version":"11"},"event":{"count":1,"data":{"duration_ms":0,"created":1568815251410},"id":"ui.latency"}}
{"recorder_version":"11","session":"1d989fc90edf","build":"191.8026.42.35.5791312","bucket":"43","time":1568815269903,"group":{"id":"lifecycle","version":"11"},"event":{"count":1,"data":{"restart":false,"created":1568815269903},"id":"ide.close"}}
{"recorder_version":"11","session":"1d989fc90edf","build":"191.8026.42.35.5791312","bucket":"43","time":1568815269969,"group":{"id":"lifecycle","version":"11"},"event":{"count":1,"data":{"created":1568815269969,"project":"1500428125507012a40420279e4e9e8b2f925dba0d5c9c885e74acbec1a27d83"},"id":"project.closed"}}
