{"recorder_version":"11","session":"4c669cef8b87","build":"191.8026.42.35.5791312","bucket":"43","time":1569002252658,"group":{"id":"settings","version":"2"},"event":{"state":true,"data":{"created":1569002252659,"invoked":true},"id":"NotRoamableUiSettings"}}
{"recorder_version":"11","session":"4c669cef8b87","build":"191.8026.42.35.5791312","bucket":"43","time":1569002252664,"group":{"id":"system.os","version":"1"},"event":{"state":true,"data":{"created":1569002252674,"version":"10.0"},"id":"Windows"}}
{"recorder_version":"11","session":"4c669cef8b87","build":"191.8026.42.35.5791312","bucket":"43","time":1569002252664,"group":{"id":"system.os","version":"1"},"event":{"state":true,"data":{"created":1569002252685},"id":"invoked"}}
{"recorder_version":"11","session":"4c669cef8b87","build":"191.8026.42.35.5791312","bucket":"43","time":1569002252664,"group":{"id":"system.java","version":"1"},"event":{"state":true,"data":{"created":1569002252686,"version":"1.8"},"id":"JetBrains"}}
{"recorder_version":"11","session":"4c669cef8b87","build":"191.8026.42.35.5791312","bucket":"43","time":1569002252664,"group":{"id":"system.java","version":"1"},"event":{"state":true,"data":{"created":1569002252687},"id":"invoked"}}
{"recorder_version":"11","session":"4c669cef8b87","build":"191.8026.42.35.5791312","bucket":"43","time":1569002252674,"group":{"id":"settings","version":"2"},"event":{"state":true,"data":{"default":false,"created":1569002252689,"name":"overrideLafFonts","value":true},"id":"UISettings"}}
{"recorder_version":"11","session":"4c669cef8b87","build":"191.8026.42.35.5791312","bucket":"43","time":1569002252675,"group":{"id":"settings","version":"2"},"event":{"state":true,"data":{"created":1569002252690,"invoked":true},"id":"UISettings"}}
{"recorder_version":"11","session":"4c669cef8b87","build":"191.8026.42.35.5791312","bucket":"43","time":1569002253938,"group":{"id":"settings","version":"2"},"event":{"state":true,"data":{"default":false,"created":1569002253938,"name":"confirmExit","value":false},"id":"GeneralSettings"}}
{"recorder_version":"11","session":"4c669cef8b87","build":"191.8026.42.35.5791312","bucket":"43","time":1569002253938,"group":{"id":"settings","version":"2"},"event":{"state":true,"data":{"created":1569002253939,"invoked":true},"id":"GeneralSettings"}}
{"recorder_version":"11","session":"4c669cef8b87","build":"191.8026.42.35.5791312","bucket":"43","time":1569002257432,"group":{"id":"performance","version":"11"},"event":{"count":1,"data":{"duration_ms":2757,"created":1569002257433},"id":"ui.latency"}}
{"recorder_version":"11","session":"4c669cef8b87","build":"191.8026.42.35.5791312","bucket":"43","time":1569002257433,"group":{"id":"performance","version":"11"},"event":{"count":1,"data":{"duration_ms":2757,"created":1569002257433},"id":"ui.lagging"}}
{"recorder_version":"11","session":"4c669cef8b87","build":"191.8026.42.35.5791312","bucket":"43","time":1569002257433,"group":{"id":"performance","version":"11"},"event":{"count":1,"data":{"duration_ms":1757,"created":1569002257434},"id":"ui.lagging"}}
{"recorder_version":"11","session":"4c669cef8b87","build":"191.8026.42.35.5791312","bucket":"43","time":1569002257435,"group":{"id":"performance","version":"11"},"event":{"count":1,"data":{"duration_ms":758,"created":1569002257435},"id":"ui.lagging"}}
{"recorder_version":"11","session":"4c669cef8b87","build":"191.8026.42.35.5791312","bucket":"43","time":1569002257771,"group":{"id":"ui.dialogs","version":"11"},"event":{"count":1,"data":{"created":1569002257771,"plugin_type":"PLATFORM","type":"show"},"id":"com.intellij.openapi.progress.util.ProgressDialog$MyDialogWrapper"}}
{"recorder_version":"11","session":"4c669cef8b87","build":"191.8026.42.35.5791312","bucket":"43","time":1569002259526,"group":{"id":"ui.dialogs","version":"11"},"event":{"count":1,"data":{"code":1,"created":1569002259526,"plugin_type":"PLATFORM","type":"close"},"id":"com.intellij.openapi.progress.util.ProgressDialog$MyDialogWrapper"}}
{"recorder_version":"11","session":"4c669cef8b87","build":"191.8026.42.35.5791312","bucket":"43","time":1569002259540,"group":{"id":"lifecycle","version":"11"},"event":{"count":1,"data":{"created":1569002259540,"project":"a044dde8734413f40b8de81a41d44a733079f70ea46f72eca24629031a6cc0a8"},"id":"project.opened"}}
{"recorder_version":"11","session":"4c669cef8b87","build":"191.8026.42.35.5791312","bucket":"43","time":1569002262696,"group":{"id":"performance","version":"11"},"event":{"count":1,"data":{"duration_ms":3010,"created":1569002262697},"id":"ui.lagging"}}
{"recorder_version":"11","session":"4c669cef8b87","build":"191.8026.42.35.5791312","bucket":"43","time":1569002262712,"group":{"id":"performance","version":"11"},"event":{"count":1,"data":{"duration_ms":2027,"created":1569002262712},"id":"ui.lagging"}}
{"recorder_version":"11","session":"4c669cef8b87","build":"191.8026.42.35.5791312","bucket":"43","time":1569002262712,"group":{"id":"performance","version":"11"},"event":{"count":1,"data":{"duration_ms":1026,"created":1569002262712},"id":"ui.lagging"}}
{"recorder_version":"11","session":"4c669cef8b87","build":"191.8026.42.35.5791312","bucket":"43","time":1569002262717,"group":{"id":"ui.dialogs","version":"11"},"event":{"count":1,"data":{"created":1569002262717,"plugin_type":"PLATFORM","type":"show"},"id":"com.intellij.openapi.progress.util.ProgressDialog$MyDialogWrapper"}}
{"recorder_version":"11","session":"4c669cef8b87","build":"191.8026.42.35.5791312","bucket":"43","time":1569002266630,"group":{"id":"performance","version":"11"},"event":{"count":1,"data":{"duration_ms":825,"created":1569002266630},"id":"ui.lagging"}}
{"recorder_version":"11","session":"4c669cef8b87","build":"191.8026.42.35.5791312","bucket":"43","time":1569002267359,"group":{"id":"performance","version":"11"},"event":{"count":1,"data":{"duration_ms":554,"created":1569002267360},"id":"ui.lagging"}}
{"recorder_version":"11","session":"4c669cef8b87","build":"191.8026.42.35.5791312","bucket":"43","time":1569002268361,"group":{"id":"file.types.usage","version":"11"},"event":{"count":1,"data":{"created":1569002268361,"plugin_type":"PLATFORM","project":"a044dde8734413f40b8de81a41d44a733079f70ea46f72eca24629031a6cc0a8","type":"open"},"id":"XML"}}
{"recorder_version":"11","session":"4c669cef8b87","build":"191.8026.42.35.5791312","bucket":"43","time":1569002268428,"group":{"id":"performance","version":"11"},"event":{"count":1,"data":{"duration_ms":623,"created":1569002268428},"id":"ui.lagging"}}
{"recorder_version":"11","session":"4c669cef8b87","build":"191.8026.42.35.5791312","bucket":"43","time":1569002268679,"group":{"id":"file.types.usage","version":"11"},"event":{"count":1,"data":{"created":1569002268679,"plugin_type":"PLATFORM","project":"a044dde8734413f40b8de81a41d44a733079f70ea46f72eca24629031a6cc0a8","type":"open"},"id":"JAVA"}}
{"recorder_version":"11","session":"4c669cef8b87","build":"191.8026.42.35.5791312","bucket":"43","time":1569002268756,"group":{"id":"toolwindow","version":"11"},"event":{"count":1,"data":{"os":"Windows","created":1569002268756,"plugin_type":"PLATFORM"},"id":"Project"}}
{"recorder_version":"11","session":"4c669cef8b87","build":"191.8026.42.35.5791312","bucket":"43","time":1569002269128,"group":{"id":"lifecycle","version":"11"},"event":{"count":1,"data":{"eap":false,"created":1569002269128},"id":"ide.start"}}
{"recorder_version":"11","session":"4c669cef8b87","build":"191.8026.42.35.5791312","bucket":"43","time":1569002269258,"group":{"id":"performance","version":"11"},"event":{"count":1,"data":{"duration_ms":452,"created":1569002269259},"id":"ui.lagging"}}
{"recorder_version":"11","session":"4c669cef8b87","build":"191.8026.42.35.5791312","bucket":"43","time":1569002269340,"group":{"id":"ui.tips","version":"1"},"event":{"count":1,"data":{"created":1569002269340},"id":"shown.automatically"}}
{"recorder_version":"11","session":"4c669cef8b87","build":"191.8026.42.35.5791312","bucket":"43","time":1569002269396,"group":{"id":"ui.dialogs","version":"11"},"event":{"count":1,"data":{"created":1569002269396,"plugin_type":"PLATFORM","type":"show"},"id":"com.intellij.ide.util.TipDialog"}}
{"recorder_version":"11","session":"4c669cef8b87","build":"191.8026.42.35.5791312","bucket":"43","time":1569002269608,"group":{"id":"project.fs","version":"1"},"event":{"state":true,"data":{"os":"Windows","cs-project":false,"created":1569002269610,"project":"a044dde8734413f40b8de81a41d44a733079f70ea46f72eca24629031a6cc0a8","cs-implicit":true,"cs-system":false},"id":"case-sensitivity"}}
{"recorder_version":"11","session":"4c669cef8b87","build":"191.8026.42.35.5791312","bucket":"43","time":1569002269608,"group":{"id":"project.fs","version":"1"},"event":{"state":true,"data":{"created":1569002269610},"id":"invoked"}}
{"recorder_version":"11","session":"4c669cef8b87","build":"191.8026.42.35.5791312","bucket":"43","time":1569002269629,"group":{"id":"project.fs","version":"1"},"event":{"state":true,"data":{"pct-non-watched":0,"created":1569002269629,"project":"a044dde8734413f40b8de81a41d44a733079f70ea46f72eca24629031a6cc0a8"},"id":"roots-watched"}}
{"recorder_version":"11","session":"4c669cef8b87","build":"191.8026.42.35.5791312","bucket":"43","time":1569002269630,"group":{"id":"project.fs","version":"1"},"event":{"state":true,"data":{"created":1569002269630},"id":"invoked"}}
{"recorder_version":"11","session":"4c669cef8b87","build":"191.8026.42.35.5791312","bucket":"43","time":1569002270020,"group":{"id":"performance","version":"11"},"event":{"count":1,"data":{"duration_ms":213,"created":1569002270021},"id":"ui.lagging"}}
{"recorder_version":"11","session":"4c669cef8b87","build":"191.8026.42.35.5791312","bucket":"43","time":1569002270393,"group":{"id":"ui.dialogs","version":"11"},"event":{"count":1,"data":{"code":1,"created":1569002270394,"plugin_type":"PLATFORM","type":"close"},"id":"com.intellij.openapi.progress.util.ProgressDialog$MyDialogWrapper"}}
{"recorder_version":"11","session":"4c669cef8b87","build":"191.8026.42.35.5791312","bucket":"43","time":1569002270436,"group":{"id":"lifecycle","version":"11"},"event":{"count":1,"data":{"created":1569002270451,"time_ms":13109,"project":"a044dde8734413f40b8de81a41d44a733079f70ea46f72eca24629031a6cc0a8"},"id":"project.opening.finished"}}
{"recorder_version":"11","session":"4c669cef8b87","build":"191.8026.42.35.5791312","bucket":"43","time":1569002270967,"group":{"id":"performance","version":"11"},"event":{"count":1,"data":{"duration_ms":155,"created":1569002270968},"id":"ui.lagging"}}
{"recorder_version":"11","session":"4c669cef8b87","build":"191.8026.42.35.5791312","bucket":"43","time":1569002304557,"group":{"id":"performance","version":"11"},"event":{"count":1,"data":{"duration_ms":292,"created":1569002304557},"id":"ui.lagging"}}
{"recorder_version":"11","session":"4c669cef8b87","build":"191.8026.42.35.5791312","bucket":"43","time":1569002356047,"group":{"id":"ui.dialogs","version":"11"},"event":{"count":1,"data":{"code":1,"created":1569002356047,"plugin_type":"PLATFORM","type":"close"},"id":"com.intellij.ide.util.TipDialog"}}
{"recorder_version":"11","session":"4c669cef8b87","build":"191.8026.42.35.5791312","bucket":"43","time":1569002358313,"group":{"id":"performance","version":"11"},"event":{"count":1,"data":{"duration_ms":0,"created":1569002358313},"id":"ui.latency"}}
{"recorder_version":"11","session":"4c669cef8b87","build":"191.8026.42.35.5791312","bucket":"43","time":1569002448997,"group":{"id":"actions","version":"11"},"event":{"count":1,"data":{"context_menu":false,"os":"Windows","created":1569002448997,"plugin_type":"NOT_LISTED","project":"a044dde8734413f40b8de81a41d44a733079f70ea46f72eca24629031a6cc0a8","place":"NavBarToolbar","input_event":"MouseLeft"},"id":"third.party"}}
{"recorder_version":"11","session":"4c669cef8b87","build":"191.8026.42.35.5791312","bucket":"43","time":1569002449071,"group":{"id":"toolbar","version":"11"},"event":{"count":1,"data":{"os":"Windows","created":1569002449071,"plugin_type":"NOT_LISTED","place":"NavBarToolbar"},"id":"third.party"}}
{"recorder_version":"11","session":"4c669cef8b87","build":"191.8026.42.35.5791312","bucket":"43","time":1569002458420,"group":{"id":"performance","version":"11"},"event":{"count":1,"data":{"duration_ms":0,"created":1569002458420},"id":"ui.latency"}}
{"recorder_version":"11","session":"4c669cef8b87","build":"191.8026.42.35.5791312","bucket":"43","time":1569002485891,"group":{"id":"file.types.usage","version":"11"},"event":{"count":1,"data":{"created":1569002485891,"plugin_type":"PLATFORM","project":"a044dde8734413f40b8de81a41d44a733079f70ea46f72eca24629031a6cc0a8","type":"open"},"id":"XML"}}
{"recorder_version":"11","session":"4c669cef8b87","build":"191.8026.42.35.5791312","bucket":"43","time":1569002557433,"group":{"id":"build.tools.actions","version":"1"},"event":{"count":1,"data":{"created":1569002557433},"id":"registered"}}
{"recorder_version":"11","session":"4c669cef8b87","build":"191.8026.42.35.5791312","bucket":"43","time":1569002557433,"group":{"id":"file.types.usage","version":"11"},"event":{"count":1,"data":{"created":1569002557433},"id":"registered"}}
{"recorder_version":"11","session":"4c669cef8b87","build":"191.8026.42.35.5791312","bucket":"43","time":1569002557433,"group":{"id":"actions.runAnything","version":"1"},"event":{"count":1,"data":{"created":1569002557434},"id":"registered"}}
{"recorder_version":"11","session":"4c669cef8b87","build":"191.8026.42.35.5791312","bucket":"43","time":1569002557433,"group":{"id":"toolwindow","version":"11"},"event":{"count":1,"data":{"created":1569002557434},"id":"registered"}}
{"recorder_version":"11","session":"4c669cef8b87","build":"191.8026.42.35.5791312","bucket":"43","time":1569002557433,"group":{"id":"live.templates","version":"11"},"event":{"count":1,"data":{"created":1569002557434},"id":"registered"}}
{"recorder_version":"11","session":"4c669cef8b87","build":"191.8026.42.35.5791312","bucket":"43","time":1569002557433,"group":{"id":"ide.self.update","version":"1"},"event":{"count":1,"data":{"created":1569002557434},"id":"registered"}}
{"recorder_version":"11","session":"4c669cef8b87","build":"191.8026.42.35.5791312","bucket":"43","time":1569002557433,"group":{"id":"cidr.testingFrameworks.usages","version":"1"},"event":{"count":1,"data":{"created":1569002557434},"id":"registered"}}
{"recorder_version":"11","session":"4c669cef8b87","build":"191.8026.42.35.5791312","bucket":"43","time":1569002557433,"group":{"id":"lifecycle","version":"11"},"event":{"count":1,"data":{"created":1569002557435},"id":"registered"}}
{"recorder_version":"11","session":"4c669cef8b87","build":"191.8026.42.35.5791312","bucket":"43","time":1569002557433,"group":{"id":"vcs.diff.trigger","version":"1"},"event":{"count":1,"data":{"created":1569002557435},"id":"registered"}}
{"recorder_version":"11","session":"4c669cef8b87","build":"191.8026.42.35.5791312","bucket":"43","time":1569002557433,"group":{"id":"vcs.log.trigger","version":"1"},"event":{"count":1,"data":{"created":1569002557435},"id":"registered"}}
{"recorder_version":"11","session":"4c669cef8b87","build":"191.8026.42.35.5791312","bucket":"43","time":1569002557433,"group":{"id":"productivity","version":"11"},"event":{"count":1,"data":{"created":1569002557435},"id":"registered"}}
{"recorder_version":"11","session":"4c669cef8b87","build":"191.8026.42.35.5791312","bucket":"43","time":1569002557433,"group":{"id":"debugger.breakpoints.usage","version":"1"},"event":{"count":1,"data":{"created":1569002557435},"id":"registered"}}
{"recorder_version":"11","session":"4c669cef8b87","build":"191.8026.42.35.5791312","bucket":"43","time":1569002557433,"group":{"id":"oc","version":"1"},"event":{"count":1,"data":{"created":1569002557436},"id":"registered"}}
{"recorder_version":"11","session":"4c669cef8b87","build":"191.8026.42.35.5791312","bucket":"43","time":1569002557433,"group":{"id":"intentions","version":"11"},"event":{"count":1,"data":{"created":1569002557436},"id":"registered"}}
{"recorder_version":"11","session":"4c669cef8b87","build":"191.8026.42.35.5791312","bucket":"43","time":1569002557433,"group":{"id":"ui.dialogs","version":"11"},"event":{"count":1,"data":{"created":1569002557436},"id":"registered"}}
{"recorder_version":"11","session":"4c669cef8b87","build":"191.8026.42.35.5791312","bucket":"43","time":1569002557433,"group":{"id":"vcs.back.forward.trigger","version":"1"},"event":{"count":1,"data":{"created":1569002557436},"id":"registered"}}
{"recorder_version":"11","session":"4c669cef8b87","build":"191.8026.42.35.5791312","bucket":"43","time":1569002557433,"group":{"id":"toolbar","version":"11"},"event":{"count":1,"data":{"created":1569002557436},"id":"registered"}}
{"recorder_version":"11","session":"4c669cef8b87","build":"191.8026.42.35.5791312","bucket":"43","time":1569002557433,"group":{"id":"build.gradle.actions","version":"1"},"event":{"count":1,"data":{"created":1569002557437},"id":"registered"}}
{"recorder_version":"11","session":"4c669cef8b87","build":"191.8026.42.35.5791312","bucket":"43","time":1569002557433,"group":{"id":"performance","version":"11"},"event":{"count":1,"data":{"created":1569002557437},"id":"registered"}}
{"recorder_version":"11","session":"4c669cef8b87","build":"191.8026.42.35.5791312","bucket":"43","time":1569002557433,"group":{"id":"searchEverywhere","version":"1"},"event":{"count":1,"data":{"created":1569002557437},"id":"registered"}}
{"recorder_version":"11","session":"4c669cef8b87","build":"191.8026.42.35.5791312","bucket":"43","time":1569002557433,"group":{"id":"ui.tips","version":"1"},"event":{"count":1,"data":{"created":1569002557437},"id":"registered"}}
{"recorder_version":"11","session":"4c669cef8b87","build":"191.8026.42.35.5791312","bucket":"43","time":1569002557433,"group":{"id":"import.old.config","version":"1"},"event":{"count":1,"data":{"created":1569002557437},"id":"registered"}}
{"recorder_version":"11","session":"4c669cef8b87","build":"191.8026.42.35.5791312","bucket":"43","time":1569002557433,"group":{"id":"json.schema","version":"1"},"event":{"count":1,"data":{"created":1569002557437},"id":"registered"}}
{"recorder_version":"11","session":"4c669cef8b87","build":"191.8026.42.35.5791312","bucket":"43","time":1569002557433,"group":{"id":"terminalShell","version":"1"},"event":{"count":1,"data":{"created":1569002557437},"id":"registered"}}
{"recorder_version":"11","session":"4c669cef8b87","build":"191.8026.42.35.5791312","bucket":"43","time":1569002557433,"group":{"id":"completion.postfix","version":"11"},"event":{"count":1,"data":{"created":1569002557438},"id":"registered"}}
{"recorder_version":"11","session":"4c669cef8b87","build":"191.8026.42.35.5791312","bucket":"43","time":1569002557433,"group":{"id":"actions","version":"11"},"event":{"count":1,"data":{"created":1569002557438},"id":"registered"}}
{"recorder_version":"11","session":"4c669cef8b87","build":"191.8026.42.35.5791312","bucket":"43","time":1569002557433,"group":{"id":"run.configuration.exec","version":"11"},"event":{"count":1,"data":{"created":1569002557438},"id":"registered"}}
{"recorder_version":"11","session":"4c669cef8b87","build":"191.8026.42.35.5791312","bucket":"43","time":1569002558517,"group":{"id":"performance","version":"11"},"event":{"count":1,"data":{"duration_ms":0,"created":1569002558517},"id":"ui.latency"}}
{"recorder_version":"11","session":"4c669cef8b87","build":"191.8026.42.35.5791312","bucket":"43","time":1569002607436,"group":{"id":"actions","version":"11"},"event":{"count":1,"data":{"context_menu":true,"os":"Windows","created":1569002607436,"plugin_type":"NOT_LISTED","project":"a044dde8734413f40b8de81a41d44a733079f70ea46f72eca24629031a6cc0a8","place":"MainMenu","input_event":"MouseLeft"},"id":"third.party"}}
{"recorder_version":"11","session":"4c669cef8b87","build":"191.8026.42.35.5791312","bucket":"43","time":1569002607481,"group":{"id":"toolwindow","version":"11"},"event":{"count":1,"data":{"os":"Windows","created":1569002607481,"plugin_type":"UNKNOWN"},"id":"unknown"}}
{"recorder_version":"11","session":"4c669cef8b87","build":"191.8026.42.35.5791312","bucket":"43","time":1569002610007,"group":{"id":"performance","version":"11"},"event":{"count":1,"data":{"duration_ms":2434,"created":1569002610007},"id":"ui.lagging"}}
{"recorder_version":"11","session":"4c669cef8b87","build":"191.8026.42.35.5791312","bucket":"43","time":1569002610123,"group":{"id":"performance","version":"11"},"event":{"count":1,"data":{"duration_ms":1550,"created":1569002610123},"id":"ui.lagging"}}
{"recorder_version":"11","session":"4c669cef8b87","build":"191.8026.42.35.5791312","bucket":"43","time":1569002610252,"group":{"id":"performance","version":"11"},"event":{"count":1,"data":{"duration_ms":676,"created":1569002610252},"id":"ui.lagging"}}
{"recorder_version":"11","session":"4c669cef8b87","build":"191.8026.42.35.5791312","bucket":"43","time":1569002658612,"group":{"id":"performance","version":"11"},"event":{"count":1,"data":{"duration_ms":0,"created":1569002658612},"id":"ui.latency"}}
{"recorder_version":"11","session":"4c669cef8b87","build":"191.8026.42.35.5791312","bucket":"43","time":1569002692018,"group":{"id":"ui.dialogs","version":"11"},"event":{"count":1,"data":{"created":1569002692018,"plugin_type":"PLATFORM","type":"show"},"id":"com.intellij.openapi.progress.util.ProgressDialog$MyDialogWrapper"}}
{"recorder_version":"11","session":"4c669cef8b87","build":"191.8026.42.35.5791312","bucket":"43","time":1569002696038,"group":{"id":"ui.dialogs","version":"11"},"event":{"count":1,"data":{"created":1569002696038,"plugin_type":"NOT_LISTED","type":"show"},"id":"third.party"}}
{"recorder_version":"11","session":"4c669cef8b87","build":"191.8026.42.35.5791312","bucket":"43","time":1569002696057,"group":{"id":"ui.dialogs","version":"11"},"event":{"count":1,"data":{"code":1,"created":1569002696057,"plugin_type":"PLATFORM","type":"close"},"id":"com.intellij.openapi.progress.util.ProgressDialog$MyDialogWrapper"}}
{"recorder_version":"11","session":"4c669cef8b87","build":"191.8026.42.35.5791312","bucket":"43","time":1569002696060,"group":{"id":"performance","version":"11"},"event":{"count":1,"data":{"duration_ms":410,"created":1569002696060},"id":"ui.lagging"}}
{"recorder_version":"11","session":"4c669cef8b87","build":"191.8026.42.35.5791312","bucket":"43","time":1569002710746,"group":{"id":"ui.dialogs","version":"11"},"event":{"count":1,"data":{"code":0,"created":1569002710746,"plugin_type":"NOT_LISTED","type":"close"},"id":"third.party"}}
{"recorder_version":"11","session":"4c669cef8b87","build":"191.8026.42.35.5791312","bucket":"43","time":1569002754502,"group":{"id":"ui.dialogs","version":"11"},"event":{"count":1,"data":{"created":1569002754502,"plugin_type":"NOT_LISTED","type":"show"},"id":"third.party"}}
{"recorder_version":"11","session":"4c669cef8b87","build":"191.8026.42.35.5791312","bucket":"43","time":1569002758367,"group":{"id":"ui.dialogs","version":"11"},"event":{"count":1,"data":{"code":0,"created":1569002758367,"plugin_type":"NOT_LISTED","type":"close"},"id":"third.party"}}
{"recorder_version":"11","session":"4c669cef8b87","build":"191.8026.42.35.5791312","bucket":"43","time":1569002759789,"group":{"id":"performance","version":"11"},"event":{"count":1,"data":{"duration_ms":1069,"created":1569002759789},"id":"ui.latency"}}
{"recorder_version":"11","session":"4c669cef8b87","build":"191.8026.42.35.5791312","bucket":"43","time":1569002759789,"group":{"id":"performance","version":"11"},"event":{"count":1,"data":{"duration_ms":1069,"created":1569002759790},"id":"ui.lagging"}}
{"recorder_version":"11","session":"4c669cef8b87","build":"191.8026.42.35.5791312","bucket":"43","time":1569002797109,"group":{"id":"performance","version":"11"},"event":{"count":1,"data":{"duration_ms":1274,"created":1569002797109},"id":"ui.lagging"}}
{"recorder_version":"11","session":"4c669cef8b87","build":"191.8026.42.35.5791312","bucket":"43","time":1569002797128,"group":{"id":"performance","version":"11"},"event":{"count":1,"data":{"duration_ms":291,"created":1569002797129},"id":"ui.lagging"}}
{"recorder_version":"11","session":"4c669cef8b87","build":"191.8026.42.35.5791312","bucket":"43","time":1569002859951,"group":{"id":"performance","version":"11"},"event":{"count":1,"data":{"duration_ms":0,"created":1569002859951},"id":"ui.latency"}}
{"recorder_version":"11","session":"4c669cef8b87","build":"191.8026.42.35.5791312","bucket":"43","time":1569002943227,"group":{"id":"actions","version":"11"},"event":{"count":1,"data":{"context_menu":false,"os":"Windows","created":1569002943227,"plugin_type":"PLATFORM","project":"a044dde8734413f40b8de81a41d44a733079f70ea46f72eca24629031a6cc0a8","place":"unknown","input_event":"MouseLeft(2x)"},"id":"HideAllWindows"}}
{"recorder_version":"11","session":"4c669cef8b87","build":"191.8026.42.35.5791312","bucket":"43","time":1569002948893,"group":{"id":"actions","version":"11"},"event":{"count":1,"data":{"context_menu":true,"os":"Windows","created":1569002948893,"plugin_type":"NOT_LISTED","project":"a044dde8734413f40b8de81a41d44a733079f70ea46f72eca24629031a6cc0a8","place":"MainMenu","input_event":"MouseLeft"},"id":"third.party"}}
{"recorder_version":"11","session":"4c669cef8b87","build":"191.8026.42.35.5791312","bucket":"43","time":1569002948915,"group":{"id":"toolwindow","version":"11"},"event":{"count":1,"data":{"os":"Windows","created":1569002948915,"plugin_type":"UNKNOWN"},"id":"unknown"}}
{"recorder_version":"11","session":"4c669cef8b87","build":"191.8026.42.35.5791312","bucket":"43","time":1569002950364,"group":{"id":"performance","version":"11"},"event":{"count":1,"data":{"duration_ms":1340,"created":1569002950364},"id":"ui.lagging"}}
{"recorder_version":"11","session":"4c669cef8b87","build":"191.8026.42.35.5791312","bucket":"43","time":1569002950524,"group":{"id":"performance","version":"11"},"event":{"count":1,"data":{"duration_ms":499,"created":1569002950524},"id":"ui.lagging"}}
{"recorder_version":"11","session":"4c669cef8b87","build":"191.8026.42.35.5791312","bucket":"43","time":1569002960058,"group":{"id":"performance","version":"11"},"event":{"count":1,"data":{"duration_ms":23,"created":1569002960059},"id":"ui.latency"}}
{"recorder_version":"11","session":"4c669cef8b87","build":"191.8026.42.35.5791312","bucket":"43","time":1569002975462,"group":{"id":"actions","version":"11"},"event":{"count":1,"data":{"context_menu":false,"os":"Windows","created":1569002975462,"plugin_type":"PLATFORM","project":"a044dde8734413f40b8de81a41d44a733079f70ea46f72eca24629031a6cc0a8","place":"MainMenu","input_event":"Tab"},"id":"EditorTab"}}
{"recorder_version":"11","session":"4c669cef8b87","build":"191.8026.42.35.5791312","bucket":"43","time":1569002975462,"group":{"id":"file.types.usage","version":"11"},"event":{"count":1,"data":{"created":1569002975462,"plugin_type":"PLATFORM","project":"a044dde8734413f40b8de81a41d44a733079f70ea46f72eca24629031a6cc0a8","type":"edit"},"id":"JAVA"}}
{"recorder_version":"11","session":"4c669cef8b87","build":"191.8026.42.35.5791312","bucket":"43","time":1569002978600,"group":{"id":"actions","version":"11"},"event":{"count":1,"data":{"context_menu":false,"os":"Windows","created":1569002978600,"plugin_type":"PLATFORM","project":"a044dde8734413f40b8de81a41d44a733079f70ea46f72eca24629031a6cc0a8","place":"MainMenu","input_event":"Enter"},"id":"EditorChooseLookupItem"}}
{"recorder_version":"11","session":"4c669cef8b87","build":"191.8026.42.35.5791312","bucket":"43","time":1569002978623,"group":{"id":"productivity","version":"11"},"event":{"count":1,"data":{"created":1569002978623},"id":"editing.completion.basic"}}
{"recorder_version":"11","session":"4c669cef8b87","build":"191.8026.42.35.5791312","bucket":"43","time":1569002987166,"group":{"id":"actions","version":"11"},"event":{"count":1,"data":{"context_menu":false,"os":"Windows","created":1569002987166,"plugin_type":"PLATFORM","project":"a044dde8734413f40b8de81a41d44a733079f70ea46f72eca24629031a6cc0a8","place":"MainMenu","input_event":"Enter"},"id":"EditorChooseLookupItem"}}
{"recorder_version":"11","session":"4c669cef8b87","build":"191.8026.42.35.5791312","bucket":"43","time":1569002987179,"group":{"id":"productivity","version":"11"},"event":{"count":1,"data":{"created":1569002987180},"id":"editing.completion.basic"}}
{"recorder_version":"11","session":"4c669cef8b87","build":"191.8026.42.35.5791312","bucket":"43","time":1569002993514,"group":{"id":"actions","version":"11"},"event":{"count":3,"data":{"context_menu":false,"os":"Windows","last":1569002994391,"created":1569002993515,"plugin_type":"PLATFORM","project":"a044dde8734413f40b8de81a41d44a733079f70ea46f72eca24629031a6cc0a8","place":"MainMenu","input_event":"Down"},"id":"EditorDown"}}
{"recorder_version":"11","session":"4c669cef8b87","build":"191.8026.42.35.5791312","bucket":"43","time":1569002994708,"group":{"id":"actions","version":"11"},"event":{"count":13,"data":{"context_menu":false,"os":"Windows","last":1569002995518,"created":1569002994708,"plugin_type":"PLATFORM","project":"a044dde8734413f40b8de81a41d44a733079f70ea46f72eca24629031a6cc0a8","place":"MainMenu","input_event":"Right"},"id":"EditorRight"}}
{"recorder_version":"11","session":"4c669cef8b87","build":"191.8026.42.35.5791312","bucket":"43","time":1569002995778,"group":{"id":"actions","version":"11"},"event":{"count":1,"data":{"context_menu":false,"os":"Windows","created":1569002995778,"plugin_type":"PLATFORM","project":"a044dde8734413f40b8de81a41d44a733079f70ea46f72eca24629031a6cc0a8","place":"MainMenu","input_event":"Down"},"id":"EditorDown"}}
{"recorder_version":"11","session":"4c669cef8b87","build":"191.8026.42.35.5791312","bucket":"43","time":1569002996572,"group":{"id":"actions","version":"11"},"event":{"count":1,"data":{"context_menu":false,"os":"Windows","created":1569002996572,"plugin_type":"PLATFORM","project":"a044dde8734413f40b8de81a41d44a733079f70ea46f72eca24629031a6cc0a8","place":"MainMenu","input_event":"Up"},"id":"EditorUp"}}
{"recorder_version":"11","session":"4c669cef8b87","build":"191.8026.42.35.5791312","bucket":"43","time":1569002996939,"group":{"id":"actions","version":"11"},"event":{"count":47,"data":{"context_menu":false,"os":"Windows","last":1569002999331,"created":1569002996939,"plugin_type":"PLATFORM","project":"a044dde8734413f40b8de81a41d44a733079f70ea46f72eca24629031a6cc0a8","place":"MainMenu","input_event":"Right"},"id":"EditorRight"}}
{"recorder_version":"11","session":"4c669cef8b87","build":"191.8026.42.35.5791312","bucket":"43","time":1569003000049,"group":{"id":"actions","version":"11"},"event":{"count":2,"data":{"context_menu":false,"os":"Windows","last":1569003000224,"created":1569003000049,"plugin_type":"PLATFORM","project":"a044dde8734413f40b8de81a41d44a733079f70ea46f72eca24629031a6cc0a8","place":"MainMenu","input_event":"Enter"},"id":"EditorEnter"}}
{"recorder_version":"11","session":"4c669cef8b87","build":"191.8026.42.35.5791312","bucket":"43","time":1569003003546,"group":{"id":"actions","version":"11"},"event":{"count":1,"data":{"context_menu":false,"os":"Windows","created":1569003003546,"plugin_type":"PLATFORM","project":"a044dde8734413f40b8de81a41d44a733079f70ea46f72eca24629031a6cc0a8","place":"MainMenu","input_event":"Enter"},"id":"EditorChooseLookupItem"}}
{"recorder_version":"11","session":"4c669cef8b87","build":"191.8026.42.35.5791312","bucket":"43","time":1569003003556,"group":{"id":"productivity","version":"11"},"event":{"count":1,"data":{"created":1569003003556},"id":"editing.completion.basic"}}
{"recorder_version":"11","session":"4c669cef8b87","build":"191.8026.42.35.5791312","bucket":"43","time":1569003008091,"group":{"id":"actions","version":"11"},"event":{"count":1,"data":{"context_menu":false,"os":"Windows","created":1569003008091,"plugin_type":"PLATFORM","project":"a044dde8734413f40b8de81a41d44a733079f70ea46f72eca24629031a6cc0a8","place":"MainMenu","input_event":"Enter"},"id":"EditorChooseLookupItem"}}
{"recorder_version":"11","session":"4c669cef8b87","build":"191.8026.42.35.5791312","bucket":"43","time":1569003008102,"group":{"id":"productivity","version":"11"},"event":{"count":1,"data":{"created":1569003008102},"id":"editing.completion.basic"}}
{"recorder_version":"11","session":"4c669cef8b87","build":"191.8026.42.35.5791312","bucket":"43","time":1569003009621,"group":{"id":"actions","version":"11"},"event":{"count":1,"data":{"context_menu":false,"os":"Windows","created":1569003009621,"plugin_type":"PLATFORM","project":"a044dde8734413f40b8de81a41d44a733079f70ea46f72eca24629031a6cc0a8","place":"MainMenu","input_event":"Enter"},"id":"EditorChooseLookupItem"}}
{"recorder_version":"11","session":"4c669cef8b87","build":"191.8026.42.35.5791312","bucket":"43","time":1569003009634,"group":{"id":"productivity","version":"11"},"event":{"count":1,"data":{"created":1569003009634},"id":"editing.completion.basic"}}
{"recorder_version":"11","session":"4c669cef8b87","build":"191.8026.42.35.5791312","bucket":"43","time":1569003017939,"group":{"id":"actions","version":"11"},"event":{"count":1,"data":{"context_menu":false,"os":"Windows","created":1569003017939,"plugin_type":"PLATFORM","project":"a044dde8734413f40b8de81a41d44a733079f70ea46f72eca24629031a6cc0a8","place":"MainMenu","input_event":"Enter"},"id":"EditorEnter"}}
{"recorder_version":"11","session":"4c669cef8b87","build":"191.8026.42.35.5791312","bucket":"43","time":1569003023919,"group":{"id":"productivity","version":"11"},"event":{"count":1,"data":{"created":1569003023919},"id":"editing.select.word"}}
{"recorder_version":"11","session":"4c669cef8b87","build":"191.8026.42.35.5791312","bucket":"43","time":1569003026625,"group":{"id":"actions","version":"11"},"event":{"count":1,"data":{"context_menu":false,"os":"Windows","created":1569003026625,"plugin_type":"PLATFORM","project":"a044dde8734413f40b8de81a41d44a733079f70ea46f72eca24629031a6cc0a8","place":"MainMenu","input_event":"Ctrl+O"},"id":"OverrideMethods"}}
{"recorder_version":"11","session":"4c669cef8b87","build":"191.8026.42.35.5791312","bucket":"43","time":1569003026657,"group":{"id":"productivity","version":"11"},"event":{"count":1,"data":{"created":1569003026657},"id":"codeassists.overrideimplement"}}
{"recorder_version":"11","session":"4c669cef8b87","build":"191.8026.42.35.5791312","bucket":"43","time":1569003026730,"group":{"id":"ui.dialogs","version":"11"},"event":{"count":1,"data":{"created":1569003026730,"plugin_type":"PLATFORM","type":"show"},"id":"com.intellij.codeInsight.generation.JavaOverrideImplementMemberChooser"}}
{"recorder_version":"11","session":"4c669cef8b87","build":"191.8026.42.35.5791312","bucket":"43","time":1569003040191,"group":{"id":"ui.dialogs","version":"11"},"event":{"count":1,"data":{"code":0,"created":1569003040191,"plugin_type":"PLATFORM","type":"close"},"id":"com.intellij.codeInsight.generation.JavaOverrideImplementMemberChooser"}}
{"recorder_version":"11","session":"4c669cef8b87","build":"191.8026.42.35.5791312","bucket":"43","time":1569003060124,"group":{"id":"performance","version":"11"},"event":{"count":1,"data":{"duration_ms":0,"created":1569003060124},"id":"ui.latency"}}
{"recorder_version":"11","session":"4c669cef8b87","build":"191.8026.42.35.5791312","bucket":"43","time":1569003160211,"group":{"id":"performance","version":"11"},"event":{"count":1,"data":{"duration_ms":0,"created":1569003160211},"id":"ui.latency"}}
{"recorder_version":"11","session":"4c669cef8b87","build":"191.8026.42.35.5791312","bucket":"43","time":1569003170091,"group":{"id":"actions","version":"11"},"event":{"count":1,"data":{"context_menu":false,"os":"Windows","created":1569003170091,"plugin_type":"PLATFORM","project":"a044dde8734413f40b8de81a41d44a733079f70ea46f72eca24629031a6cc0a8","place":"MainMenu","input_event":"Enter"},"id":"EditorEnter"}}
{"recorder_version":"11","session":"4c669cef8b87","build":"191.8026.42.35.5791312","bucket":"43","time":1569003170091,"group":{"id":"file.types.usage","version":"11"},"event":{"count":1,"data":{"created":1569003170091,"plugin_type":"PLATFORM","project":"a044dde8734413f40b8de81a41d44a733079f70ea46f72eca24629031a6cc0a8","type":"edit"},"id":"JAVA"}}
{"recorder_version":"11","session":"4c669cef8b87","build":"191.8026.42.35.5791312","bucket":"43","time":1569003170311,"group":{"id":"actions","version":"11"},"event":{"count":1,"data":{"context_menu":false,"os":"Windows","created":1569003170311,"plugin_type":"PLATFORM","project":"a044dde8734413f40b8de81a41d44a733079f70ea46f72eca24629031a6cc0a8","place":"MainMenu","input_event":"Enter"},"id":"EditorEnter"}}
{"recorder_version":"11","session":"4c669cef8b87","build":"191.8026.42.35.5791312","bucket":"43","time":1569003175696,"group":{"id":"actions","version":"11"},"event":{"count":2,"data":{"context_menu":false,"os":"Windows","last":1569003179315,"created":1569003175697,"plugin_type":"PLATFORM","project":"a044dde8734413f40b8de81a41d44a733079f70ea46f72eca24629031a6cc0a8","place":"MainMenu","input_event":"Backspace"},"id":"EditorBackSpace"}}
{"recorder_version":"11","session":"4c669cef8b87","build":"191.8026.42.35.5791312","bucket":"43","time":1569003185194,"group":{"id":"actions","version":"11"},"event":{"count":1,"data":{"context_menu":false,"os":"Windows","created":1569003185194,"plugin_type":"PLATFORM","project":"a044dde8734413f40b8de81a41d44a733079f70ea46f72eca24629031a6cc0a8","place":"MainMenu","input_event":"Alt+Enter"},"id":"ShowIntentionActions"}}
{"recorder_version":"11","session":"4c669cef8b87","build":"191.8026.42.35.5791312","bucket":"43","time":1569003192264,"group":{"id":"actions","version":"11"},"event":{"count":1,"data":{"context_menu":false,"os":"Windows","created":1569003192264,"plugin_type":"PLATFORM","project":"a044dde8734413f40b8de81a41d44a733079f70ea46f72eca24629031a6cc0a8","place":"MainMenu","input_event":"Enter"},"id":"EditorChooseLookupItem"}}
{"recorder_version":"11","session":"4c669cef8b87","build":"191.8026.42.35.5791312","bucket":"43","time":1569003192276,"group":{"id":"productivity","version":"11"},"event":{"count":1,"data":{"created":1569003192276},"id":"editing.completion.basic"}}
{"recorder_version":"11","session":"4c669cef8b87","build":"191.8026.42.35.5791312","bucket":"43","time":1569003194712,"group":{"id":"actions","version":"11"},"event":{"count":1,"data":{"context_menu":false,"os":"Windows","created":1569003194712,"plugin_type":"PLATFORM","project":"a044dde8734413f40b8de81a41d44a733079f70ea46f72eca24629031a6cc0a8","place":"MainMenu","input_event":"Backspace"},"id":"EditorBackSpace"}}
{"recorder_version":"11","session":"4c669cef8b87","build":"191.8026.42.35.5791312","bucket":"43","time":1569003195969,"group":{"id":"actions","version":"11"},"event":{"count":1,"data":{"context_menu":false,"os":"Windows","created":1569003195969,"plugin_type":"PLATFORM","project":"a044dde8734413f40b8de81a41d44a733079f70ea46f72eca24629031a6cc0a8","place":"MainMenu","input_event":"Enter"},"id":"EditorChooseLookupItem"}}
{"recorder_version":"11","session":"4c669cef8b87","build":"191.8026.42.35.5791312","bucket":"43","time":1569003195979,"group":{"id":"productivity","version":"11"},"event":{"count":1,"data":{"created":1569003195979},"id":"editing.completion.basic"}}
{"recorder_version":"11","session":"4c669cef8b87","build":"191.8026.42.35.5791312","bucket":"43","time":1569003197721,"group":{"id":"actions","version":"11"},"event":{"count":1,"data":{"context_menu":false,"os":"Windows","created":1569003197721,"plugin_type":"PLATFORM","project":"a044dde8734413f40b8de81a41d44a733079f70ea46f72eca24629031a6cc0a8","place":"MainMenu","input_event":"Enter"},"id":"EditorEnter"}}
{"recorder_version":"11","session":"4c669cef8b87","build":"191.8026.42.35.5791312","bucket":"43","time":1569003213908,"group":{"id":"actions","version":"11"},"event":{"count":1,"data":{"context_menu":false,"os":"Windows","created":1569003213908,"plugin_type":"PLATFORM","project":"a044dde8734413f40b8de81a41d44a733079f70ea46f72eca24629031a6cc0a8","place":"MainMenu","input_event":"Right"},"id":"EditorRight"}}
{"recorder_version":"11","session":"4c669cef8b87","build":"191.8026.42.35.5791312","bucket":"43","time":1569003215497,"group":{"id":"actions","version":"11"},"event":{"count":14,"data":{"context_menu":false,"os":"Windows","last":1569003216717,"created":1569003215497,"plugin_type":"PLATFORM","project":"a044dde8734413f40b8de81a41d44a733079f70ea46f72eca24629031a6cc0a8","place":"MainMenu","input_event":"Left"},"id":"EditorLeft"}}
{"recorder_version":"11","session":"4c669cef8b87","build":"191.8026.42.35.5791312","bucket":"43","time":1569003216994,"group":{"id":"actions","version":"11"},"event":{"count":12,"data":{"context_menu":false,"os":"Windows","last":1569003222022,"created":1569003216994,"plugin_type":"PLATFORM","project":"a044dde8734413f40b8de81a41d44a733079f70ea46f72eca24629031a6cc0a8","place":"MainMenu","input_event":"Backspace"},"id":"EditorBackSpace"}}
{"recorder_version":"11","session":"4c669cef8b87","build":"191.8026.42.35.5791312","bucket":"43","time":1569003224494,"group":{"id":"actions","version":"11"},"event":{"count":1,"data":{"context_menu":false,"os":"Windows","created":1569003224494,"plugin_type":"PLATFORM","project":"a044dde8734413f40b8de81a41d44a733079f70ea46f72eca24629031a6cc0a8","place":"MainMenu","input_event":"Enter"},"id":"EditorChooseLookupItem"}}
{"recorder_version":"11","session":"4c669cef8b87","build":"191.8026.42.35.5791312","bucket":"43","time":1569003224503,"group":{"id":"productivity","version":"11"},"event":{"count":1,"data":{"created":1569003224503},"id":"editing.completion.basic"}}
{"recorder_version":"11","session":"4c669cef8b87","build":"191.8026.42.35.5791312","bucket":"43","time":1569003226426,"group":{"id":"actions","version":"11"},"event":{"count":1,"data":{"context_menu":false,"os":"Windows","created":1569003226426,"plugin_type":"PLATFORM","project":"a044dde8734413f40b8de81a41d44a733079f70ea46f72eca24629031a6cc0a8","place":"MainMenu","input_event":"Enter"},"id":"EditorChooseLookupItem"}}
{"recorder_version":"11","session":"4c669cef8b87","build":"191.8026.42.35.5791312","bucket":"43","time":1569003226436,"group":{"id":"productivity","version":"11"},"event":{"count":1,"data":{"created":1569003226436},"id":"editing.completion.basic"}}
{"recorder_version":"11","session":"4c669cef8b87","build":"191.8026.42.35.5791312","bucket":"43","time":1569003230192,"group":{"id":"actions","version":"11"},"event":{"count":11,"data":{"context_menu":false,"os":"Windows","last":1569003232582,"created":1569003230192,"plugin_type":"PLATFORM","project":"a044dde8734413f40b8de81a41d44a733079f70ea46f72eca24629031a6cc0a8","place":"MainMenu","input_event":"Right"},"id":"EditorRight"}}
{"recorder_version":"11","session":"4c669cef8b87","build":"191.8026.42.35.5791312","bucket":"43","time":1569003233296,"group":{"id":"file.types.usage","version":"11"},"event":{"count":1,"data":{"created":1569003233296,"plugin_type":"PLATFORM","project":"a044dde8734413f40b8de81a41d44a733079f70ea46f72eca24629031a6cc0a8","type":"edit"},"id":"JAVA"}}
{"recorder_version":"11","session":"4c669cef8b87","build":"191.8026.42.35.5791312","bucket":"43","time":1569003235859,"group":{"id":"actions","version":"11"},"event":{"count":3,"data":{"context_menu":false,"os":"Windows","last":1569003236335,"created":1569003235859,"plugin_type":"PLATFORM","project":"a044dde8734413f40b8de81a41d44a733079f70ea46f72eca24629031a6cc0a8","place":"MainMenu","input_event":"Down"},"id":"EditorDown"}}
{"recorder_version":"11","session":"4c669cef8b87","build":"191.8026.42.35.5791312","bucket":"43","time":1569003236726,"group":{"id":"actions","version":"11"},"event":{"count":1,"data":{"context_menu":false,"os":"Windows","created":1569003236726,"plugin_type":"PLATFORM","project":"a044dde8734413f40b8de81a41d44a733079f70ea46f72eca24629031a6cc0a8","place":"MainMenu","input_event":"Enter"},"id":"EditorChooseLookupItem"}}
{"recorder_version":"11","session":"4c669cef8b87","build":"191.8026.42.35.5791312","bucket":"43","time":1569003236741,"group":{"id":"productivity","version":"11"},"event":{"count":1,"data":{"created":1569003236741},"id":"editing.completion.basic"}}
{"recorder_version":"11","session":"4c669cef8b87","build":"191.8026.42.35.5791312","bucket":"43","time":1569003242732,"group":{"id":"actions","version":"11"},"event":{"count":1,"data":{"context_menu":false,"os":"Windows","created":1569003242732,"plugin_type":"PLATFORM","project":"a044dde8734413f40b8de81a41d44a733079f70ea46f72eca24629031a6cc0a8","place":"MainMenu","input_event":"Enter"},"id":"EditorChooseLookupItem"}}
{"recorder_version":"11","session":"4c669cef8b87","build":"191.8026.42.35.5791312","bucket":"43","time":1569003242743,"group":{"id":"productivity","version":"11"},"event":{"count":1,"data":{"created":1569003242743},"id":"editing.completion.basic"}}
{"recorder_version":"11","session":"4c669cef8b87","build":"191.8026.42.35.5791312","bucket":"43","time":1569003243727,"group":{"id":"actions","version":"11"},"event":{"count":6,"data":{"context_menu":false,"os":"Windows","last":1569003244952,"created":1569003243727,"plugin_type":"PLATFORM","project":"a044dde8734413f40b8de81a41d44a733079f70ea46f72eca24629031a6cc0a8","place":"MainMenu","input_event":"Backspace"},"id":"EditorBackSpace"}}
{"recorder_version":"11","session":"4c669cef8b87","build":"191.8026.42.35.5791312","bucket":"43","time":1569003245277,"group":{"id":"actions","version":"11"},"event":{"count":3,"data":{"context_menu":false,"os":"Windows","last":1569003246443,"created":1569003245277,"plugin_type":"PLATFORM","project":"a044dde8734413f40b8de81a41d44a733079f70ea46f72eca24629031a6cc0a8","place":"MainMenu","input_event":"Down"},"id":"EditorDown"}}
{"recorder_version":"11","session":"4c669cef8b87","build":"191.8026.42.35.5791312","bucket":"43","time":1569003246919,"group":{"id":"actions","version":"11"},"event":{"count":29,"data":{"context_menu":false,"os":"Windows","last":1569003249039,"created":1569003246920,"plugin_type":"PLATFORM","project":"a044dde8734413f40b8de81a41d44a733079f70ea46f72eca24629031a6cc0a8","place":"MainMenu","input_event":"Right"},"id":"EditorRight"}}
{"recorder_version":"11","session":"4c669cef8b87","build":"191.8026.42.35.5791312","bucket":"43","time":1569003251438,"group":{"id":"actions","version":"11"},"event":{"count":1,"data":{"context_menu":false,"os":"Windows","created":1569003251438,"plugin_type":"PLATFORM","project":"a044dde8734413f40b8de81a41d44a733079f70ea46f72eca24629031a6cc0a8","place":"MainMenu","input_event":"Enter"},"id":"EditorChooseLookupItem"}}
{"recorder_version":"11","session":"4c669cef8b87","build":"191.8026.42.35.5791312","bucket":"43","time":1569003251451,"group":{"id":"productivity","version":"11"},"event":{"count":1,"data":{"created":1569003251451},"id":"editing.completion.basic"}}
{"recorder_version":"11","session":"4c669cef8b87","build":"191.8026.42.35.5791312","bucket":"43","time":1569003253041,"group":{"id":"actions","version":"11"},"event":{"count":1,"data":{"context_menu":false,"os":"Windows","created":1569003253041,"plugin_type":"PLATFORM","project":"a044dde8734413f40b8de81a41d44a733079f70ea46f72eca24629031a6cc0a8","place":"MainMenu","input_event":"Backspace"},"id":"EditorBackSpace"}}
{"recorder_version":"11","session":"4c669cef8b87","build":"191.8026.42.35.5791312","bucket":"43","time":1569003253880,"group":{"id":"actions","version":"11"},"event":{"count":1,"data":{"context_menu":false,"os":"Windows","created":1569003253880,"plugin_type":"PLATFORM","project":"a044dde8734413f40b8de81a41d44a733079f70ea46f72eca24629031a6cc0a8","place":"MainMenu","input_event":"Enter"},"id":"EditorChooseLookupItem"}}
{"recorder_version":"11","session":"4c669cef8b87","build":"191.8026.42.35.5791312","bucket":"43","time":1569003253890,"group":{"id":"productivity","version":"11"},"event":{"count":1,"data":{"created":1569003253890},"id":"editing.completion.basic"}}
{"recorder_version":"11","session":"4c669cef8b87","build":"191.8026.42.35.5791312","bucket":"43","time":1569003254389,"group":{"id":"actions","version":"11"},"event":{"count":1,"data":{"context_menu":false,"os":"Windows","created":1569003254389,"plugin_type":"PLATFORM","project":"a044dde8734413f40b8de81a41d44a733079f70ea46f72eca24629031a6cc0a8","place":"MainMenu","input_event":"Right"},"id":"EditorRight"}}
{"recorder_version":"11","session":"4c669cef8b87","build":"191.8026.42.35.5791312","bucket":"43","time":1569003256011,"group":{"id":"actions","version":"11"},"event":{"count":1,"data":{"context_menu":false,"os":"Windows","created":1569003256012,"plugin_type":"PLATFORM","project":"a044dde8734413f40b8de81a41d44a733079f70ea46f72eca24629031a6cc0a8","place":"MainMenu","input_event":"Enter"},"id":"EditorChooseLookupItem"}}
{"recorder_version":"11","session":"4c669cef8b87","build":"191.8026.42.35.5791312","bucket":"43","time":1569003256022,"group":{"id":"productivity","version":"11"},"event":{"count":1,"data":{"created":1569003256022},"id":"editing.completion.basic"}}
{"recorder_version":"11","session":"4c669cef8b87","build":"191.8026.42.35.5791312","bucket":"43","time":1569003256716,"group":{"id":"actions","version":"11"},"event":{"count":1,"data":{"context_menu":false,"os":"Windows","created":1569003256716,"plugin_type":"PLATFORM","project":"a044dde8734413f40b8de81a41d44a733079f70ea46f72eca24629031a6cc0a8","place":"MainMenu","input_event":"Right"},"id":"EditorRight"}}
{"recorder_version":"11","session":"4c669cef8b87","build":"191.8026.42.35.5791312","bucket":"43","time":1569003257825,"group":{"id":"actions","version":"11"},"event":{"count":1,"data":{"context_menu":false,"os":"Windows","created":1569003257825,"plugin_type":"PLATFORM","project":"a044dde8734413f40b8de81a41d44a733079f70ea46f72eca24629031a6cc0a8","place":"MainMenu","input_event":"Left"},"id":"EditorLeft"}}
{"recorder_version":"11","session":"4c669cef8b87","build":"191.8026.42.35.5791312","bucket":"43","time":1569003260303,"group":{"id":"performance","version":"11"},"event":{"count":1,"data":{"duration_ms":0,"created":1569003260303},"id":"ui.latency"}}
{"recorder_version":"11","session":"4c669cef8b87","build":"191.8026.42.35.5791312","bucket":"43","time":1569003319835,"group":{"id":"actions","version":"11"},"event":{"count":7,"data":{"context_menu":false,"os":"Windows","last":1569003320294,"created":1569003319835,"plugin_type":"PLATFORM","project":"a044dde8734413f40b8de81a41d44a733079f70ea46f72eca24629031a6cc0a8","place":"MainMenu","input_event":"Right"},"id":"EditorRight"}}
{"recorder_version":"11","session":"4c669cef8b87","build":"191.8026.42.35.5791312","bucket":"43","time":1569003324937,"group":{"id":"actions","version":"11"},"event":{"count":1,"data":{"context_menu":false,"os":"Windows","created":1569003324937,"plugin_type":"PLATFORM","project":"a044dde8734413f40b8de81a41d44a733079f70ea46f72eca24629031a6cc0a8","place":"MainMenu","input_event":"Enter"},"id":"EditorEnter"}}
{"recorder_version":"11","session":"4c669cef8b87","build":"191.8026.42.35.5791312","bucket":"43","time":1569003324937,"group":{"id":"file.types.usage","version":"11"},"event":{"count":1,"data":{"created":1569003324937,"plugin_type":"PLATFORM","project":"a044dde8734413f40b8de81a41d44a733079f70ea46f72eca24629031a6cc0a8","type":"edit"},"id":"JAVA"}}
{"recorder_version":"11","session":"4c669cef8b87","build":"191.8026.42.35.5791312","bucket":"43","time":1569003328040,"group":{"id":"actions","version":"11"},"event":{"count":1,"data":{"context_menu":false,"os":"Windows","created":1569003328040,"plugin_type":"PLATFORM","project":"a044dde8734413f40b8de81a41d44a733079f70ea46f72eca24629031a6cc0a8","place":"MainMenu","input_event":"Enter"},"id":"EditorChooseLookupItem"}}
{"recorder_version":"11","session":"4c669cef8b87","build":"191.8026.42.35.5791312","bucket":"43","time":1569003328049,"group":{"id":"productivity","version":"11"},"event":{"count":1,"data":{"created":1569003328049},"id":"editing.completion.basic"}}
{"recorder_version":"11","session":"4c669cef8b87","build":"191.8026.42.35.5791312","bucket":"43","time":1569003360401,"group":{"id":"performance","version":"11"},"event":{"count":1,"data":{"duration_ms":0,"created":1569003360401},"id":"ui.latency"}}
{"recorder_version":"11","session":"4c669cef8b87","build":"191.8026.42.35.5791312","bucket":"43","time":1569003460489,"group":{"id":"performance","version":"11"},"event":{"count":1,"data":{"duration_ms":0,"created":1569003460489},"id":"ui.latency"}}
{"recorder_version":"11","session":"4c669cef8b87","build":"191.8026.42.35.5791312","bucket":"43","time":1569003560602,"group":{"id":"performance","version":"11"},"event":{"count":1,"data":{"duration_ms":0,"created":1569003560602},"id":"ui.latency"}}
{"recorder_version":"11","session":"4c669cef8b87","build":"191.8026.42.35.5791312","bucket":"43","time":1569003660711,"group":{"id":"performance","version":"11"},"event":{"count":1,"data":{"duration_ms":0,"created":1569003660711},"id":"ui.latency"}}
{"recorder_version":"11","session":"4c669cef8b87","build":"191.8026.42.35.5791312","bucket":"43","time":1569003760794,"group":{"id":"performance","version":"11"},"event":{"count":1,"data":{"duration_ms":0,"created":1569003760794},"id":"ui.latency"}}
{"recorder_version":"11","session":"4c669cef8b87","build":"191.8026.42.35.5791312","bucket":"43","time":1569003860876,"group":{"id":"performance","version":"11"},"event":{"count":1,"data":{"duration_ms":0,"created":1569003860876},"id":"ui.latency"}}
{"recorder_version":"11","session":"4c669cef8b87","build":"191.8026.42.35.5791312","bucket":"43","time":1569003960977,"group":{"id":"performance","version":"11"},"event":{"count":1,"data":{"duration_ms":0,"created":1569003960977},"id":"ui.latency"}}
{"recorder_version":"11","session":"4c669cef8b87","build":"191.8026.42.35.5791312","bucket":"43","time":1569004061064,"group":{"id":"performance","version":"11"},"event":{"count":1,"data":{"duration_ms":0,"created":1569004061064},"id":"ui.latency"}}
{"recorder_version":"11","session":"4c669cef8b87","build":"191.8026.42.35.5791312","bucket":"43","time":1569004161144,"group":{"id":"performance","version":"11"},"event":{"count":1,"data":{"duration_ms":0,"created":1569004161144},"id":"ui.latency"}}
{"recorder_version":"11","session":"4c669cef8b87","build":"191.8026.42.35.5791312","bucket":"43","time":1569004261243,"group":{"id":"performance","version":"11"},"event":{"count":1,"data":{"duration_ms":0,"created":1569004261243},"id":"ui.latency"}}
{"recorder_version":"11","session":"4c669cef8b87","build":"191.8026.42.35.5791312","bucket":"43","time":1569004361339,"group":{"id":"performance","version":"11"},"event":{"count":1,"data":{"duration_ms":0,"created":1569004361339},"id":"ui.latency"}}
{"recorder_version":"11","session":"4c669cef8b87","build":"191.8026.42.35.5791312","bucket":"43","time":1569004461434,"group":{"id":"performance","version":"11"},"event":{"count":1,"data":{"duration_ms":0,"created":1569004461434},"id":"ui.latency"}}
{"recorder_version":"11","session":"4c669cef8b87","build":"191.8026.42.35.5791312","bucket":"43","time":1569004561504,"group":{"id":"performance","version":"11"},"event":{"count":1,"data":{"duration_ms":0,"created":1569004561504},"id":"ui.latency"}}
{"recorder_version":"11","session":"4c669cef8b87","build":"191.8026.42.35.5791312","bucket":"43","time":1569004661590,"group":{"id":"performance","version":"11"},"event":{"count":1,"data":{"duration_ms":0,"created":1569004661590},"id":"ui.latency"}}
{"recorder_version":"11","session":"4c669cef8b87","build":"191.8026.42.35.5791312","bucket":"43","time":1569004761669,"group":{"id":"performance","version":"11"},"event":{"count":1,"data":{"duration_ms":0,"created":1569004761669},"id":"ui.latency"}}
{"recorder_version":"11","session":"4c669cef8b87","build":"191.8026.42.35.5791312","bucket":"43","time":1569004861755,"group":{"id":"performance","version":"11"},"event":{"count":1,"data":{"duration_ms":0,"created":1569004861755},"id":"ui.latency"}}
{"recorder_version":"11","session":"4c669cef8b87","build":"191.8026.42.35.5791312","bucket":"43","time":1569004961827,"group":{"id":"performance","version":"11"},"event":{"count":1,"data":{"duration_ms":0,"created":1569004961827},"id":"ui.latency"}}
{"recorder_version":"11","session":"4c669cef8b87","build":"191.8026.42.35.5791312","bucket":"43","time":1569005061910,"group":{"id":"performance","version":"11"},"event":{"count":1,"data":{"duration_ms":0,"created":1569005061910},"id":"ui.latency"}}
{"recorder_version":"11","session":"4c669cef8b87","build":"191.8026.42.35.5791312","bucket":"43","time":1569005161997,"group":{"id":"performance","version":"11"},"event":{"count":1,"data":{"duration_ms":0,"created":1569005161997},"id":"ui.latency"}}
{"recorder_version":"11","session":"4c669cef8b87","build":"191.8026.42.35.5791312","bucket":"43","time":1569005262093,"group":{"id":"performance","version":"11"},"event":{"count":1,"data":{"duration_ms":0,"created":1569005262093},"id":"ui.latency"}}
{"recorder_version":"11","session":"4c669cef8b87","build":"191.8026.42.35.5791312","bucket":"43","time":1569005362177,"group":{"id":"performance","version":"11"},"event":{"count":1,"data":{"duration_ms":0,"created":1569005362177},"id":"ui.latency"}}
{"recorder_version":"11","session":"4c669cef8b87","build":"191.8026.42.35.5791312","bucket":"43","time":1569005462269,"group":{"id":"performance","version":"11"},"event":{"count":1,"data":{"duration_ms":0,"created":1569005462269},"id":"ui.latency"}}
{"recorder_version":"11","session":"4c669cef8b87","build":"191.8026.42.35.5791312","bucket":"43","time":1569005562359,"group":{"id":"performance","version":"11"},"event":{"count":1,"data":{"duration_ms":0,"created":1569005562359},"id":"ui.latency"}}
{"recorder_version":"11","session":"4c669cef8b87","build":"191.8026.42.35.5791312","bucket":"43","time":1569005662480,"group":{"id":"performance","version":"11"},"event":{"count":1,"data":{"duration_ms":0,"created":1569005662480},"id":"ui.latency"}}
{"recorder_version":"11","session":"4c669cef8b87","build":"191.8026.42.35.5791312","bucket":"43","time":1569005762564,"group":{"id":"performance","version":"11"},"event":{"count":1,"data":{"duration_ms":0,"created":1569005762564},"id":"ui.latency"}}
{"recorder_version":"11","session":"4c669cef8b87","build":"191.8026.42.35.5791312","bucket":"43","time":1569005862678,"group":{"id":"performance","version":"11"},"event":{"count":1,"data":{"duration_ms":0,"created":1569005862678},"id":"ui.latency"}}
{"recorder_version":"11","session":"4c669cef8b87","build":"191.8026.42.35.5791312","bucket":"43","time":1569005962789,"group":{"id":"performance","version":"11"},"event":{"count":1,"data":{"duration_ms":0,"created":1569005962789},"id":"ui.latency"}}
{"recorder_version":"11","session":"4c669cef8b87","build":"191.8026.42.35.5791312","bucket":"43","time":1569006062902,"group":{"id":"performance","version":"11"},"event":{"count":1,"data":{"duration_ms":0,"created":1569006062902},"id":"ui.latency"}}
{"recorder_version":"11","session":"4c669cef8b87","build":"191.8026.42.35.5791312","bucket":"43","time":1569006163008,"group":{"id":"performance","version":"11"},"event":{"count":1,"data":{"duration_ms":0,"created":1569006163008},"id":"ui.latency"}}
{"recorder_version":"11","session":"4c669cef8b87","build":"191.8026.42.35.5791312","bucket":"43","time":1569006263144,"group":{"id":"performance","version":"11"},"event":{"count":1,"data":{"duration_ms":0,"created":1569006263144},"id":"ui.latency"}}
{"recorder_version":"11","session":"4c669cef8b87","build":"191.8026.42.35.5791312","bucket":"43","time":1569006363233,"group":{"id":"performance","version":"11"},"event":{"count":1,"data":{"duration_ms":0,"created":1569006363233},"id":"ui.latency"}}
{"recorder_version":"11","session":"4c669cef8b87","build":"191.8026.42.35.5791312","bucket":"43","time":1569006463331,"group":{"id":"performance","version":"11"},"event":{"count":1,"data":{"duration_ms":0,"created":1569006463331},"id":"ui.latency"}}
{"recorder_version":"11","session":"4c669cef8b87","build":"191.8026.42.35.5791312","bucket":"43","time":1569006563428,"group":{"id":"performance","version":"11"},"event":{"count":1,"data":{"duration_ms":0,"created":1569006563428},"id":"ui.latency"}}
{"recorder_version":"11","session":"4c669cef8b87","build":"191.8026.42.35.5791312","bucket":"43","time":1569006663572,"group":{"id":"performance","version":"11"},"event":{"count":1,"data":{"duration_ms":0,"created":1569006663572},"id":"ui.latency"}}
{"recorder_version":"11","session":"4c669cef8b87","build":"191.8026.42.35.5791312","bucket":"43","time":1569006763656,"group":{"id":"performance","version":"11"},"event":{"count":1,"data":{"duration_ms":0,"created":1569006763656},"id":"ui.latency"}}
{"recorder_version":"11","session":"4c669cef8b87","build":"191.8026.42.35.5791312","bucket":"43","time":1569006863745,"group":{"id":"performance","version":"11"},"event":{"count":1,"data":{"duration_ms":0,"created":1569006863745},"id":"ui.latency"}}
{"recorder_version":"11","session":"4c669cef8b87","build":"191.8026.42.35.5791312","bucket":"43","time":1569006963843,"group":{"id":"performance","version":"11"},"event":{"count":1,"data":{"duration_ms":0,"created":1569006963843},"id":"ui.latency"}}
{"recorder_version":"11","session":"4c669cef8b87","build":"191.8026.42.35.5791312","bucket":"43","time":1569007063942,"group":{"id":"performance","version":"11"},"event":{"count":1,"data":{"duration_ms":0,"created":1569007063942},"id":"ui.latency"}}
{"recorder_version":"11","session":"4c669cef8b87","build":"191.8026.42.35.5791312","bucket":"43","time":1569007164037,"group":{"id":"performance","version":"11"},"event":{"count":1,"data":{"duration_ms":0,"created":1569007164037},"id":"ui.latency"}}
{"recorder_version":"11","session":"4c669cef8b87","build":"191.8026.42.35.5791312","bucket":"43","time":1569007264134,"group":{"id":"performance","version":"11"},"event":{"count":1,"data":{"duration_ms":0,"created":1569007264134},"id":"ui.latency"}}
{"recorder_version":"11","session":"4c669cef8b87","build":"191.8026.42.35.5791312","bucket":"43","time":1569007364231,"group":{"id":"performance","version":"11"},"event":{"count":1,"data":{"duration_ms":0,"created":1569007364231},"id":"ui.latency"}}
{"recorder_version":"11","session":"4c669cef8b87","build":"191.8026.42.35.5791312","bucket":"43","time":1569007464335,"group":{"id":"performance","version":"11"},"event":{"count":1,"data":{"duration_ms":0,"created":1569007464335},"id":"ui.latency"}}
{"recorder_version":"11","session":"4c669cef8b87","build":"191.8026.42.35.5791312","bucket":"43","time":1569007564438,"group":{"id":"performance","version":"11"},"event":{"count":1,"data":{"duration_ms":0,"created":1569007564438},"id":"ui.latency"}}
{"recorder_version":"11","session":"4c669cef8b87","build":"191.8026.42.35.5791312","bucket":"43","time":1569007664530,"group":{"id":"performance","version":"11"},"event":{"count":1,"data":{"duration_ms":0,"created":1569007664530},"id":"ui.latency"}}
{"recorder_version":"11","session":"4c669cef8b87","build":"191.8026.42.35.5791312","bucket":"43","time":1569018476772,"group":{"id":"performance","version":"11"},"event":{"count":1,"data":{"duration_ms":1,"created":1569018476772},"id":"ui.latency"}}
{"recorder_version":"11","session":"4c669cef8b87","build":"191.8026.42.35.5791312","bucket":"43","time":1569041295508,"group":{"id":"performance","version":"11"},"event":{"count":1,"data":{"duration_ms":3,"created":1569041295509},"id":"ui.latency"}}
{"recorder_version":"11","session":"4c669cef8b87","build":"191.8026.42.35.5791312","bucket":"43","time":1569041312014,"group":{"id":"lifecycle","version":"11"},"event":{"count":1,"data":{"restart":false,"created":1569041312014},"id":"ide.close"}}
{"recorder_version":"11","session":"4c669cef8b87","build":"191.8026.42.35.5791312","bucket":"43","time":1569041312428,"group":{"id":"lifecycle","version":"11"},"event":{"count":1,"data":{"created":1569041312428,"project":"a044dde8734413f40b8de81a41d44a733079f70ea46f72eca24629031a6cc0a8"},"id":"project.closed"}}
