{"recorder_version":"11","session":"22f29f6ec080","build":"191.8026.42.35.5791312","bucket":"43","time":1568965459265,"group":{"id":"settings","version":"2"},"event":{"state":true,"data":{"created":1568965459265,"invoked":true},"id":"NotRoamableUiSettings"}}
{"recorder_version":"11","session":"22f29f6ec080","build":"191.8026.42.35.5791312","bucket":"43","time":1568965459275,"group":{"id":"system.os","version":"1"},"event":{"state":true,"data":{"created":1568965459283,"version":"10.0"},"id":"Windows"}}
{"recorder_version":"11","session":"22f29f6ec080","build":"191.8026.42.35.5791312","bucket":"43","time":1568965459275,"group":{"id":"system.os","version":"1"},"event":{"state":true,"data":{"created":1568965459294},"id":"invoked"}}
{"recorder_version":"11","session":"22f29f6ec080","build":"191.8026.42.35.5791312","bucket":"43","time":1568965459276,"group":{"id":"system.java","version":"1"},"event":{"state":true,"data":{"created":1568965459294,"version":"1.8"},"id":"JetBrains"}}
{"recorder_version":"11","session":"22f29f6ec080","build":"191.8026.42.35.5791312","bucket":"43","time":1568965459276,"group":{"id":"system.java","version":"1"},"event":{"state":true,"data":{"created":1568965459296},"id":"invoked"}}
{"recorder_version":"11","session":"22f29f6ec080","build":"191.8026.42.35.5791312","bucket":"43","time":1568965459285,"group":{"id":"settings","version":"2"},"event":{"state":true,"data":{"default":false,"created":1568965459297,"name":"overrideLafFonts","value":true},"id":"UISettings"}}
{"recorder_version":"11","session":"22f29f6ec080","build":"191.8026.42.35.5791312","bucket":"43","time":1568965459285,"group":{"id":"settings","version":"2"},"event":{"state":true,"data":{"created":1568965459298,"invoked":true},"id":"UISettings"}}
{"recorder_version":"11","session":"22f29f6ec080","build":"191.8026.42.35.5791312","bucket":"43","time":1568965460613,"group":{"id":"settings","version":"2"},"event":{"state":true,"data":{"default":false,"created":1568965460613,"name":"confirmExit","value":false},"id":"GeneralSettings"}}
{"recorder_version":"11","session":"22f29f6ec080","build":"191.8026.42.35.5791312","bucket":"43","time":1568965460613,"group":{"id":"settings","version":"2"},"event":{"state":true,"data":{"created":1568965460613,"invoked":true},"id":"GeneralSettings"}}
{"recorder_version":"11","session":"22f29f6ec080","build":"191.8026.42.35.5791312","bucket":"43","time":1568965465115,"group":{"id":"performance","version":"11"},"event":{"count":1,"data":{"duration_ms":3770,"created":1568965465115},"id":"ui.latency"}}
{"recorder_version":"11","session":"22f29f6ec080","build":"191.8026.42.35.5791312","bucket":"43","time":1568965465115,"group":{"id":"performance","version":"11"},"event":{"count":1,"data":{"duration_ms":3770,"created":1568965465116},"id":"ui.lagging"}}
{"recorder_version":"11","session":"22f29f6ec080","build":"191.8026.42.35.5791312","bucket":"43","time":1568965465115,"group":{"id":"performance","version":"11"},"event":{"count":1,"data":{"duration_ms":2769,"created":1568965465116},"id":"ui.lagging"}}
{"recorder_version":"11","session":"22f29f6ec080","build":"191.8026.42.35.5791312","bucket":"43","time":1568965465116,"group":{"id":"performance","version":"11"},"event":{"count":1,"data":{"duration_ms":1769,"created":1568965465117},"id":"ui.lagging"}}
{"recorder_version":"11","session":"22f29f6ec080","build":"191.8026.42.35.5791312","bucket":"43","time":1568965465117,"group":{"id":"performance","version":"11"},"event":{"count":1,"data":{"duration_ms":769,"created":1568965465118},"id":"ui.lagging"}}
{"recorder_version":"11","session":"22f29f6ec080","build":"191.8026.42.35.5791312","bucket":"43","time":1568965465456,"group":{"id":"ui.dialogs","version":"11"},"event":{"count":1,"data":{"created":1568965465456,"plugin_type":"PLATFORM","type":"show"},"id":"com.intellij.openapi.progress.util.ProgressDialog$MyDialogWrapper"}}
{"recorder_version":"11","session":"22f29f6ec080","build":"191.8026.42.35.5791312","bucket":"43","time":1568965467593,"group":{"id":"ui.dialogs","version":"11"},"event":{"count":1,"data":{"code":1,"created":1568965467594,"plugin_type":"PLATFORM","type":"close"},"id":"com.intellij.openapi.progress.util.ProgressDialog$MyDialogWrapper"}}
{"recorder_version":"11","session":"22f29f6ec080","build":"191.8026.42.35.5791312","bucket":"43","time":1568965467612,"group":{"id":"lifecycle","version":"11"},"event":{"count":1,"data":{"created":1568965467612,"project":"5fcad2f2aae30d88f657c4b632973cfacda081c8e4b83d57dc51c5cbce0e65c1"},"id":"project.opened"}}
{"recorder_version":"11","session":"22f29f6ec080","build":"191.8026.42.35.5791312","bucket":"43","time":1568965471371,"group":{"id":"performance","version":"11"},"event":{"count":1,"data":{"duration_ms":3008,"created":1568965471371},"id":"ui.lagging"}}
{"recorder_version":"11","session":"22f29f6ec080","build":"191.8026.42.35.5791312","bucket":"43","time":1568965471373,"group":{"id":"performance","version":"11"},"event":{"count":1,"data":{"duration_ms":2007,"created":1568965471373},"id":"ui.lagging"}}
{"recorder_version":"11","session":"22f29f6ec080","build":"191.8026.42.35.5791312","bucket":"43","time":1568965471373,"group":{"id":"performance","version":"11"},"event":{"count":1,"data":{"duration_ms":988,"created":1568965471373},"id":"ui.lagging"}}
{"recorder_version":"11","session":"22f29f6ec080","build":"191.8026.42.35.5791312","bucket":"43","time":1568965471417,"group":{"id":"ui.dialogs","version":"11"},"event":{"count":1,"data":{"created":1568965471417,"plugin_type":"PLATFORM","type":"show"},"id":"com.intellij.openapi.progress.util.ProgressDialog$MyDialogWrapper"}}
{"recorder_version":"11","session":"22f29f6ec080","build":"191.8026.42.35.5791312","bucket":"43","time":1568965474812,"group":{"id":"lifecycle","version":"11"},"event":{"count":1,"data":{"eap":false,"created":1568965474812},"id":"ide.start"}}
{"recorder_version":"11","session":"22f29f6ec080","build":"191.8026.42.35.5791312","bucket":"43","time":1568965475219,"group":{"id":"toolwindow","version":"11"},"event":{"count":1,"data":{"os":"Windows","created":1568965475219,"plugin_type":"PLATFORM"},"id":"Project"}}
{"recorder_version":"11","session":"22f29f6ec080","build":"191.8026.42.35.5791312","bucket":"43","time":1568965475759,"group":{"id":"performance","version":"11"},"event":{"count":1,"data":{"duration_ms":1366,"created":1568965475761},"id":"ui.lagging"}}
{"recorder_version":"11","session":"22f29f6ec080","build":"191.8026.42.35.5791312","bucket":"43","time":1568965475774,"group":{"id":"performance","version":"11"},"event":{"count":1,"data":{"duration_ms":381,"created":1568965475774},"id":"ui.lagging"}}
{"recorder_version":"11","session":"22f29f6ec080","build":"191.8026.42.35.5791312","bucket":"43","time":1568965475926,"group":{"id":"ui.tips","version":"1"},"event":{"count":1,"data":{"created":1568965475926},"id":"shown.automatically"}}
{"recorder_version":"11","session":"22f29f6ec080","build":"191.8026.42.35.5791312","bucket":"43","time":1568965475988,"group":{"id":"ui.dialogs","version":"11"},"event":{"count":1,"data":{"created":1568965475988,"plugin_type":"PLATFORM","type":"show"},"id":"com.intellij.ide.util.TipDialog"}}
{"recorder_version":"11","session":"22f29f6ec080","build":"191.8026.42.35.5791312","bucket":"43","time":1568965476121,"group":{"id":"project.fs","version":"1"},"event":{"state":true,"data":{"os":"Windows","cs-project":false,"created":1568965476121,"project":"5fcad2f2aae30d88f657c4b632973cfacda081c8e4b83d57dc51c5cbce0e65c1","cs-implicit":true,"cs-system":false},"id":"case-sensitivity"}}
{"recorder_version":"11","session":"22f29f6ec080","build":"191.8026.42.35.5791312","bucket":"43","time":1568965476121,"group":{"id":"project.fs","version":"1"},"event":{"state":true,"data":{"created":1568965476122},"id":"invoked"}}
{"recorder_version":"11","session":"22f29f6ec080","build":"191.8026.42.35.5791312","bucket":"43","time":1568965476126,"group":{"id":"project.fs","version":"1"},"event":{"state":true,"data":{"pct-non-watched":0,"created":1568965476126,"project":"5fcad2f2aae30d88f657c4b632973cfacda081c8e4b83d57dc51c5cbce0e65c1"},"id":"roots-watched"}}
{"recorder_version":"11","session":"22f29f6ec080","build":"191.8026.42.35.5791312","bucket":"43","time":1568965476126,"group":{"id":"project.fs","version":"1"},"event":{"state":true,"data":{"created":1568965476126},"id":"invoked"}}
{"recorder_version":"11","session":"22f29f6ec080","build":"191.8026.42.35.5791312","bucket":"43","time":1568965476519,"group":{"id":"performance","version":"11"},"event":{"count":1,"data":{"duration_ms":126,"created":1568965476519},"id":"ui.lagging"}}
{"recorder_version":"11","session":"22f29f6ec080","build":"191.8026.42.35.5791312","bucket":"43","time":1568965476571,"group":{"id":"ui.dialogs","version":"11"},"event":{"count":1,"data":{"code":1,"created":1568965476571,"plugin_type":"PLATFORM","type":"close"},"id":"com.intellij.openapi.progress.util.ProgressDialog$MyDialogWrapper"}}
{"recorder_version":"11","session":"22f29f6ec080","build":"191.8026.42.35.5791312","bucket":"43","time":1568965476713,"group":{"id":"lifecycle","version":"11"},"event":{"count":1,"data":{"created":1568965476713,"time_ms":11723,"project":"5fcad2f2aae30d88f657c4b632973cfacda081c8e4b83d57dc51c5cbce0e65c1"},"id":"project.opening.finished"}}
{"recorder_version":"11","session":"22f29f6ec080","build":"191.8026.42.35.5791312","bucket":"43","time":1568965481707,"group":{"id":"ui.dialogs","version":"11"},"event":{"count":1,"data":{"code":1,"created":1568965481707,"plugin_type":"PLATFORM","type":"close"},"id":"com.intellij.ide.util.TipDialog"}}
{"recorder_version":"11","session":"22f29f6ec080","build":"191.8026.42.35.5791312","bucket":"43","time":1568965490959,"group":{"id":"actions","version":"11"},"event":{"count":1,"data":{"context_menu":true,"os":"Windows","created":1568965490959,"plugin_type":"NOT_LISTED","project":"5fcad2f2aae30d88f657c4b632973cfacda081c8e4b83d57dc51c5cbce0e65c1","place":"MainMenu","input_event":"MouseLeft"},"id":"third.party"}}
{"recorder_version":"11","session":"22f29f6ec080","build":"191.8026.42.35.5791312","bucket":"43","time":1568965491289,"group":{"id":"ui.dialogs","version":"11"},"event":{"count":1,"data":{"created":1568965491289,"plugin_type":"NOT_LISTED","type":"show"},"id":"third.party"}}
{"recorder_version":"11","session":"22f29f6ec080","build":"191.8026.42.35.5791312","bucket":"43","time":1568965491645,"group":{"id":"performance","version":"11"},"event":{"count":1,"data":{"duration_ms":215,"created":1568965491645},"id":"ui.lagging"}}
{"recorder_version":"11","session":"22f29f6ec080","build":"191.8026.42.35.5791312","bucket":"43","time":1568965499114,"group":{"id":"performance","version":"11"},"event":{"count":1,"data":{"duration_ms":2682,"created":1568965499115},"id":"ui.lagging"}}
{"recorder_version":"11","session":"22f29f6ec080","build":"191.8026.42.35.5791312","bucket":"43","time":1568965499114,"group":{"id":"performance","version":"11"},"event":{"count":1,"data":{"duration_ms":1675,"created":1568965499116},"id":"ui.lagging"}}
{"recorder_version":"11","session":"22f29f6ec080","build":"191.8026.42.35.5791312","bucket":"43","time":1568965499115,"group":{"id":"performance","version":"11"},"event":{"count":1,"data":{"duration_ms":673,"created":1568965499116},"id":"ui.lagging"}}
{"recorder_version":"11","session":"22f29f6ec080","build":"191.8026.42.35.5791312","bucket":"43","time":1568965509980,"group":{"id":"actions","version":"11"},"event":{"count":18,"data":{"context_menu":false,"os":"Windows","last":1568965510909,"created":1568965509980,"plugin_type":"PLATFORM","project":"5fcad2f2aae30d88f657c4b632973cfacda081c8e4b83d57dc51c5cbce0e65c1","place":"MainMenu","input_event":"Backspace"},"id":"EditorBackSpace"}}
{"recorder_version":"11","session":"22f29f6ec080","build":"191.8026.42.35.5791312","bucket":"43","time":1568965523601,"group":{"id":"ui.dialogs","version":"11"},"event":{"count":1,"data":{"code":0,"created":1568965523601,"plugin_type":"NOT_LISTED","type":"close"},"id":"third.party"}}
{"recorder_version":"11","session":"22f29f6ec080","build":"191.8026.42.35.5791312","bucket":"43","time":1568965523627,"group":{"id":"performance","version":"11"},"event":{"count":1,"data":{"duration_ms":1114,"created":1568965523627},"id":"ui.lagging"}}
{"recorder_version":"11","session":"22f29f6ec080","build":"191.8026.42.35.5791312","bucket":"43","time":1568965523627,"group":{"id":"performance","version":"11"},"event":{"count":1,"data":{"duration_ms":114,"created":1568965523628},"id":"ui.lagging"}}
{"recorder_version":"11","session":"22f29f6ec080","build":"191.8026.42.35.5791312","bucket":"43","time":1568965523924,"group":{"id":"lifecycle","version":"11"},"event":{"count":1,"data":{"created":1568965523924,"project":"a044dde8734413f40b8de81a41d44a733079f70ea46f72eca24629031a6cc0a8"},"id":"project.opened"}}
{"recorder_version":"11","session":"22f29f6ec080","build":"191.8026.42.35.5791312","bucket":"43","time":1568965524217,"group":{"id":"ui.dialogs","version":"11"},"event":{"count":1,"data":{"created":1568965524217,"plugin_type":"PLATFORM","type":"show"},"id":"com.intellij.openapi.progress.util.ProgressDialog$MyDialogWrapper"}}
{"recorder_version":"11","session":"22f29f6ec080","build":"191.8026.42.35.5791312","bucket":"43","time":1568965524750,"group":{"id":"performance","version":"11"},"event":{"count":1,"data":{"duration_ms":237,"created":1568965524750},"id":"ui.lagging"}}
{"recorder_version":"11","session":"22f29f6ec080","build":"191.8026.42.35.5791312","bucket":"43","time":1568965524805,"group":{"id":"toolwindow","version":"11"},"event":{"count":1,"data":{"os":"Windows","created":1568965524805,"plugin_type":"PLATFORM"},"id":"Project"}}
{"recorder_version":"11","session":"22f29f6ec080","build":"191.8026.42.35.5791312","bucket":"43","time":1568965524842,"group":{"id":"project.fs","version":"1"},"event":{"state":true,"data":{"os":"Windows","cs-project":false,"created":1568965524844,"project":"a044dde8734413f40b8de81a41d44a733079f70ea46f72eca24629031a6cc0a8","cs-implicit":true,"cs-system":false},"id":"case-sensitivity"}}
{"recorder_version":"11","session":"22f29f6ec080","build":"191.8026.42.35.5791312","bucket":"43","time":1568965524842,"group":{"id":"project.fs","version":"1"},"event":{"state":true,"data":{"created":1568965524851},"id":"invoked"}}
{"recorder_version":"11","session":"22f29f6ec080","build":"191.8026.42.35.5791312","bucket":"43","time":1568965524865,"group":{"id":"project.fs","version":"1"},"event":{"state":true,"data":{"pct-non-watched":0,"created":1568965524865,"project":"a044dde8734413f40b8de81a41d44a733079f70ea46f72eca24629031a6cc0a8"},"id":"roots-watched"}}
{"recorder_version":"11","session":"22f29f6ec080","build":"191.8026.42.35.5791312","bucket":"43","time":1568965524865,"group":{"id":"project.fs","version":"1"},"event":{"state":true,"data":{"created":1568965524865},"id":"invoked"}}
{"recorder_version":"11","session":"22f29f6ec080","build":"191.8026.42.35.5791312","bucket":"43","time":1568965525045,"group":{"id":"ui.dialogs","version":"11"},"event":{"count":1,"data":{"code":1,"created":1568965525045,"plugin_type":"PLATFORM","type":"close"},"id":"com.intellij.openapi.progress.util.ProgressDialog$MyDialogWrapper"}}
{"recorder_version":"11","session":"22f29f6ec080","build":"191.8026.42.35.5791312","bucket":"43","time":1568965525365,"group":{"id":"lifecycle","version":"11"},"event":{"count":1,"data":{"created":1568965525365,"time_ms":3288,"project":"a044dde8734413f40b8de81a41d44a733079f70ea46f72eca24629031a6cc0a8"},"id":"project.opening.finished"}}
{"recorder_version":"11","session":"22f29f6ec080","build":"191.8026.42.35.5791312","bucket":"43","time":1568965548189,"group":{"id":"performance","version":"11"},"event":{"count":1,"data":{"duration_ms":653,"created":1568965548189},"id":"ui.lagging"}}
{"recorder_version":"11","session":"22f29f6ec080","build":"191.8026.42.35.5791312","bucket":"43","time":1568965551906,"group":{"id":"performance","version":"11"},"event":{"count":1,"data":{"duration_ms":2368,"created":1568965551906},"id":"ui.lagging"}}
{"recorder_version":"11","session":"22f29f6ec080","build":"191.8026.42.35.5791312","bucket":"43","time":1568965551906,"group":{"id":"performance","version":"11"},"event":{"count":1,"data":{"duration_ms":1368,"created":1568965551909},"id":"ui.lagging"}}
{"recorder_version":"11","session":"22f29f6ec080","build":"191.8026.42.35.5791312","bucket":"43","time":1568965551909,"group":{"id":"actions","version":"11"},"event":{"count":1,"data":{"context_menu":false,"os":"Windows","created":1568965551909,"plugin_type":"NOT_LISTED","project":"a044dde8734413f40b8de81a41d44a733079f70ea46f72eca24629031a6cc0a8","place":"NavBarToolbar","input_event":"MouseLeft"},"id":"third.party"}}
{"recorder_version":"11","session":"22f29f6ec080","build":"191.8026.42.35.5791312","bucket":"43","time":1568965551986,"group":{"id":"toolbar","version":"11"},"event":{"count":1,"data":{"os":"Windows","created":1568965551986,"plugin_type":"NOT_LISTED","place":"NavBarToolbar"},"id":"third.party"}}
{"recorder_version":"11","session":"22f29f6ec080","build":"191.8026.42.35.5791312","bucket":"43","time":1568965551989,"group":{"id":"performance","version":"11"},"event":{"count":1,"data":{"duration_ms":451,"created":1568965551991},"id":"ui.lagging"}}
{"recorder_version":"11","session":"22f29f6ec080","build":"191.8026.42.35.5791312","bucket":"43","time":1568965552955,"group":{"id":"performance","version":"11"},"event":{"count":1,"data":{"duration_ms":405,"created":1568965552955},"id":"ui.lagging"}}
{"recorder_version":"11","session":"22f29f6ec080","build":"191.8026.42.35.5791312","bucket":"43","time":1568965553048,"group":{"id":"file.types.usage","version":"11"},"event":{"count":1,"data":{"created":1568965553048,"plugin_type":"PLATFORM","project":"a044dde8734413f40b8de81a41d44a733079f70ea46f72eca24629031a6cc0a8","type":"open"},"id":"XML"}}
{"recorder_version":"11","session":"22f29f6ec080","build":"191.8026.42.35.5791312","bucket":"43","time":1568965553086,"group":{"id":"file.types.usage","version":"11"},"event":{"count":1,"data":{"created":1568965553086,"plugin_type":"PLATFORM","project":"a044dde8734413f40b8de81a41d44a733079f70ea46f72eca24629031a6cc0a8","type":"open"},"id":"JAVA"}}
{"recorder_version":"11","session":"22f29f6ec080","build":"191.8026.42.35.5791312","bucket":"43","time":1568965554527,"group":{"id":"ui.dialogs","version":"11"},"event":{"count":1,"data":{"created":1568965554527,"plugin_type":"PLATFORM","type":"show"},"id":"com.intellij.openapi.progress.util.ProgressDialog$MyDialogWrapper"}}
{"recorder_version":"11","session":"22f29f6ec080","build":"191.8026.42.35.5791312","bucket":"43","time":1568965557956,"group":{"id":"performance","version":"11"},"event":{"count":1,"data":{"duration_ms":400,"created":1568965557957},"id":"ui.lagging"}}
{"recorder_version":"11","session":"22f29f6ec080","build":"191.8026.42.35.5791312","bucket":"43","time":1568965565563,"group":{"id":"performance","version":"11"},"event":{"count":1,"data":{"duration_ms":0,"created":1568965565563},"id":"ui.latency"}}
{"recorder_version":"11","session":"22f29f6ec080","build":"191.8026.42.35.5791312","bucket":"43","time":1568965631047,"group":{"id":"ui.dialogs","version":"11"},"event":{"count":1,"data":{"code":1,"created":1568965631047,"plugin_type":"PLATFORM","type":"close"},"id":"com.intellij.openapi.progress.util.ProgressDialog$MyDialogWrapper"}}
{"recorder_version":"11","session":"22f29f6ec080","build":"191.8026.42.35.5791312","bucket":"43","time":1568965638951,"group":{"id":"performance","version":"11"},"event":{"count":1,"data":{"duration_ms":284,"created":1568965638953},"id":"ui.lagging"}}
{"recorder_version":"11","session":"22f29f6ec080","build":"191.8026.42.35.5791312","bucket":"43","time":1568965665710,"group":{"id":"performance","version":"11"},"event":{"count":1,"data":{"duration_ms":0,"created":1568965665710},"id":"ui.latency"}}
{"recorder_version":"11","session":"22f29f6ec080","build":"191.8026.42.35.5791312","bucket":"43","time":1568965765116,"group":{"id":"build.tools.actions","version":"1"},"event":{"count":1,"data":{"created":1568965765116},"id":"registered"}}
{"recorder_version":"11","session":"22f29f6ec080","build":"191.8026.42.35.5791312","bucket":"43","time":1568965765116,"group":{"id":"file.types.usage","version":"11"},"event":{"count":1,"data":{"created":1568965765117},"id":"registered"}}
{"recorder_version":"11","session":"22f29f6ec080","build":"191.8026.42.35.5791312","bucket":"43","time":1568965765116,"group":{"id":"actions.runAnything","version":"1"},"event":{"count":1,"data":{"created":1568965765117},"id":"registered"}}
{"recorder_version":"11","session":"22f29f6ec080","build":"191.8026.42.35.5791312","bucket":"43","time":1568965765116,"group":{"id":"toolwindow","version":"11"},"event":{"count":1,"data":{"created":1568965765118},"id":"registered"}}
{"recorder_version":"11","session":"22f29f6ec080","build":"191.8026.42.35.5791312","bucket":"43","time":1568965765116,"group":{"id":"live.templates","version":"11"},"event":{"count":1,"data":{"created":1568965765118},"id":"registered"}}
{"recorder_version":"11","session":"22f29f6ec080","build":"191.8026.42.35.5791312","bucket":"43","time":1568965765116,"group":{"id":"ide.self.update","version":"1"},"event":{"count":1,"data":{"created":1568965765118},"id":"registered"}}
{"recorder_version":"11","session":"22f29f6ec080","build":"191.8026.42.35.5791312","bucket":"43","time":1568965765116,"group":{"id":"cidr.testingFrameworks.usages","version":"1"},"event":{"count":1,"data":{"created":1568965765118},"id":"registered"}}
{"recorder_version":"11","session":"22f29f6ec080","build":"191.8026.42.35.5791312","bucket":"43","time":1568965765116,"group":{"id":"lifecycle","version":"11"},"event":{"count":1,"data":{"created":1568965765118},"id":"registered"}}
{"recorder_version":"11","session":"22f29f6ec080","build":"191.8026.42.35.5791312","bucket":"43","time":1568965765116,"group":{"id":"vcs.diff.trigger","version":"1"},"event":{"count":1,"data":{"created":1568965765119},"id":"registered"}}
{"recorder_version":"11","session":"22f29f6ec080","build":"191.8026.42.35.5791312","bucket":"43","time":1568965765116,"group":{"id":"vcs.log.trigger","version":"1"},"event":{"count":1,"data":{"created":1568965765120},"id":"registered"}}
{"recorder_version":"11","session":"22f29f6ec080","build":"191.8026.42.35.5791312","bucket":"43","time":1568965765116,"group":{"id":"productivity","version":"11"},"event":{"count":1,"data":{"created":1568965765120},"id":"registered"}}
{"recorder_version":"11","session":"22f29f6ec080","build":"191.8026.42.35.5791312","bucket":"43","time":1568965765116,"group":{"id":"debugger.breakpoints.usage","version":"1"},"event":{"count":1,"data":{"created":1568965765121},"id":"registered"}}
{"recorder_version":"11","session":"22f29f6ec080","build":"191.8026.42.35.5791312","bucket":"43","time":1568965765116,"group":{"id":"oc","version":"1"},"event":{"count":1,"data":{"created":1568965765121},"id":"registered"}}
{"recorder_version":"11","session":"22f29f6ec080","build":"191.8026.42.35.5791312","bucket":"43","time":1568965765116,"group":{"id":"intentions","version":"11"},"event":{"count":1,"data":{"created":1568965765121},"id":"registered"}}
{"recorder_version":"11","session":"22f29f6ec080","build":"191.8026.42.35.5791312","bucket":"43","time":1568965765116,"group":{"id":"ui.dialogs","version":"11"},"event":{"count":1,"data":{"created":1568965765122},"id":"registered"}}
{"recorder_version":"11","session":"22f29f6ec080","build":"191.8026.42.35.5791312","bucket":"43","time":1568965765116,"group":{"id":"vcs.back.forward.trigger","version":"1"},"event":{"count":1,"data":{"created":1568965765122},"id":"registered"}}
{"recorder_version":"11","session":"22f29f6ec080","build":"191.8026.42.35.5791312","bucket":"43","time":1568965765116,"group":{"id":"toolbar","version":"11"},"event":{"count":1,"data":{"created":1568965765122},"id":"registered"}}
{"recorder_version":"11","session":"22f29f6ec080","build":"191.8026.42.35.5791312","bucket":"43","time":1568965765116,"group":{"id":"build.gradle.actions","version":"1"},"event":{"count":1,"data":{"created":1568965765123},"id":"registered"}}
{"recorder_version":"11","session":"22f29f6ec080","build":"191.8026.42.35.5791312","bucket":"43","time":1568965765116,"group":{"id":"performance","version":"11"},"event":{"count":1,"data":{"created":1568965765123},"id":"registered"}}
{"recorder_version":"11","session":"22f29f6ec080","build":"191.8026.42.35.5791312","bucket":"43","time":1568965765116,"group":{"id":"searchEverywhere","version":"1"},"event":{"count":1,"data":{"created":1568965765124},"id":"registered"}}
{"recorder_version":"11","session":"22f29f6ec080","build":"191.8026.42.35.5791312","bucket":"43","time":1568965765116,"group":{"id":"ui.tips","version":"1"},"event":{"count":1,"data":{"created":1568965765124},"id":"registered"}}
{"recorder_version":"11","session":"22f29f6ec080","build":"191.8026.42.35.5791312","bucket":"43","time":1568965765116,"group":{"id":"import.old.config","version":"1"},"event":{"count":1,"data":{"created":1568965765124},"id":"registered"}}
{"recorder_version":"11","session":"22f29f6ec080","build":"191.8026.42.35.5791312","bucket":"43","time":1568965765116,"group":{"id":"json.schema","version":"1"},"event":{"count":1,"data":{"created":1568965765124},"id":"registered"}}
{"recorder_version":"11","session":"22f29f6ec080","build":"191.8026.42.35.5791312","bucket":"43","time":1568965765116,"group":{"id":"terminalShell","version":"1"},"event":{"count":1,"data":{"created":1568965765124},"id":"registered"}}
{"recorder_version":"11","session":"22f29f6ec080","build":"191.8026.42.35.5791312","bucket":"43","time":1568965765116,"group":{"id":"completion.postfix","version":"11"},"event":{"count":1,"data":{"created":1568965765124},"id":"registered"}}
{"recorder_version":"11","session":"22f29f6ec080","build":"191.8026.42.35.5791312","bucket":"43","time":1568965765116,"group":{"id":"actions","version":"11"},"event":{"count":1,"data":{"created":1568965765125},"id":"registered"}}
{"recorder_version":"11","session":"22f29f6ec080","build":"191.8026.42.35.5791312","bucket":"43","time":1568965765116,"group":{"id":"run.configuration.exec","version":"11"},"event":{"count":1,"data":{"created":1568965765125},"id":"registered"}}
{"recorder_version":"11","session":"22f29f6ec080","build":"191.8026.42.35.5791312","bucket":"43","time":1568965765811,"group":{"id":"performance","version":"11"},"event":{"count":1,"data":{"duration_ms":0,"created":1568965765811},"id":"ui.latency"}}
{"recorder_version":"11","session":"22f29f6ec080","build":"191.8026.42.35.5791312","bucket":"43","time":1568965865902,"group":{"id":"performance","version":"11"},"event":{"count":1,"data":{"duration_ms":0,"created":1568965865902},"id":"ui.latency"}}
{"recorder_version":"11","session":"22f29f6ec080","build":"191.8026.42.35.5791312","bucket":"43","time":1568976765566,"group":{"id":"performance","version":"11"},"event":{"count":1,"data":{"duration_ms":1,"created":1568976765566},"id":"ui.latency"}}
{"recorder_version":"11","session":"22f29f6ec080","build":"191.8026.42.35.5791312","bucket":"43","time":1568978600523,"group":{"id":"performance","version":"11"},"event":{"count":1,"data":{"duration_ms":0,"created":1568978600523},"id":"ui.latency"}}
{"recorder_version":"11","session":"22f29f6ec080","build":"191.8026.42.35.5791312","bucket":"43","time":1568978701035,"group":{"id":"performance","version":"11"},"event":{"count":1,"data":{"duration_ms":0,"created":1568978701035},"id":"ui.latency"}}
{"recorder_version":"11","session":"22f29f6ec080","build":"191.8026.42.35.5791312","bucket":"43","time":1568978801149,"group":{"id":"performance","version":"11"},"event":{"count":1,"data":{"duration_ms":0,"created":1568978801149},"id":"ui.latency"}}
{"recorder_version":"11","session":"22f29f6ec080","build":"191.8026.42.35.5791312","bucket":"43","time":1568978901255,"group":{"id":"performance","version":"11"},"event":{"count":1,"data":{"duration_ms":0,"created":1568978901255},"id":"ui.latency"}}
{"recorder_version":"11","session":"22f29f6ec080","build":"191.8026.42.35.5791312","bucket":"43","time":1568979001364,"group":{"id":"performance","version":"11"},"event":{"count":1,"data":{"duration_ms":0,"created":1568979001364},"id":"ui.latency"}}
{"recorder_version":"11","session":"22f29f6ec080","build":"191.8026.42.35.5791312","bucket":"43","time":1568979101475,"group":{"id":"performance","version":"11"},"event":{"count":1,"data":{"duration_ms":0,"created":1568979101475},"id":"ui.latency"}}
{"recorder_version":"11","session":"22f29f6ec080","build":"191.8026.42.35.5791312","bucket":"43","time":1568979201567,"group":{"id":"performance","version":"11"},"event":{"count":1,"data":{"duration_ms":0,"created":1568979201567},"id":"ui.latency"}}
{"recorder_version":"11","session":"22f29f6ec080","build":"191.8026.42.35.5791312","bucket":"43","time":1568979301671,"group":{"id":"performance","version":"11"},"event":{"count":1,"data":{"duration_ms":0,"created":1568979301671},"id":"ui.latency"}}
{"recorder_version":"11","session":"22f29f6ec080","build":"191.8026.42.35.5791312","bucket":"43","time":1568979401780,"group":{"id":"performance","version":"11"},"event":{"count":1,"data":{"duration_ms":0,"created":1568979401780},"id":"ui.latency"}}
{"recorder_version":"11","session":"22f29f6ec080","build":"191.8026.42.35.5791312","bucket":"43","time":1568979501910,"group":{"id":"performance","version":"11"},"event":{"count":1,"data":{"duration_ms":0,"created":1568979501910},"id":"ui.latency"}}
{"recorder_version":"11","session":"22f29f6ec080","build":"191.8026.42.35.5791312","bucket":"43","time":1568979602034,"group":{"id":"performance","version":"11"},"event":{"count":1,"data":{"duration_ms":0,"created":1568979602034},"id":"ui.latency"}}
{"recorder_version":"11","session":"22f29f6ec080","build":"191.8026.42.35.5791312","bucket":"43","time":1568979702145,"group":{"id":"performance","version":"11"},"event":{"count":1,"data":{"duration_ms":0,"created":1568979702145},"id":"ui.latency"}}
{"recorder_version":"11","session":"22f29f6ec080","build":"191.8026.42.35.5791312","bucket":"43","time":1568979802245,"group":{"id":"performance","version":"11"},"event":{"count":1,"data":{"duration_ms":0,"created":1568979802245},"id":"ui.latency"}}
{"recorder_version":"11","session":"22f29f6ec080","build":"191.8026.42.35.5791312","bucket":"43","time":1568979902345,"group":{"id":"performance","version":"11"},"event":{"count":1,"data":{"duration_ms":0,"created":1568979902345},"id":"ui.latency"}}
{"recorder_version":"11","session":"22f29f6ec080","build":"191.8026.42.35.5791312","bucket":"43","time":1568980002448,"group":{"id":"performance","version":"11"},"event":{"count":1,"data":{"duration_ms":0,"created":1568980002448},"id":"ui.latency"}}
{"recorder_version":"11","session":"22f29f6ec080","build":"191.8026.42.35.5791312","bucket":"43","time":1568980102548,"group":{"id":"performance","version":"11"},"event":{"count":1,"data":{"duration_ms":0,"created":1568980102548},"id":"ui.latency"}}
{"recorder_version":"11","session":"22f29f6ec080","build":"191.8026.42.35.5791312","bucket":"43","time":1568980202659,"group":{"id":"performance","version":"11"},"event":{"count":1,"data":{"duration_ms":0,"created":1568980202659},"id":"ui.latency"}}
{"recorder_version":"11","session":"22f29f6ec080","build":"191.8026.42.35.5791312","bucket":"43","time":1568980230993,"group":{"id":"lifecycle","version":"11"},"event":{"count":1,"data":{"created":1568980230993,"project":"5fcad2f2aae30d88f657c4b632973cfacda081c8e4b83d57dc51c5cbce0e65c1"},"id":"project.closed"}}
{"recorder_version":"11","session":"22f29f6ec080","build":"191.8026.42.35.5791312","bucket":"43","time":1568980232413,"group":{"id":"lifecycle","version":"11"},"event":{"count":1,"data":{"restart":false,"created":1568980232413},"id":"ide.close"}}
{"recorder_version":"11","session":"22f29f6ec080","build":"191.8026.42.35.5791312","bucket":"43","time":1568980232537,"group":{"id":"lifecycle","version":"11"},"event":{"count":1,"data":{"created":1568980232537,"project":"a044dde8734413f40b8de81a41d44a733079f70ea46f72eca24629031a6cc0a8"},"id":"project.closed"}}
